[Skip] TestRayServiceIncrementalUpgrade
[Skip] TestRayServiceIncrementalUpgradeRollback
[Info] Running: ../../rhoai/upstream/kuberay/ray-operator/test/e2erayservice/TestRayServiceAuthToken
[Pre] /Users/pawelpaszki/masters/gorts/scripts/cleanup_namespace.sh && kubectl exec -n default $(kubectl get pod -n default -l app.kubernetes.io/name=kuberay -o jsonpath='{.items[0].metadata.name}') -- sh -c 'rm -rf /coverage/*'
[Post] kubectl rollout restart deployment/kuberay-operator -n default && kubectl rollout status deployment/kuberay-operator -n default --timeout=120s && kubectl cp default/$(kubectl get pod -n default -l app.kubernetes.io/name=kuberay -o jsonpath='{.items[0].metadata.name}'):/coverage/. /Users/pawelpaszki/masters/gorts/rq2-experiments/kuberay/.cov/476c9021_911c3836/coverage/test_e2erayservice/TestRayServiceAuthToken
[Info] ../../rhoai/upstream/kuberay/ray-operator/test/e2erayservice/TestRayServiceAuthToken: pass (78668ms)
[Info] Running: ../../rhoai/upstream/kuberay/ray-operator/test/e2erayservice/TestStaticRayService
[Pre] /Users/pawelpaszki/masters/gorts/scripts/cleanup_namespace.sh && kubectl exec -n default $(kubectl get pod -n default -l app.kubernetes.io/name=kuberay -o jsonpath='{.items[0].metadata.name}') -- sh -c 'rm -rf /coverage/*'
[Post] kubectl rollout restart deployment/kuberay-operator -n default && kubectl rollout status deployment/kuberay-operator -n default --timeout=120s && kubectl cp default/$(kubectl get pod -n default -l app.kubernetes.io/name=kuberay -o jsonpath='{.items[0].metadata.name}'):/coverage/. /Users/pawelpaszki/masters/gorts/rq2-experiments/kuberay/.cov/476c9021_911c3836/coverage/test_e2erayservice/TestStaticRayService
[Info] ../../rhoai/upstream/kuberay/ray-operator/test/e2erayservice/TestStaticRayService: pass (281130ms)
[Info] Running: ../../rhoai/upstream/kuberay/ray-operator/test/e2erayservice/TestAutoscalingRayService
[Pre] /Users/pawelpaszki/masters/gorts/scripts/cleanup_namespace.sh && kubectl exec -n default $(kubectl get pod -n default -l app.kubernetes.io/name=kuberay -o jsonpath='{.items[0].metadata.name}') -- sh -c 'rm -rf /coverage/*'
[Post] kubectl rollout restart deployment/kuberay-operator -n default && kubectl rollout status deployment/kuberay-operator -n default --timeout=120s && kubectl cp default/$(kubectl get pod -n default -l app.kubernetes.io/name=kuberay -o jsonpath='{.items[0].metadata.name}'):/coverage/. /Users/pawelpaszki/masters/gorts/rq2-experiments/kuberay/.cov/476c9021_911c3836/coverage/test_e2erayservice/TestAutoscalingRayService
[Info] ../../rhoai/upstream/kuberay/ray-operator/test/e2erayservice/TestAutoscalingRayService: pass (291995ms)
[Info] Running: ../../rhoai/upstream/kuberay/ray-operator/test/e2erayservice/TestRayServiceZeroDowntimeUpgrade
[Pre] /Users/pawelpaszki/masters/gorts/scripts/cleanup_namespace.sh && kubectl exec -n default $(kubectl get pod -n default -l app.kubernetes.io/name=kuberay -o jsonpath='{.items[0].metadata.name}') -- sh -c 'rm -rf /coverage/*'
[Post] kubectl rollout restart deployment/kuberay-operator -n default && kubectl rollout status deployment/kuberay-operator -n default --timeout=120s && kubectl cp default/$(kubectl get pod -n default -l app.kubernetes.io/name=kuberay -o jsonpath='{.items[0].metadata.name}'):/coverage/. /Users/pawelpaszki/masters/gorts/rq2-experiments/kuberay/.cov/476c9021_911c3836/coverage/test_e2erayservice/TestRayServiceZeroDowntimeUpgrade
[Info] ../../rhoai/upstream/kuberay/ray-operator/test/e2erayservice/TestRayServiceZeroDowntimeUpgrade: pass (244790ms)
[Info] Running: ../../rhoai/upstream/kuberay/ray-operator/test/e2erayservice/TestRayServiceGCSFaultTolerance
[Pre] /Users/pawelpaszki/masters/gorts/scripts/cleanup_namespace.sh && kubectl exec -n default $(kubectl get pod -n default -l app.kubernetes.io/name=kuberay -o jsonpath='{.items[0].metadata.name}') -- sh -c 'rm -rf /coverage/*'
[Post] kubectl rollout restart deployment/kuberay-operator -n default && kubectl rollout status deployment/kuberay-operator -n default --timeout=120s && kubectl cp default/$(kubectl get pod -n default -l app.kubernetes.io/name=kuberay -o jsonpath='{.items[0].metadata.name}'):/coverage/. /Users/pawelpaszki/masters/gorts/rq2-experiments/kuberay/.cov/476c9021_911c3836/coverage/test_e2erayservice/TestRayServiceGCSFaultTolerance
[Info] ../../rhoai/upstream/kuberay/ray-operator/test/e2erayservice/TestRayServiceGCSFaultTolerance: pass (280889ms)
[Info] Running: ../../rhoai/upstream/kuberay/ray-operator/test/e2erayservice/TestRayServiceRayClusterDeletionDelaySeconds
[Pre] /Users/pawelpaszki/masters/gorts/scripts/cleanup_namespace.sh && kubectl exec -n default $(kubectl get pod -n default -l app.kubernetes.io/name=kuberay -o jsonpath='{.items[0].metadata.name}') -- sh -c 'rm -rf /coverage/*'
[Post] kubectl rollout restart deployment/kuberay-operator -n default && kubectl rollout status deployment/kuberay-operator -n default --timeout=120s && kubectl cp default/$(kubectl get pod -n default -l app.kubernetes.io/name=kuberay -o jsonpath='{.items[0].metadata.name}'):/coverage/. /Users/pawelpaszki/masters/gorts/rq2-experiments/kuberay/.cov/476c9021_911c3836/coverage/test_e2erayservice/TestRayServiceRayClusterDeletionDelaySeconds
[Info] ../../rhoai/upstream/kuberay/ray-operator/test/e2erayservice/TestRayServiceRayClusterDeletionDelaySeconds: pass (101115ms)
[Info] Running: ../../rhoai/upstream/kuberay/ray-operator/test/e2erayservice/TestRayServiceInPlaceUpdate
[Pre] /Users/pawelpaszki/masters/gorts/scripts/cleanup_namespace.sh && kubectl exec -n default $(kubectl get pod -n default -l app.kubernetes.io/name=kuberay -o jsonpath='{.items[0].metadata.name}') -- sh -c 'rm -rf /coverage/*'
[Post] kubectl rollout restart deployment/kuberay-operator -n default && kubectl rollout status deployment/kuberay-operator -n default --timeout=120s && kubectl cp default/$(kubectl get pod -n default -l app.kubernetes.io/name=kuberay -o jsonpath='{.items[0].metadata.name}'):/coverage/. /Users/pawelpaszki/masters/gorts/rq2-experiments/kuberay/.cov/476c9021_911c3836/coverage/test_e2erayservice/TestRayServiceInPlaceUpdate
[Info] ../../rhoai/upstream/kuberay/ray-operator/test/e2erayservice/TestRayServiceInPlaceUpdate: pass (33467ms)
[Info] Running: ../../rhoai/upstream/kuberay/ray-operator/test/e2erayservice/TestUpdateServeConfigAndRayClusterSpec
[Pre] /Users/pawelpaszki/masters/gorts/scripts/cleanup_namespace.sh && kubectl exec -n default $(kubectl get pod -n default -l app.kubernetes.io/name=kuberay -o jsonpath='{.items[0].metadata.name}') -- sh -c 'rm -rf /coverage/*'
[Post] kubectl rollout restart deployment/kuberay-operator -n default && kubectl rollout status deployment/kuberay-operator -n default --timeout=120s && kubectl cp default/$(kubectl get pod -n default -l app.kubernetes.io/name=kuberay -o jsonpath='{.items[0].metadata.name}'):/coverage/. /Users/pawelpaszki/masters/gorts/rq2-experiments/kuberay/.cov/476c9021_911c3836/coverage/test_e2erayservice/TestUpdateServeConfigAndRayClusterSpec
[Info] ../../rhoai/upstream/kuberay/ray-operator/test/e2erayservice/TestUpdateServeConfigAndRayClusterSpec: pass (54637ms)
[Info] Running: ../../rhoai/upstream/kuberay/ray-operator/test/e2erayservice/TestUpdateServeConfigAndRayClusterSpecWithUpgradeDisabled
[Pre] /Users/pawelpaszki/masters/gorts/scripts/cleanup_namespace.sh && kubectl exec -n default $(kubectl get pod -n default -l app.kubernetes.io/name=kuberay -o jsonpath='{.items[0].metadata.name}') -- sh -c 'rm -rf /coverage/*'
[Post] kubectl rollout restart deployment/kuberay-operator -n default && kubectl rollout status deployment/kuberay-operator -n default --timeout=120s && kubectl cp default/$(kubectl get pod -n default -l app.kubernetes.io/name=kuberay -o jsonpath='{.items[0].metadata.name}'):/coverage/. /Users/pawelpaszki/masters/gorts/rq2-experiments/kuberay/.cov/476c9021_911c3836/coverage/test_e2erayservice/TestUpdateServeConfigAndRayClusterSpecWithUpgradeDisabled
[Info] ../../rhoai/upstream/kuberay/ray-operator/test/e2erayservice/TestUpdateServeConfigAndRayClusterSpecWithUpgradeDisabled: pass (31161ms)
[Info] Running: ../../rhoai/upstream/kuberay/ray-operator/test/e2erayservice/TestRayServiceBecomesReadyBeforeTimeout
[Pre] /Users/pawelpaszki/masters/gorts/scripts/cleanup_namespace.sh && kubectl exec -n default $(kubectl get pod -n default -l app.kubernetes.io/name=kuberay -o jsonpath='{.items[0].metadata.name}') -- sh -c 'rm -rf /coverage/*'
[Post] kubectl rollout restart deployment/kuberay-operator -n default && kubectl rollout status deployment/kuberay-operator -n default --timeout=120s && kubectl cp default/$(kubectl get pod -n default -l app.kubernetes.io/name=kuberay -o jsonpath='{.items[0].metadata.name}'):/coverage/. /Users/pawelpaszki/masters/gorts/rq2-experiments/kuberay/.cov/476c9021_911c3836/coverage/test_e2erayservice/TestRayServiceBecomesReadyBeforeTimeout
[Info] ../../rhoai/upstream/kuberay/ray-operator/test/e2erayservice/TestRayServiceBecomesReadyBeforeTimeout: pass (24156ms)
[Info] Running: ../../rhoai/upstream/kuberay/ray-operator/test/e2erayservice/TestRayServiceInitializingTimeoutTerminalFailure
[Pre] /Users/pawelpaszki/masters/gorts/scripts/cleanup_namespace.sh && kubectl exec -n default $(kubectl get pod -n default -l app.kubernetes.io/name=kuberay -o jsonpath='{.items[0].metadata.name}') -- sh -c 'rm -rf /coverage/*'
[Post] kubectl rollout restart deployment/kuberay-operator -n default && kubectl rollout status deployment/kuberay-operator -n default --timeout=120s && kubectl cp default/$(kubectl get pod -n default -l app.kubernetes.io/name=kuberay -o jsonpath='{.items[0].metadata.name}'):/coverage/. /Users/pawelpaszki/masters/gorts/rq2-experiments/kuberay/.cov/476c9021_911c3836/coverage/test_e2erayservice/TestRayServiceInitializingTimeoutTerminalFailure
[Info] ../../rhoai/upstream/kuberay/ray-operator/test/e2erayservice/TestRayServiceInitializingTimeoutTerminalFailure: pass (32425ms)
[Info] Running: ../../rhoai/upstream/kuberay/ray-operator/test/e2erayservice/TestRedeployRayServe
[Pre] /Users/pawelpaszki/masters/gorts/scripts/cleanup_namespace.sh && kubectl exec -n default $(kubectl get pod -n default -l app.kubernetes.io/name=kuberay -o jsonpath='{.items[0].metadata.name}') -- sh -c 'rm -rf /coverage/*'
[Post] kubectl rollout restart deployment/kuberay-operator -n default && kubectl rollout status deployment/kuberay-operator -n default --timeout=120s && kubectl cp default/$(kubectl get pod -n default -l app.kubernetes.io/name=kuberay -o jsonpath='{.items[0].metadata.name}'):/coverage/. /Users/pawelpaszki/masters/gorts/rq2-experiments/kuberay/.cov/476c9021_911c3836/coverage/test_e2erayservice/TestRedeployRayServe
[Info] ../../rhoai/upstream/kuberay/ray-operator/test/e2erayservice/TestRedeployRayServe: pass (54267ms)
[Info] Running: ../../rhoai/upstream/kuberay/ray-operator/test/e2erayservice/TestOldHeadPodFailDuringUpgrade
[Pre] /Users/pawelpaszki/masters/gorts/scripts/cleanup_namespace.sh && kubectl exec -n default $(kubectl get pod -n default -l app.kubernetes.io/name=kuberay -o jsonpath='{.items[0].metadata.name}') -- sh -c 'rm -rf /coverage/*'
[Post] kubectl rollout restart deployment/kuberay-operator -n default && kubectl rollout status deployment/kuberay-operator -n default --timeout=120s && kubectl cp default/$(kubectl get pod -n default -l app.kubernetes.io/name=kuberay -o jsonpath='{.items[0].metadata.name}'):/coverage/. /Users/pawelpaszki/masters/gorts/rq2-experiments/kuberay/.cov/476c9021_911c3836/coverage/test_e2erayservice/TestOldHeadPodFailDuringUpgrade
[Info] ../../rhoai/upstream/kuberay/ray-operator/test/e2erayservice/TestOldHeadPodFailDuringUpgrade: pass (89703ms)
[Info] Running: ../../rhoai/upstream/kuberay/ray-operator/test/e2erayservice/TestRayServiceValidation
[Pre] /Users/pawelpaszki/masters/gorts/scripts/cleanup_namespace.sh && kubectl exec -n default $(kubectl get pod -n default -l app.kubernetes.io/name=kuberay -o jsonpath='{.items[0].metadata.name}') -- sh -c 'rm -rf /coverage/*'
[Post] kubectl rollout restart deployment/kuberay-operator -n default && kubectl rollout status deployment/kuberay-operator -n default --timeout=120s && kubectl cp default/$(kubectl get pod -n default -l app.kubernetes.io/name=kuberay -o jsonpath='{.items[0].metadata.name}'):/coverage/. /Users/pawelpaszki/masters/gorts/rq2-experiments/kuberay/.cov/476c9021_911c3836/coverage/test_e2erayservice/TestRayServiceValidation
[Info] ../../rhoai/upstream/kuberay/ray-operator/test/e2erayservice/TestRayServiceValidation: pass (6654ms)
[Info] Running: ../../rhoai/upstream/kuberay/ray-operator/test/e2erayservice/TestRayServiceManagedBy
[Pre] /Users/pawelpaszki/masters/gorts/scripts/cleanup_namespace.sh && kubectl exec -n default $(kubectl get pod -n default -l app.kubernetes.io/name=kuberay -o jsonpath='{.items[0].metadata.name}') -- sh -c 'rm -rf /coverage/*'
[Post] kubectl rollout restart deployment/kuberay-operator -n default && kubectl rollout status deployment/kuberay-operator -n default --timeout=120s && kubectl cp default/$(kubectl get pod -n default -l app.kubernetes.io/name=kuberay -o jsonpath='{.items[0].metadata.name}'):/coverage/. /Users/pawelpaszki/masters/gorts/rq2-experiments/kuberay/.cov/476c9021_911c3836/coverage/test_e2erayservice/TestRayServiceManagedBy
[Info] ../../rhoai/upstream/kuberay/ray-operator/test/e2erayservice/TestRayServiceManagedBy: pass (30640ms)
[Skip] TestZeroDowntimeUpgradeAfterOperatorUpgrade
[Info] Running: ../../rhoai/upstream/kuberay/ray-operator/test/e2e/TestRayClusterAuthOptions
[Pre] /Users/pawelpaszki/masters/gorts/scripts/cleanup_namespace.sh && kubectl exec -n default $(kubectl get pod -n default -l app.kubernetes.io/name=kuberay -o jsonpath='{.items[0].metadata.name}') -- sh -c 'rm -rf /coverage/*'
[Post] kubectl rollout restart deployment/kuberay-operator -n default && kubectl rollout status deployment/kuberay-operator -n default --timeout=120s && kubectl cp default/$(kubectl get pod -n default -l app.kubernetes.io/name=kuberay -o jsonpath='{.items[0].metadata.name}'):/coverage/. /Users/pawelpaszki/masters/gorts/rq2-experiments/kuberay/.cov/476c9021_911c3836/coverage/test_e2e/TestRayClusterAuthOptions
[Info] ../../rhoai/upstream/kuberay/ray-operator/test/e2e/TestRayClusterAuthOptions: pass (48296ms)
[Info] Running: ../../rhoai/upstream/kuberay/ray-operator/test/e2e/TestRayClusterGCSFaultTolerance
[Pre] /Users/pawelpaszki/masters/gorts/scripts/cleanup_namespace.sh && kubectl exec -n default $(kubectl get pod -n default -l app.kubernetes.io/name=kuberay -o jsonpath='{.items[0].metadata.name}') -- sh -c 'rm -rf /coverage/*'
[Post] kubectl rollout restart deployment/kuberay-operator -n default && kubectl rollout status deployment/kuberay-operator -n default --timeout=120s && kubectl cp default/$(kubectl get pod -n default -l app.kubernetes.io/name=kuberay -o jsonpath='{.items[0].metadata.name}'):/coverage/. /Users/pawelpaszki/masters/gorts/rq2-experiments/kuberay/.cov/476c9021_911c3836/coverage/test_e2e/TestRayClusterGCSFaultTolerance
[Info] ../../rhoai/upstream/kuberay/ray-operator/test/e2e/TestRayClusterGCSFaultTolerance: pass (262131ms)
[Info] Running: ../../rhoai/upstream/kuberay/ray-operator/test/e2e/TestGcsFaultToleranceOptions
[Pre] /Users/pawelpaszki/masters/gorts/scripts/cleanup_namespace.sh && kubectl exec -n default $(kubectl get pod -n default -l app.kubernetes.io/name=kuberay -o jsonpath='{.items[0].metadata.name}') -- sh -c 'rm -rf /coverage/*'
[Post] kubectl rollout restart deployment/kuberay-operator -n default && kubectl rollout status deployment/kuberay-operator -n default --timeout=120s && kubectl cp default/$(kubectl get pod -n default -l app.kubernetes.io/name=kuberay -o jsonpath='{.items[0].metadata.name}'):/coverage/. /Users/pawelpaszki/masters/gorts/rq2-experiments/kuberay/.cov/476c9021_911c3836/coverage/test_e2e/TestGcsFaultToleranceOptions
[Info] ../../rhoai/upstream/kuberay/ray-operator/test/e2e/TestGcsFaultToleranceOptions: pass (185724ms)
[Info] Running: ../../rhoai/upstream/kuberay/ray-operator/test/e2e/TestGcsFaultToleranceAnnotations
[Pre] /Users/pawelpaszki/masters/gorts/scripts/cleanup_namespace.sh && kubectl exec -n default $(kubectl get pod -n default -l app.kubernetes.io/name=kuberay -o jsonpath='{.items[0].metadata.name}') -- sh -c 'rm -rf /coverage/*'
[Post] kubectl rollout restart deployment/kuberay-operator -n default && kubectl rollout status deployment/kuberay-operator -n default --timeout=120s && kubectl cp default/$(kubectl get pod -n default -l app.kubernetes.io/name=kuberay -o jsonpath='{.items[0].metadata.name}'):/coverage/. /Users/pawelpaszki/masters/gorts/rq2-experiments/kuberay/.cov/476c9021_911c3836/coverage/test_e2e/TestGcsFaultToleranceAnnotations
[Info] ../../rhoai/upstream/kuberay/ray-operator/test/e2e/TestGcsFaultToleranceAnnotations: pass (250586ms)
[Info] Running: ../../rhoai/upstream/kuberay/ray-operator/test/e2e/TestRayClusterSingleHostMultiSlice
[Pre] /Users/pawelpaszki/masters/gorts/scripts/cleanup_namespace.sh && kubectl exec -n default $(kubectl get pod -n default -l app.kubernetes.io/name=kuberay -o jsonpath='{.items[0].metadata.name}') -- sh -c 'rm -rf /coverage/*'
[Post] kubectl rollout restart deployment/kuberay-operator -n default && kubectl rollout status deployment/kuberay-operator -n default --timeout=120s && kubectl cp default/$(kubectl get pod -n default -l app.kubernetes.io/name=kuberay -o jsonpath='{.items[0].metadata.name}'):/coverage/. /Users/pawelpaszki/masters/gorts/rq2-experiments/kuberay/.cov/476c9021_911c3836/coverage/test_e2e/TestRayClusterSingleHostMultiSlice
[Info] ../../rhoai/upstream/kuberay/ray-operator/test/e2e/TestRayClusterSingleHostMultiSlice: pass (27567ms)
[Info] Running: ../../rhoai/upstream/kuberay/ray-operator/test/e2e/TestRayClusterMultiHostMultiSlice
[Pre] /Users/pawelpaszki/masters/gorts/scripts/cleanup_namespace.sh && kubectl exec -n default $(kubectl get pod -n default -l app.kubernetes.io/name=kuberay -o jsonpath='{.items[0].metadata.name}') -- sh -c 'rm -rf /coverage/*'
[Post] kubectl rollout restart deployment/kuberay-operator -n default && kubectl rollout status deployment/kuberay-operator -n default --timeout=120s && kubectl cp default/$(kubectl get pod -n default -l app.kubernetes.io/name=kuberay -o jsonpath='{.items[0].metadata.name}'):/coverage/. /Users/pawelpaszki/masters/gorts/rq2-experiments/kuberay/.cov/476c9021_911c3836/coverage/test_e2e/TestRayClusterMultiHostMultiSlice
[Info] ../../rhoai/upstream/kuberay/ray-operator/test/e2e/TestRayClusterMultiHostMultiSlice: pass (32188ms)
[Info] Running: ../../rhoai/upstream/kuberay/ray-operator/test/e2e/TestRayClusterManagedBy
[Pre] /Users/pawelpaszki/masters/gorts/scripts/cleanup_namespace.sh && kubectl exec -n default $(kubectl get pod -n default -l app.kubernetes.io/name=kuberay -o jsonpath='{.items[0].metadata.name}') -- sh -c 'rm -rf /coverage/*'
[Post] kubectl rollout restart deployment/kuberay-operator -n default && kubectl rollout status deployment/kuberay-operator -n default --timeout=120s && kubectl cp default/$(kubectl get pod -n default -l app.kubernetes.io/name=kuberay -o jsonpath='{.items[0].metadata.name}'):/coverage/. /Users/pawelpaszki/masters/gorts/rq2-experiments/kuberay/.cov/476c9021_911c3836/coverage/test_e2e/TestRayClusterManagedBy
[Info] ../../rhoai/upstream/kuberay/ray-operator/test/e2e/TestRayClusterManagedBy: pass (45053ms)
[Info] Running: ../../rhoai/upstream/kuberay/ray-operator/test/e2e/TestRayClusterSuspend
[Pre] /Users/pawelpaszki/masters/gorts/scripts/cleanup_namespace.sh && kubectl exec -n default $(kubectl get pod -n default -l app.kubernetes.io/name=kuberay -o jsonpath='{.items[0].metadata.name}') -- sh -c 'rm -rf /coverage/*'
[Post] kubectl rollout restart deployment/kuberay-operator -n default && kubectl rollout status deployment/kuberay-operator -n default --timeout=120s && kubectl cp default/$(kubectl get pod -n default -l app.kubernetes.io/name=kuberay -o jsonpath='{.items[0].metadata.name}'):/coverage/. /Users/pawelpaszki/masters/gorts/rq2-experiments/kuberay/.cov/476c9021_911c3836/coverage/test_e2e/TestRayClusterSuspend
[Info] ../../rhoai/upstream/kuberay/ray-operator/test/e2e/TestRayClusterSuspend: pass (74091ms)
[Info] Running: ../../rhoai/upstream/kuberay/ray-operator/test/e2e/TestRayClusterWithResourceQuota
[Pre] /Users/pawelpaszki/masters/gorts/scripts/cleanup_namespace.sh && kubectl exec -n default $(kubectl get pod -n default -l app.kubernetes.io/name=kuberay -o jsonpath='{.items[0].metadata.name}') -- sh -c 'rm -rf /coverage/*'
[Post] kubectl rollout restart deployment/kuberay-operator -n default && kubectl rollout status deployment/kuberay-operator -n default --timeout=120s && kubectl cp default/$(kubectl get pod -n default -l app.kubernetes.io/name=kuberay -o jsonpath='{.items[0].metadata.name}'):/coverage/. /Users/pawelpaszki/masters/gorts/rq2-experiments/kuberay/.cov/476c9021_911c3836/coverage/test_e2e/TestRayClusterWithResourceQuota
[Info] ../../rhoai/upstream/kuberay/ray-operator/test/e2e/TestRayClusterWithResourceQuota: pass (5812ms)
[Info] Running: ../../rhoai/upstream/kuberay/ray-operator/test/e2e/TestRayClusterScalingDown
[Pre] /Users/pawelpaszki/masters/gorts/scripts/cleanup_namespace.sh && kubectl exec -n default $(kubectl get pod -n default -l app.kubernetes.io/name=kuberay -o jsonpath='{.items[0].metadata.name}') -- sh -c 'rm -rf /coverage/*'
[Post] kubectl rollout restart deployment/kuberay-operator -n default && kubectl rollout status deployment/kuberay-operator -n default --timeout=120s && kubectl cp default/$(kubectl get pod -n default -l app.kubernetes.io/name=kuberay -o jsonpath='{.items[0].metadata.name}'):/coverage/. /Users/pawelpaszki/masters/gorts/rq2-experiments/kuberay/.cov/476c9021_911c3836/coverage/test_e2e/TestRayClusterScalingDown
[Info] ../../rhoai/upstream/kuberay/ray-operator/test/e2e/TestRayClusterScalingDown: pass (28307ms)
[Skip] TestRayClusterUpgradeStrategy
[Info] Running: ../../rhoai/upstream/kuberay/ray-operator/test/e2eautoscaler/TestRayClusterAutoscalerV2IdleTimeout
[Pre] /Users/pawelpaszki/masters/gorts/scripts/cleanup_namespace.sh && kubectl exec -n default $(kubectl get pod -n default -l app.kubernetes.io/name=kuberay -o jsonpath='{.items[0].metadata.name}') -- sh -c 'rm -rf /coverage/*'
[Post] kubectl rollout restart deployment/kuberay-operator -n default && kubectl rollout status deployment/kuberay-operator -n default --timeout=120s && kubectl cp default/$(kubectl get pod -n default -l app.kubernetes.io/name=kuberay -o jsonpath='{.items[0].metadata.name}'):/coverage/. /Users/pawelpaszki/masters/gorts/rq2-experiments/kuberay/.cov/476c9021_911c3836/coverage/test_e2eautoscaler/TestRayClusterAutoscalerV2IdleTimeout
[Info] ../../rhoai/upstream/kuberay/ray-operator/test/e2eautoscaler/TestRayClusterAutoscalerV2IdleTimeout: pass (87815ms)
[Info] Running: ../../rhoai/upstream/kuberay/ray-operator/test/e2eautoscaler/TestRayClusterAutoscalerGPUNodesForCPUTasks
[Pre] /Users/pawelpaszki/masters/gorts/scripts/cleanup_namespace.sh && kubectl exec -n default $(kubectl get pod -n default -l app.kubernetes.io/name=kuberay -o jsonpath='{.items[0].metadata.name}') -- sh -c 'rm -rf /coverage/*'
[Post] kubectl rollout restart deployment/kuberay-operator -n default && kubectl rollout status deployment/kuberay-operator -n default --timeout=120s && kubectl cp default/$(kubectl get pod -n default -l app.kubernetes.io/name=kuberay -o jsonpath='{.items[0].metadata.name}'):/coverage/. /Users/pawelpaszki/masters/gorts/rq2-experiments/kuberay/.cov/476c9021_911c3836/coverage/test_e2eautoscaler/TestRayClusterAutoscalerGPUNodesForCPUTasks
[Info] ../../rhoai/upstream/kuberay/ray-operator/test/e2eautoscaler/TestRayClusterAutoscalerGPUNodesForCPUTasks: pass (201649ms)
[Info] Running: ../../rhoai/upstream/kuberay/ray-operator/test/e2eautoscaler/TestRayClusterAutoscalerDoNotRemoveIdlesForPlacementGroup
[Pre] /Users/pawelpaszki/masters/gorts/scripts/cleanup_namespace.sh && kubectl exec -n default $(kubectl get pod -n default -l app.kubernetes.io/name=kuberay -o jsonpath='{.items[0].metadata.name}') -- sh -c 'rm -rf /coverage/*'
[Post] kubectl rollout restart deployment/kuberay-operator -n default && kubectl rollout status deployment/kuberay-operator -n default --timeout=120s && kubectl cp default/$(kubectl get pod -n default -l app.kubernetes.io/name=kuberay -o jsonpath='{.items[0].metadata.name}'):/coverage/. /Users/pawelpaszki/masters/gorts/rq2-experiments/kuberay/.cov/476c9021_911c3836/coverage/test_e2eautoscaler/TestRayClusterAutoscalerDoNotRemoveIdlesForPlacementGroup
[Info] ../../rhoai/upstream/kuberay/ray-operator/test/e2eautoscaler/TestRayClusterAutoscalerDoNotRemoveIdlesForPlacementGroup: pass (160604ms)
[Info] Running: ../../rhoai/upstream/kuberay/ray-operator/test/e2eautoscaler/TestRayClusterAutoscalerSDKRequestResources
[Pre] /Users/pawelpaszki/masters/gorts/scripts/cleanup_namespace.sh && kubectl exec -n default $(kubectl get pod -n default -l app.kubernetes.io/name=kuberay -o jsonpath='{.items[0].metadata.name}') -- sh -c 'rm -rf /coverage/*'
[Post] kubectl rollout restart deployment/kuberay-operator -n default && kubectl rollout status deployment/kuberay-operator -n default --timeout=120s && kubectl cp default/$(kubectl get pod -n default -l app.kubernetes.io/name=kuberay -o jsonpath='{.items[0].metadata.name}'):/coverage/. /Users/pawelpaszki/masters/gorts/rq2-experiments/kuberay/.cov/476c9021_911c3836/coverage/test_e2eautoscaler/TestRayClusterAutoscalerSDKRequestResources
[Info] ../../rhoai/upstream/kuberay/ray-operator/test/e2eautoscaler/TestRayClusterAutoscalerSDKRequestResources: pass (36454ms)
[Info] Running: ../../rhoai/upstream/kuberay/ray-operator/test/e2eautoscaler/TestRayClusterAutoscalerAddNewWorkerGroup
[Pre] /Users/pawelpaszki/masters/gorts/scripts/cleanup_namespace.sh && kubectl exec -n default $(kubectl get pod -n default -l app.kubernetes.io/name=kuberay -o jsonpath='{.items[0].metadata.name}') -- sh -c 'rm -rf /coverage/*'
[Post] kubectl rollout restart deployment/kuberay-operator -n default && kubectl rollout status deployment/kuberay-operator -n default --timeout=120s && kubectl cp default/$(kubectl get pod -n default -l app.kubernetes.io/name=kuberay -o jsonpath='{.items[0].metadata.name}'):/coverage/. /Users/pawelpaszki/masters/gorts/rq2-experiments/kuberay/.cov/476c9021_911c3836/coverage/test_e2eautoscaler/TestRayClusterAutoscalerAddNewWorkerGroup
[Info] ../../rhoai/upstream/kuberay/ray-operator/test/e2eautoscaler/TestRayClusterAutoscalerAddNewWorkerGroup: pass (95738ms)
[Info] Running: ../../rhoai/upstream/kuberay/ray-operator/test/e2eautoscaler/TestRayClusterAutoscalerPlacementGroup
[Pre] /Users/pawelpaszki/masters/gorts/scripts/cleanup_namespace.sh && kubectl exec -n default $(kubectl get pod -n default -l app.kubernetes.io/name=kuberay -o jsonpath='{.items[0].metadata.name}') -- sh -c 'rm -rf /coverage/*'
[Post] kubectl rollout restart deployment/kuberay-operator -n default && kubectl rollout status deployment/kuberay-operator -n default --timeout=120s && kubectl cp default/$(kubectl get pod -n default -l app.kubernetes.io/name=kuberay -o jsonpath='{.items[0].metadata.name}'):/coverage/. /Users/pawelpaszki/masters/gorts/rq2-experiments/kuberay/.cov/476c9021_911c3836/coverage/test_e2eautoscaler/TestRayClusterAutoscalerPlacementGroup
[Info] ../../rhoai/upstream/kuberay/ray-operator/test/e2eautoscaler/TestRayClusterAutoscalerPlacementGroup: pass (416290ms)
[Info] Running: ../../rhoai/upstream/kuberay/ray-operator/test/e2eautoscaler/TestRayClusterAutoscalerGCSFT
[Pre] /Users/pawelpaszki/masters/gorts/scripts/cleanup_namespace.sh && kubectl exec -n default $(kubectl get pod -n default -l app.kubernetes.io/name=kuberay -o jsonpath='{.items[0].metadata.name}') -- sh -c 'rm -rf /coverage/*'
[Post] kubectl rollout restart deployment/kuberay-operator -n default && kubectl rollout status deployment/kuberay-operator -n default --timeout=120s && kubectl cp default/$(kubectl get pod -n default -l app.kubernetes.io/name=kuberay -o jsonpath='{.items[0].metadata.name}'):/coverage/. /Users/pawelpaszki/masters/gorts/rq2-experiments/kuberay/.cov/476c9021_911c3836/coverage/test_e2eautoscaler/TestRayClusterAutoscalerGCSFT
[Info] ../../rhoai/upstream/kuberay/ray-operator/test/e2eautoscaler/TestRayClusterAutoscalerGCSFT: pass (520077ms)
[Info] Running: ../../rhoai/upstream/kuberay/ray-operator/test/e2eautoscaler/TestRayClusterAutoscaler
[Pre] /Users/pawelpaszki/masters/gorts/scripts/cleanup_namespace.sh && kubectl exec -n default $(kubectl get pod -n default -l app.kubernetes.io/name=kuberay -o jsonpath='{.items[0].metadata.name}') -- sh -c 'rm -rf /coverage/*'
[Post] kubectl rollout restart deployment/kuberay-operator -n default && kubectl rollout status deployment/kuberay-operator -n default --timeout=120s && kubectl cp default/$(kubectl get pod -n default -l app.kubernetes.io/name=kuberay -o jsonpath='{.items[0].metadata.name}'):/coverage/. /Users/pawelpaszki/masters/gorts/rq2-experiments/kuberay/.cov/476c9021_911c3836/coverage/test_e2eautoscaler/TestRayClusterAutoscaler
[Info] ../../rhoai/upstream/kuberay/ray-operator/test/e2eautoscaler/TestRayClusterAutoscaler: pass (341354ms)
[Info] Running: ../../rhoai/upstream/kuberay/ray-operator/test/e2eautoscaler/TestRayClusterAutoscalerWithFakeGPU
[Pre] /Users/pawelpaszki/masters/gorts/scripts/cleanup_namespace.sh && kubectl exec -n default $(kubectl get pod -n default -l app.kubernetes.io/name=kuberay -o jsonpath='{.items[0].metadata.name}') -- sh -c 'rm -rf /coverage/*'
[Post] kubectl rollout restart deployment/kuberay-operator -n default && kubectl rollout status deployment/kuberay-operator -n default --timeout=120s && kubectl cp default/$(kubectl get pod -n default -l app.kubernetes.io/name=kuberay -o jsonpath='{.items[0].metadata.name}'):/coverage/. /Users/pawelpaszki/masters/gorts/rq2-experiments/kuberay/.cov/476c9021_911c3836/coverage/test_e2eautoscaler/TestRayClusterAutoscalerWithFakeGPU
[Info] ../../rhoai/upstream/kuberay/ray-operator/test/e2eautoscaler/TestRayClusterAutoscalerWithFakeGPU: pass (204517ms)
[Info] Running: ../../rhoai/upstream/kuberay/ray-operator/test/e2eautoscaler/TestRayClusterAutoscalerWithCustomResource
[Pre] /Users/pawelpaszki/masters/gorts/scripts/cleanup_namespace.sh && kubectl exec -n default $(kubectl get pod -n default -l app.kubernetes.io/name=kuberay -o jsonpath='{.items[0].metadata.name}') -- sh -c 'rm -rf /coverage/*'
[Post] kubectl rollout restart deployment/kuberay-operator -n default && kubectl rollout status deployment/kuberay-operator -n default --timeout=120s && kubectl cp default/$(kubectl get pod -n default -l app.kubernetes.io/name=kuberay -o jsonpath='{.items[0].metadata.name}'):/coverage/. /Users/pawelpaszki/masters/gorts/rq2-experiments/kuberay/.cov/476c9021_911c3836/coverage/test_e2eautoscaler/TestRayClusterAutoscalerWithCustomResource
[Info] ../../rhoai/upstream/kuberay/ray-operator/test/e2eautoscaler/TestRayClusterAutoscalerWithCustomResource: pass (202083ms)
[Info] Running: ../../rhoai/upstream/kuberay/ray-operator/test/e2eautoscaler/TestRayClusterAutoscalerWithDesiredState
[Pre] /Users/pawelpaszki/masters/gorts/scripts/cleanup_namespace.sh && kubectl exec -n default $(kubectl get pod -n default -l app.kubernetes.io/name=kuberay -o jsonpath='{.items[0].metadata.name}') -- sh -c 'rm -rf /coverage/*'
[Post] kubectl rollout restart deployment/kuberay-operator -n default && kubectl rollout status deployment/kuberay-operator -n default --timeout=120s && kubectl cp default/$(kubectl get pod -n default -l app.kubernetes.io/name=kuberay -o jsonpath='{.items[0].metadata.name}'):/coverage/. /Users/pawelpaszki/masters/gorts/rq2-experiments/kuberay/.cov/476c9021_911c3836/coverage/test_e2eautoscaler/TestRayClusterAutoscalerWithDesiredState
[Info] ../../rhoai/upstream/kuberay/ray-operator/test/e2eautoscaler/TestRayClusterAutoscalerWithDesiredState: pass (206018ms)
[Info] Running: ../../rhoai/upstream/kuberay/ray-operator/test/e2eautoscaler/TestRayClusterAutoscalerMinReplicasUpdate
[Pre] /Users/pawelpaszki/masters/gorts/scripts/cleanup_namespace.sh && kubectl exec -n default $(kubectl get pod -n default -l app.kubernetes.io/name=kuberay -o jsonpath='{.items[0].metadata.name}') -- sh -c 'rm -rf /coverage/*'
[Post] kubectl rollout restart deployment/kuberay-operator -n default && kubectl rollout status deployment/kuberay-operator -n default --timeout=120s && kubectl cp default/$(kubectl get pod -n default -l app.kubernetes.io/name=kuberay -o jsonpath='{.items[0].metadata.name}'):/coverage/. /Users/pawelpaszki/masters/gorts/rq2-experiments/kuberay/.cov/476c9021_911c3836/coverage/test_e2eautoscaler/TestRayClusterAutoscalerMinReplicasUpdate
[Info] ../../rhoai/upstream/kuberay/ray-operator/test/e2eautoscaler/TestRayClusterAutoscalerMinReplicasUpdate: pass (71589ms)
[Info] Running: ../../rhoai/upstream/kuberay/ray-operator/test/e2eautoscaler/TestRayClusterAutoscalerMaxReplicasUpdate
[Pre] /Users/pawelpaszki/masters/gorts/scripts/cleanup_namespace.sh && kubectl exec -n default $(kubectl get pod -n default -l app.kubernetes.io/name=kuberay -o jsonpath='{.items[0].metadata.name}') -- sh -c 'rm -rf /coverage/*'
[Post] kubectl rollout restart deployment/kuberay-operator -n default && kubectl rollout status deployment/kuberay-operator -n default --timeout=120s && kubectl cp default/$(kubectl get pod -n default -l app.kubernetes.io/name=kuberay -o jsonpath='{.items[0].metadata.name}'):/coverage/. /Users/pawelpaszki/masters/gorts/rq2-experiments/kuberay/.cov/476c9021_911c3836/coverage/test_e2eautoscaler/TestRayClusterAutoscalerMaxReplicasUpdate
[Info] ../../rhoai/upstream/kuberay/ray-operator/test/e2eautoscaler/TestRayClusterAutoscalerMaxReplicasUpdate: pass (143480ms)
[Info] Running: ../../rhoai/upstream/kuberay/ray-operator/test/e2erayjob/TestRayJobWithClusterSelector
[Pre] /Users/pawelpaszki/masters/gorts/scripts/cleanup_namespace.sh && kubectl exec -n default $(kubectl get pod -n default -l app.kubernetes.io/name=kuberay -o jsonpath='{.items[0].metadata.name}') -- sh -c 'rm -rf /coverage/*'
[Post] kubectl rollout restart deployment/kuberay-operator -n default && kubectl rollout status deployment/kuberay-operator -n default --timeout=120s && kubectl cp default/$(kubectl get pod -n default -l app.kubernetes.io/name=kuberay -o jsonpath='{.items[0].metadata.name}'):/coverage/. /Users/pawelpaszki/masters/gorts/rq2-experiments/kuberay/.cov/476c9021_911c3836/coverage/test_e2erayjob/TestRayJobWithClusterSelector
[Info] ../../rhoai/upstream/kuberay/ray-operator/test/e2erayjob/TestRayJobWithClusterSelector: pass (54454ms)
[Skip] TestDeletionStrategy
[Info] Running: ../../rhoai/upstream/kuberay/ray-operator/test/e2erayjob/TestRayJobLightWeightMode
[Pre] /Users/pawelpaszki/masters/gorts/scripts/cleanup_namespace.sh && kubectl exec -n default $(kubectl get pod -n default -l app.kubernetes.io/name=kuberay -o jsonpath='{.items[0].metadata.name}') -- sh -c 'rm -rf /coverage/*'
[Post] kubectl rollout restart deployment/kuberay-operator -n default && kubectl rollout status deployment/kuberay-operator -n default --timeout=120s && kubectl cp default/$(kubectl get pod -n default -l app.kubernetes.io/name=kuberay -o jsonpath='{.items[0].metadata.name}'):/coverage/. /Users/pawelpaszki/masters/gorts/rq2-experiments/kuberay/.cov/476c9021_911c3836/coverage/test_e2erayjob/TestRayJobLightWeightMode
[Info] ../../rhoai/upstream/kuberay/ray-operator/test/e2erayjob/TestRayJobLightWeightMode: pass (154494ms)
[Info] Running: ../../rhoai/upstream/kuberay/ray-operator/test/e2erayjob/TestRayJobRecovery
[Pre] /Users/pawelpaszki/masters/gorts/scripts/cleanup_namespace.sh && kubectl exec -n default $(kubectl get pod -n default -l app.kubernetes.io/name=kuberay -o jsonpath='{.items[0].metadata.name}') -- sh -c 'rm -rf /coverage/*'
[Post] kubectl rollout restart deployment/kuberay-operator -n default && kubectl rollout status deployment/kuberay-operator -n default --timeout=120s && kubectl cp default/$(kubectl get pod -n default -l app.kubernetes.io/name=kuberay -o jsonpath='{.items[0].metadata.name}'):/coverage/. /Users/pawelpaszki/masters/gorts/rq2-experiments/kuberay/.cov/476c9021_911c3836/coverage/test_e2erayjob/TestRayJobRecovery
[Info] ../../rhoai/upstream/kuberay/ray-operator/test/e2erayjob/TestRayJobRecovery: pass (103083ms)
[Info] Running: ../../rhoai/upstream/kuberay/ray-operator/test/e2erayjob/TestRayJobRetry
[Pre] /Users/pawelpaszki/masters/gorts/scripts/cleanup_namespace.sh && kubectl exec -n default $(kubectl get pod -n default -l app.kubernetes.io/name=kuberay -o jsonpath='{.items[0].metadata.name}') -- sh -c 'rm -rf /coverage/*'
[Post] kubectl rollout restart deployment/kuberay-operator -n default && kubectl rollout status deployment/kuberay-operator -n default --timeout=120s && kubectl cp default/$(kubectl get pod -n default -l app.kubernetes.io/name=kuberay -o jsonpath='{.items[0].metadata.name}'):/coverage/. /Users/pawelpaszki/masters/gorts/rq2-experiments/kuberay/.cov/476c9021_911c3836/coverage/test_e2erayjob/TestRayJobRetry
[Info] ../../rhoai/upstream/kuberay/ray-operator/test/e2erayjob/TestRayJobRetry: pass (354775ms)
[Info] Running: ../../rhoai/upstream/kuberay/ray-operator/test/e2erayjob/TestRayJobSidecarMode
[Pre] /Users/pawelpaszki/masters/gorts/scripts/cleanup_namespace.sh && kubectl exec -n default $(kubectl get pod -n default -l app.kubernetes.io/name=kuberay -o jsonpath='{.items[0].metadata.name}') -- sh -c 'rm -rf /coverage/*'
[Post] kubectl rollout restart deployment/kuberay-operator -n default && kubectl rollout status deployment/kuberay-operator -n default --timeout=120s && kubectl cp default/$(kubectl get pod -n default -l app.kubernetes.io/name=kuberay -o jsonpath='{.items[0].metadata.name}'):/coverage/. /Users/pawelpaszki/masters/gorts/rq2-experiments/kuberay/.cov/476c9021_911c3836/coverage/test_e2erayjob/TestRayJobSidecarMode
[Info] ../../rhoai/upstream/kuberay/ray-operator/test/e2erayjob/TestRayJobSidecarMode: pass (472027ms)
[Info] Running: ../../rhoai/upstream/kuberay/ray-operator/test/e2erayjob/TestRayJobSuspend
[Pre] /Users/pawelpaszki/masters/gorts/scripts/cleanup_namespace.sh && kubectl exec -n default $(kubectl get pod -n default -l app.kubernetes.io/name=kuberay -o jsonpath='{.items[0].metadata.name}') -- sh -c 'rm -rf /coverage/*'
[Post] kubectl rollout restart deployment/kuberay-operator -n default && kubectl rollout status deployment/kuberay-operator -n default --timeout=120s && kubectl cp default/$(kubectl get pod -n default -l app.kubernetes.io/name=kuberay -o jsonpath='{.items[0].metadata.name}'):/coverage/. /Users/pawelpaszki/masters/gorts/rq2-experiments/kuberay/.cov/476c9021_911c3836/coverage/test_e2erayjob/TestRayJobSuspend
[Info] ../../rhoai/upstream/kuberay/ray-operator/test/e2erayjob/TestRayJobSuspend: pass (99231ms)
[Info] Running: ../../rhoai/upstream/kuberay/ray-operator/test/e2erayjob/TestRayJob
[Pre] /Users/pawelpaszki/masters/gorts/scripts/cleanup_namespace.sh && kubectl exec -n default $(kubectl get pod -n default -l app.kubernetes.io/name=kuberay -o jsonpath='{.items[0].metadata.name}') -- sh -c 'rm -rf /coverage/*'
[Post] kubectl rollout restart deployment/kuberay-operator -n default && kubectl rollout status deployment/kuberay-operator -n default --timeout=120s && kubectl cp default/$(kubectl get pod -n default -l app.kubernetes.io/name=kuberay -o jsonpath='{.items[0].metadata.name}'):/coverage/. /Users/pawelpaszki/masters/gorts/rq2-experiments/kuberay/.cov/476c9021_911c3836/coverage/test_e2erayjob/TestRayJob
    [Attempt 1 failed]
    [Retry 1/1] TestRayJob
[Pre] /Users/pawelpaszki/masters/gorts/scripts/cleanup_namespace.sh && kubectl exec -n default $(kubectl get pod -n default -l app.kubernetes.io/name=kuberay -o jsonpath='{.items[0].metadata.name}') -- sh -c 'rm -rf /coverage/*'
[Post] kubectl rollout restart deployment/kuberay-operator -n default && kubectl rollout status deployment/kuberay-operator -n default --timeout=120s && kubectl cp default/$(kubectl get pod -n default -l app.kubernetes.io/name=kuberay -o jsonpath='{.items[0].metadata.name}'):/coverage/. /Users/pawelpaszki/masters/gorts/rq2-experiments/kuberay/.cov/476c9021_911c3836/coverage/test_e2erayjob/TestRayJob
[Info] ../../rhoai/upstream/kuberay/ray-operator/test/e2erayjob/TestRayJob: pass (1425788ms)
[Info] Running: ../../rhoai/upstream/kuberay/ray-operator/test/e2erayjobsubmitter/TestRayJobSubmitter
[Pre] /Users/pawelpaszki/masters/gorts/scripts/cleanup_namespace.sh && kubectl exec -n default $(kubectl get pod -n default -l app.kubernetes.io/name=kuberay -o jsonpath='{.items[0].metadata.name}') -- sh -c 'rm -rf /coverage/*'
[Post] kubectl rollout restart deployment/kuberay-operator -n default && kubectl rollout status deployment/kuberay-operator -n default --timeout=120s && kubectl cp default/$(kubectl get pod -n default -l app.kubernetes.io/name=kuberay -o jsonpath='{.items[0].metadata.name}'):/coverage/. /Users/pawelpaszki/masters/gorts/rq2-experiments/kuberay/.cov/476c9021_911c3836/coverage/test_e2erayjobsubmitter/TestRayJobSubmitter
[Info] ../../rhoai/upstream/kuberay/ray-operator/test/e2erayjobsubmitter/TestRayJobSubmitter: pass (125154ms)
[Info] Running: ../../rhoai/upstream/kuberay/ray-operator/test/sampleyaml/TestRayCluster
[Pre] /Users/pawelpaszki/masters/gorts/scripts/cleanup_namespace.sh && kubectl exec -n default $(kubectl get pod -n default -l app.kubernetes.io/name=kuberay -o jsonpath='{.items[0].metadata.name}') -- sh -c 'rm -rf /coverage/*'
[Post] kubectl rollout restart deployment/kuberay-operator -n default && kubectl rollout status deployment/kuberay-operator -n default --timeout=120s && kubectl cp default/$(kubectl get pod -n default -l app.kubernetes.io/name=kuberay -o jsonpath='{.items[0].metadata.name}'):/coverage/. /Users/pawelpaszki/masters/gorts/rq2-experiments/kuberay/.cov/476c9021_911c3836/coverage/test_sampleyaml/TestRayCluster
[Info] ../../rhoai/upstream/kuberay/ray-operator/test/sampleyaml/TestRayCluster: pass (525424ms)
[Info] Running: ../../rhoai/upstream/kuberay/ray-operator/test/sampleyaml/TestRayJob
[Pre] /Users/pawelpaszki/masters/gorts/scripts/cleanup_namespace.sh && kubectl exec -n default $(kubectl get pod -n default -l app.kubernetes.io/name=kuberay -o jsonpath='{.items[0].metadata.name}') -- sh -c 'rm -rf /coverage/*'
[Post] kubectl rollout restart deployment/kuberay-operator -n default && kubectl rollout status deployment/kuberay-operator -n default --timeout=120s && kubectl cp default/$(kubectl get pod -n default -l app.kubernetes.io/name=kuberay -o jsonpath='{.items[0].metadata.name}'):/coverage/. /Users/pawelpaszki/masters/gorts/rq2-experiments/kuberay/.cov/476c9021_911c3836/coverage/test_sampleyaml/TestRayJob
[Info] ../../rhoai/upstream/kuberay/ray-operator/test/sampleyaml/TestRayJob: pass (172416ms)
[Info] Running: ../../rhoai/upstream/kuberay/ray-operator/test/sampleyaml/TestRayJobInteractiveMode
[Pre] /Users/pawelpaszki/masters/gorts/scripts/cleanup_namespace.sh && kubectl exec -n default $(kubectl get pod -n default -l app.kubernetes.io/name=kuberay -o jsonpath='{.items[0].metadata.name}') -- sh -c 'rm -rf /coverage/*'
[Post] kubectl rollout restart deployment/kuberay-operator -n default && kubectl rollout status deployment/kuberay-operator -n default --timeout=120s && kubectl cp default/$(kubectl get pod -n default -l app.kubernetes.io/name=kuberay -o jsonpath='{.items[0].metadata.name}'):/coverage/. /Users/pawelpaszki/masters/gorts/rq2-experiments/kuberay/.cov/476c9021_911c3836/coverage/test_sampleyaml/TestRayJobInteractiveMode
[Info] ../../rhoai/upstream/kuberay/ray-operator/test/sampleyaml/TestRayJobInteractiveMode: pass (27020ms)
[Info] Running: ../../rhoai/upstream/kuberay/ray-operator/test/sampleyaml/TestRayService
[Pre] /Users/pawelpaszki/masters/gorts/scripts/cleanup_namespace.sh && kubectl exec -n default $(kubectl get pod -n default -l app.kubernetes.io/name=kuberay -o jsonpath='{.items[0].metadata.name}') -- sh -c 'rm -rf /coverage/*'
[Post] kubectl rollout restart deployment/kuberay-operator -n default && kubectl rollout status deployment/kuberay-operator -n default --timeout=120s && kubectl cp default/$(kubectl get pod -n default -l app.kubernetes.io/name=kuberay -o jsonpath='{.items[0].metadata.name}'):/coverage/. /Users/pawelpaszki/masters/gorts/rq2-experiments/kuberay/.cov/476c9021_911c3836/coverage/test_sampleyaml/TestRayService
[Info] ../../rhoai/upstream/kuberay/ray-operator/test/sampleyaml/TestRayService: pass (96220ms)
[Info] Saved baseline to /Users/pawelpaszki/masters/gorts/rq2-experiments/kuberay/.cov/476c9021_911c3836/baseline.json

==================================================
Baseline Complete!
Tests: 50 passed, 0 failed, 50 total
Duration: 8893206ms
Output: /Users/pawelpaszki/masters/gorts/rq2-experiments/kuberay/.cov/476c9021_911c3836/baseline.json
Coverage: /Users/pawelpaszki/masters/gorts/rq2-experiments/kuberay/.cov/476c9021_911c3836/coverage
==================================================