[Info] Running: ../../rhoai/upstream/kuberay/ray-operator/test/e2eautoscaler/TestRayClusterAutoscalerV2IdleTimeout
[Pre] /Users/pawelpaszki/masters/gorts/scripts/cleanup_namespace.sh && kubectl exec -n default $(kubectl get pod -n default -l app.kubernetes.io/name=kuberay -o jsonpath='{.items[0].metadata.name}') -- sh -c 'rm -rf /coverage/*'
[Post] kubectl rollout restart deployment/kuberay-operator -n default && kubectl rollout status deployment/kuberay-operator -n default --timeout=120s && kubectl cp default/$(kubectl get pod -n default -l app.kubernetes.io/name=kuberay -o jsonpath='{.items[0].metadata.name}'):/coverage/. /Users/pawelpaszki/masters/gorts/rq2-experiments/kuberay/.cov/273d1371_635a7420/coverage/test_e2eautoscaler/TestRayClusterAutoscalerV2IdleTimeout
[Info] ../../rhoai/upstream/kuberay/ray-operator/test/e2eautoscaler/TestRayClusterAutoscalerV2IdleTimeout: pass (182488ms)
[Info] Running: ../../rhoai/upstream/kuberay/ray-operator/test/e2eautoscaler/TestRayClusterAutoscalerGPUNodesForCPUTasks
[Pre] /Users/pawelpaszki/masters/gorts/scripts/cleanup_namespace.sh && kubectl exec -n default $(kubectl get pod -n default -l app.kubernetes.io/name=kuberay -o jsonpath='{.items[0].metadata.name}') -- sh -c 'rm -rf /coverage/*'
[Post] kubectl rollout restart deployment/kuberay-operator -n default && kubectl rollout status deployment/kuberay-operator -n default --timeout=120s && kubectl cp default/$(kubectl get pod -n default -l app.kubernetes.io/name=kuberay -o jsonpath='{.items[0].metadata.name}'):/coverage/. /Users/pawelpaszki/masters/gorts/rq2-experiments/kuberay/.cov/273d1371_635a7420/coverage/test_e2eautoscaler/TestRayClusterAutoscalerGPUNodesForCPUTasks
[Info] ../../rhoai/upstream/kuberay/ray-operator/test/e2eautoscaler/TestRayClusterAutoscalerGPUNodesForCPUTasks: pass (188154ms)
[Info] Running: ../../rhoai/upstream/kuberay/ray-operator/test/e2eautoscaler/TestRayClusterAutoscalerDoNotRemoveIdlesForPlacementGroup
[Pre] /Users/pawelpaszki/masters/gorts/scripts/cleanup_namespace.sh && kubectl exec -n default $(kubectl get pod -n default -l app.kubernetes.io/name=kuberay -o jsonpath='{.items[0].metadata.name}') -- sh -c 'rm -rf /coverage/*'
[Post] kubectl rollout restart deployment/kuberay-operator -n default && kubectl rollout status deployment/kuberay-operator -n default --timeout=120s && kubectl cp default/$(kubectl get pod -n default -l app.kubernetes.io/name=kuberay -o jsonpath='{.items[0].metadata.name}'):/coverage/. /Users/pawelpaszki/masters/gorts/rq2-experiments/kuberay/.cov/273d1371_635a7420/coverage/test_e2eautoscaler/TestRayClusterAutoscalerDoNotRemoveIdlesForPlacementGroup
[Info] ../../rhoai/upstream/kuberay/ray-operator/test/e2eautoscaler/TestRayClusterAutoscalerDoNotRemoveIdlesForPlacementGroup: pass (153320ms)
[Info] Running: ../../rhoai/upstream/kuberay/ray-operator/test/e2eautoscaler/TestRayClusterAutoscalerSDKRequestResources
[Pre] /Users/pawelpaszki/masters/gorts/scripts/cleanup_namespace.sh && kubectl exec -n default $(kubectl get pod -n default -l app.kubernetes.io/name=kuberay -o jsonpath='{.items[0].metadata.name}') -- sh -c 'rm -rf /coverage/*'
[Post] kubectl rollout restart deployment/kuberay-operator -n default && kubectl rollout status deployment/kuberay-operator -n default --timeout=120s && kubectl cp default/$(kubectl get pod -n default -l app.kubernetes.io/name=kuberay -o jsonpath='{.items[0].metadata.name}'):/coverage/. /Users/pawelpaszki/masters/gorts/rq2-experiments/kuberay/.cov/273d1371_635a7420/coverage/test_e2eautoscaler/TestRayClusterAutoscalerSDKRequestResources
[Info] ../../rhoai/upstream/kuberay/ray-operator/test/e2eautoscaler/TestRayClusterAutoscalerSDKRequestResources: pass (36258ms)
[Info] Running: ../../rhoai/upstream/kuberay/ray-operator/test/e2eautoscaler/TestRayClusterAutoscalerAddNewWorkerGroup
[Pre] /Users/pawelpaszki/masters/gorts/scripts/cleanup_namespace.sh && kubectl exec -n default $(kubectl get pod -n default -l app.kubernetes.io/name=kuberay -o jsonpath='{.items[0].metadata.name}') -- sh -c 'rm -rf /coverage/*'
[Post] kubectl rollout restart deployment/kuberay-operator -n default && kubectl rollout status deployment/kuberay-operator -n default --timeout=120s && kubectl cp default/$(kubectl get pod -n default -l app.kubernetes.io/name=kuberay -o jsonpath='{.items[0].metadata.name}'):/coverage/. /Users/pawelpaszki/masters/gorts/rq2-experiments/kuberay/.cov/273d1371_635a7420/coverage/test_e2eautoscaler/TestRayClusterAutoscalerAddNewWorkerGroup
[Info] ../../rhoai/upstream/kuberay/ray-operator/test/e2eautoscaler/TestRayClusterAutoscalerAddNewWorkerGroup: pass (98730ms)
[Info] Running: ../../rhoai/upstream/kuberay/ray-operator/test/e2eautoscaler/TestRayClusterAutoscalerPlacementGroup
[Pre] /Users/pawelpaszki/masters/gorts/scripts/cleanup_namespace.sh && kubectl exec -n default $(kubectl get pod -n default -l app.kubernetes.io/name=kuberay -o jsonpath='{.items[0].metadata.name}') -- sh -c 'rm -rf /coverage/*'
[Post] kubectl rollout restart deployment/kuberay-operator -n default && kubectl rollout status deployment/kuberay-operator -n default --timeout=120s && kubectl cp default/$(kubectl get pod -n default -l app.kubernetes.io/name=kuberay -o jsonpath='{.items[0].metadata.name}'):/coverage/. /Users/pawelpaszki/masters/gorts/rq2-experiments/kuberay/.cov/273d1371_635a7420/coverage/test_e2eautoscaler/TestRayClusterAutoscalerPlacementGroup
[Info] ../../rhoai/upstream/kuberay/ray-operator/test/e2eautoscaler/TestRayClusterAutoscalerPlacementGroup: pass (368675ms)
[Info] Running: ../../rhoai/upstream/kuberay/ray-operator/test/e2eautoscaler/TestRayClusterAutoscalerGCSFT
[Pre] /Users/pawelpaszki/masters/gorts/scripts/cleanup_namespace.sh && kubectl exec -n default $(kubectl get pod -n default -l app.kubernetes.io/name=kuberay -o jsonpath='{.items[0].metadata.name}') -- sh -c 'rm -rf /coverage/*'
[Post] kubectl rollout restart deployment/kuberay-operator -n default && kubectl rollout status deployment/kuberay-operator -n default --timeout=120s && kubectl cp default/$(kubectl get pod -n default -l app.kubernetes.io/name=kuberay -o jsonpath='{.items[0].metadata.name}'):/coverage/. /Users/pawelpaszki/masters/gorts/rq2-experiments/kuberay/.cov/273d1371_635a7420/coverage/test_e2eautoscaler/TestRayClusterAutoscalerGCSFT
[Info] ../../rhoai/upstream/kuberay/ray-operator/test/e2eautoscaler/TestRayClusterAutoscalerGCSFT: pass (497287ms)
[Info] Running: ../../rhoai/upstream/kuberay/ray-operator/test/e2eautoscaler/TestRayClusterAutoscaler
[Pre] /Users/pawelpaszki/masters/gorts/scripts/cleanup_namespace.sh && kubectl exec -n default $(kubectl get pod -n default -l app.kubernetes.io/name=kuberay -o jsonpath='{.items[0].metadata.name}') -- sh -c 'rm -rf /coverage/*'
[Post] kubectl rollout restart deployment/kuberay-operator -n default && kubectl rollout status deployment/kuberay-operator -n default --timeout=120s && kubectl cp default/$(kubectl get pod -n default -l app.kubernetes.io/name=kuberay -o jsonpath='{.items[0].metadata.name}'):/coverage/. /Users/pawelpaszki/masters/gorts/rq2-experiments/kuberay/.cov/273d1371_635a7420/coverage/test_e2eautoscaler/TestRayClusterAutoscaler
[Info] ../../rhoai/upstream/kuberay/ray-operator/test/e2eautoscaler/TestRayClusterAutoscaler: pass (340094ms)
[Info] Running: ../../rhoai/upstream/kuberay/ray-operator/test/e2eautoscaler/TestRayClusterAutoscalerWithFakeGPU
[Pre] /Users/pawelpaszki/masters/gorts/scripts/cleanup_namespace.sh && kubectl exec -n default $(kubectl get pod -n default -l app.kubernetes.io/name=kuberay -o jsonpath='{.items[0].metadata.name}') -- sh -c 'rm -rf /coverage/*'
[Post] kubectl rollout restart deployment/kuberay-operator -n default && kubectl rollout status deployment/kuberay-operator -n default --timeout=120s && kubectl cp default/$(kubectl get pod -n default -l app.kubernetes.io/name=kuberay -o jsonpath='{.items[0].metadata.name}'):/coverage/. /Users/pawelpaszki/masters/gorts/rq2-experiments/kuberay/.cov/273d1371_635a7420/coverage/test_e2eautoscaler/TestRayClusterAutoscalerWithFakeGPU
[Info] ../../rhoai/upstream/kuberay/ray-operator/test/e2eautoscaler/TestRayClusterAutoscalerWithFakeGPU: pass (188365ms)
[Info] Running: ../../rhoai/upstream/kuberay/ray-operator/test/e2eautoscaler/TestRayClusterAutoscalerWithCustomResource
[Pre] /Users/pawelpaszki/masters/gorts/scripts/cleanup_namespace.sh && kubectl exec -n default $(kubectl get pod -n default -l app.kubernetes.io/name=kuberay -o jsonpath='{.items[0].metadata.name}') -- sh -c 'rm -rf /coverage/*'
[Post] kubectl rollout restart deployment/kuberay-operator -n default && kubectl rollout status deployment/kuberay-operator -n default --timeout=120s && kubectl cp default/$(kubectl get pod -n default -l app.kubernetes.io/name=kuberay -o jsonpath='{.items[0].metadata.name}'):/coverage/. /Users/pawelpaszki/masters/gorts/rq2-experiments/kuberay/.cov/273d1371_635a7420/coverage/test_e2eautoscaler/TestRayClusterAutoscalerWithCustomResource
[Info] ../../rhoai/upstream/kuberay/ray-operator/test/e2eautoscaler/TestRayClusterAutoscalerWithCustomResource: pass (193377ms)
[Info] Running: ../../rhoai/upstream/kuberay/ray-operator/test/e2eautoscaler/TestRayClusterAutoscalerWithDesiredState
[Pre] /Users/pawelpaszki/masters/gorts/scripts/cleanup_namespace.sh && kubectl exec -n default $(kubectl get pod -n default -l app.kubernetes.io/name=kuberay -o jsonpath='{.items[0].metadata.name}') -- sh -c 'rm -rf /coverage/*'
[Post] kubectl rollout restart deployment/kuberay-operator -n default && kubectl rollout status deployment/kuberay-operator -n default --timeout=120s && kubectl cp default/$(kubectl get pod -n default -l app.kubernetes.io/name=kuberay -o jsonpath='{.items[0].metadata.name}'):/coverage/. /Users/pawelpaszki/masters/gorts/rq2-experiments/kuberay/.cov/273d1371_635a7420/coverage/test_e2eautoscaler/TestRayClusterAutoscalerWithDesiredState
[Info] ../../rhoai/upstream/kuberay/ray-operator/test/e2eautoscaler/TestRayClusterAutoscalerWithDesiredState: pass (219912ms)
[Info] Running: ../../rhoai/upstream/kuberay/ray-operator/test/e2eautoscaler/TestRayClusterAutoscalerMinReplicasUpdate
[Pre] /Users/pawelpaszki/masters/gorts/scripts/cleanup_namespace.sh && kubectl exec -n default $(kubectl get pod -n default -l app.kubernetes.io/name=kuberay -o jsonpath='{.items[0].metadata.name}') -- sh -c 'rm -rf /coverage/*'
[Post] kubectl rollout restart deployment/kuberay-operator -n default && kubectl rollout status deployment/kuberay-operator -n default --timeout=120s && kubectl cp default/$(kubectl get pod -n default -l app.kubernetes.io/name=kuberay -o jsonpath='{.items[0].metadata.name}'):/coverage/. /Users/pawelpaszki/masters/gorts/rq2-experiments/kuberay/.cov/273d1371_635a7420/coverage/test_e2eautoscaler/TestRayClusterAutoscalerMinReplicasUpdate
[Info] ../../rhoai/upstream/kuberay/ray-operator/test/e2eautoscaler/TestRayClusterAutoscalerMinReplicasUpdate: pass (72926ms)
[Info] Running: ../../rhoai/upstream/kuberay/ray-operator/test/e2eautoscaler/TestRayClusterAutoscalerMaxReplicasUpdate
[Pre] /Users/pawelpaszki/masters/gorts/scripts/cleanup_namespace.sh && kubectl exec -n default $(kubectl get pod -n default -l app.kubernetes.io/name=kuberay -o jsonpath='{.items[0].metadata.name}') -- sh -c 'rm -rf /coverage/*'
[Post] kubectl rollout restart deployment/kuberay-operator -n default && kubectl rollout status deployment/kuberay-operator -n default --timeout=120s && kubectl cp default/$(kubectl get pod -n default -l app.kubernetes.io/name=kuberay -o jsonpath='{.items[0].metadata.name}'):/coverage/. /Users/pawelpaszki/masters/gorts/rq2-experiments/kuberay/.cov/273d1371_635a7420/coverage/test_e2eautoscaler/TestRayClusterAutoscalerMaxReplicasUpdate
[Info] ../../rhoai/upstream/kuberay/ray-operator/test/e2eautoscaler/TestRayClusterAutoscalerMaxReplicasUpdate: pass (143087ms)
[Info] Running: ../../rhoai/upstream/kuberay/ray-operator/test/e2erayjob/TestRayJobWithClusterSelector
[Pre] /Users/pawelpaszki/masters/gorts/scripts/cleanup_namespace.sh && kubectl exec -n default $(kubectl get pod -n default -l app.kubernetes.io/name=kuberay -o jsonpath='{.items[0].metadata.name}') -- sh -c 'rm -rf /coverage/*'
[Post] kubectl rollout restart deployment/kuberay-operator -n default && kubectl rollout status deployment/kuberay-operator -n default --timeout=120s && kubectl cp default/$(kubectl get pod -n default -l app.kubernetes.io/name=kuberay -o jsonpath='{.items[0].metadata.name}'):/coverage/. /Users/pawelpaszki/masters/gorts/rq2-experiments/kuberay/.cov/273d1371_635a7420/coverage/test_e2erayjob/TestRayJobWithClusterSelector
[Info] ../../rhoai/upstream/kuberay/ray-operator/test/e2erayjob/TestRayJobWithClusterSelector: pass (50196ms)
[Skip] TestDeletionStrategy
[Info] Running: ../../rhoai/upstream/kuberay/ray-operator/test/e2erayjob/TestRayJobLightWeightMode
[Pre] /Users/pawelpaszki/masters/gorts/scripts/cleanup_namespace.sh && kubectl exec -n default $(kubectl get pod -n default -l app.kubernetes.io/name=kuberay -o jsonpath='{.items[0].metadata.name}') -- sh -c 'rm -rf /coverage/*'
[Post] kubectl rollout restart deployment/kuberay-operator -n default && kubectl rollout status deployment/kuberay-operator -n default --timeout=120s && kubectl cp default/$(kubectl get pod -n default -l app.kubernetes.io/name=kuberay -o jsonpath='{.items[0].metadata.name}'):/coverage/. /Users/pawelpaszki/masters/gorts/rq2-experiments/kuberay/.cov/273d1371_635a7420/coverage/test_e2erayjob/TestRayJobLightWeightMode
[Info] ../../rhoai/upstream/kuberay/ray-operator/test/e2erayjob/TestRayJobLightWeightMode: pass (150079ms)
[Info] Running: ../../rhoai/upstream/kuberay/ray-operator/test/e2erayjob/TestRayJobRecovery
[Pre] /Users/pawelpaszki/masters/gorts/scripts/cleanup_namespace.sh && kubectl exec -n default $(kubectl get pod -n default -l app.kubernetes.io/name=kuberay -o jsonpath='{.items[0].metadata.name}') -- sh -c 'rm -rf /coverage/*'
[Post] kubectl rollout restart deployment/kuberay-operator -n default && kubectl rollout status deployment/kuberay-operator -n default --timeout=120s && kubectl cp default/$(kubectl get pod -n default -l app.kubernetes.io/name=kuberay -o jsonpath='{.items[0].metadata.name}'):/coverage/. /Users/pawelpaszki/masters/gorts/rq2-experiments/kuberay/.cov/273d1371_635a7420/coverage/test_e2erayjob/TestRayJobRecovery
[Info] ../../rhoai/upstream/kuberay/ray-operator/test/e2erayjob/TestRayJobRecovery: pass (100206ms)
[Info] Running: ../../rhoai/upstream/kuberay/ray-operator/test/e2erayjob/TestRayJobRetry
[Pre] /Users/pawelpaszki/masters/gorts/scripts/cleanup_namespace.sh && kubectl exec -n default $(kubectl get pod -n default -l app.kubernetes.io/name=kuberay -o jsonpath='{.items[0].metadata.name}') -- sh -c 'rm -rf /coverage/*'
[Post] kubectl rollout restart deployment/kuberay-operator -n default && kubectl rollout status deployment/kuberay-operator -n default --timeout=120s && kubectl cp default/$(kubectl get pod -n default -l app.kubernetes.io/name=kuberay -o jsonpath='{.items[0].metadata.name}'):/coverage/. /Users/pawelpaszki/masters/gorts/rq2-experiments/kuberay/.cov/273d1371_635a7420/coverage/test_e2erayjob/TestRayJobRetry
[Info] ../../rhoai/upstream/kuberay/ray-operator/test/e2erayjob/TestRayJobRetry: pass (354274ms)
[Info] Running: ../../rhoai/upstream/kuberay/ray-operator/test/e2erayjob/TestRayJobSidecarMode
[Pre] /Users/pawelpaszki/masters/gorts/scripts/cleanup_namespace.sh && kubectl exec -n default $(kubectl get pod -n default -l app.kubernetes.io/name=kuberay -o jsonpath='{.items[0].metadata.name}') -- sh -c 'rm -rf /coverage/*'
[Post] kubectl rollout restart deployment/kuberay-operator -n default && kubectl rollout status deployment/kuberay-operator -n default --timeout=120s && kubectl cp default/$(kubectl get pod -n default -l app.kubernetes.io/name=kuberay -o jsonpath='{.items[0].metadata.name}'):/coverage/. /Users/pawelpaszki/masters/gorts/rq2-experiments/kuberay/.cov/273d1371_635a7420/coverage/test_e2erayjob/TestRayJobSidecarMode
[Info] ../../rhoai/upstream/kuberay/ray-operator/test/e2erayjob/TestRayJobSidecarMode: pass (476288ms)
[Info] Running: ../../rhoai/upstream/kuberay/ray-operator/test/e2erayjob/TestRayJobSuspend
[Pre] /Users/pawelpaszki/masters/gorts/scripts/cleanup_namespace.sh && kubectl exec -n default $(kubectl get pod -n default -l app.kubernetes.io/name=kuberay -o jsonpath='{.items[0].metadata.name}') -- sh -c 'rm -rf /coverage/*'
[Post] kubectl rollout restart deployment/kuberay-operator -n default && kubectl rollout status deployment/kuberay-operator -n default --timeout=120s && kubectl cp default/$(kubectl get pod -n default -l app.kubernetes.io/name=kuberay -o jsonpath='{.items[0].metadata.name}'):/coverage/. /Users/pawelpaszki/masters/gorts/rq2-experiments/kuberay/.cov/273d1371_635a7420/coverage/test_e2erayjob/TestRayJobSuspend
[Info] ../../rhoai/upstream/kuberay/ray-operator/test/e2erayjob/TestRayJobSuspend: pass (92160ms)
[Info] Running: ../../rhoai/upstream/kuberay/ray-operator/test/e2erayjob/TestRayJob
[Pre] /Users/pawelpaszki/masters/gorts/scripts/cleanup_namespace.sh && kubectl exec -n default $(kubectl get pod -n default -l app.kubernetes.io/name=kuberay -o jsonpath='{.items[0].metadata.name}') -- sh -c 'rm -rf /coverage/*'
[Post] kubectl rollout restart deployment/kuberay-operator -n default && kubectl rollout status deployment/kuberay-operator -n default --timeout=120s && kubectl cp default/$(kubectl get pod -n default -l app.kubernetes.io/name=kuberay -o jsonpath='{.items[0].metadata.name}'):/coverage/. /Users/pawelpaszki/masters/gorts/rq2-experiments/kuberay/.cov/273d1371_635a7420/coverage/test_e2erayjob/TestRayJob
    [Attempt 1 failed]
    [Retry 1/1] TestRayJob
[Pre] /Users/pawelpaszki/masters/gorts/scripts/cleanup_namespace.sh && kubectl exec -n default $(kubectl get pod -n default -l app.kubernetes.io/name=kuberay -o jsonpath='{.items[0].metadata.name}') -- sh -c 'rm -rf /coverage/*'
[Post] kubectl rollout restart deployment/kuberay-operator -n default && kubectl rollout status deployment/kuberay-operator -n default --timeout=120s && kubectl cp default/$(kubectl get pod -n default -l app.kubernetes.io/name=kuberay -o jsonpath='{.items[0].metadata.name}'):/coverage/. /Users/pawelpaszki/masters/gorts/rq2-experiments/kuberay/.cov/273d1371_635a7420/coverage/test_e2erayjob/TestRayJob
[Info] ../../rhoai/upstream/kuberay/ray-operator/test/e2erayjob/TestRayJob: pass (463486ms)
[Info] Running: ../../rhoai/upstream/kuberay/ray-operator/test/e2erayjobsubmitter/TestRayJobSubmitter
[Pre] /Users/pawelpaszki/masters/gorts/scripts/cleanup_namespace.sh && kubectl exec -n default $(kubectl get pod -n default -l app.kubernetes.io/name=kuberay -o jsonpath='{.items[0].metadata.name}') -- sh -c 'rm -rf /coverage/*'
[Post] kubectl rollout restart deployment/kuberay-operator -n default && kubectl rollout status deployment/kuberay-operator -n default --timeout=120s && kubectl cp default/$(kubectl get pod -n default -l app.kubernetes.io/name=kuberay -o jsonpath='{.items[0].metadata.name}'):/coverage/. /Users/pawelpaszki/masters/gorts/rq2-experiments/kuberay/.cov/273d1371_635a7420/coverage/test_e2erayjobsubmitter/TestRayJobSubmitter
[Info] ../../rhoai/upstream/kuberay/ray-operator/test/e2erayjobsubmitter/TestRayJobSubmitter: pass (119463ms)
[Skip] TestZeroDowntimeUpgradeAfterOperatorUpgrade
[Info] Running: ../../rhoai/upstream/kuberay/ray-operator/test/sampleyaml/TestRayCluster
[Pre] /Users/pawelpaszki/masters/gorts/scripts/cleanup_namespace.sh && kubectl exec -n default $(kubectl get pod -n default -l app.kubernetes.io/name=kuberay -o jsonpath='{.items[0].metadata.name}') -- sh -c 'rm -rf /coverage/*'
[Post] kubectl rollout restart deployment/kuberay-operator -n default && kubectl rollout status deployment/kuberay-operator -n default --timeout=120s && kubectl cp default/$(kubectl get pod -n default -l app.kubernetes.io/name=kuberay -o jsonpath='{.items[0].metadata.name}'):/coverage/. /Users/pawelpaszki/masters/gorts/rq2-experiments/kuberay/.cov/273d1371_635a7420/coverage/test_sampleyaml/TestRayCluster
[Info] ../../rhoai/upstream/kuberay/ray-operator/test/sampleyaml/TestRayCluster: pass (657766ms)
[Info] Running: ../../rhoai/upstream/kuberay/ray-operator/test/sampleyaml/TestRayJob
[Pre] /Users/pawelpaszki/masters/gorts/scripts/cleanup_namespace.sh && kubectl exec -n default $(kubectl get pod -n default -l app.kubernetes.io/name=kuberay -o jsonpath='{.items[0].metadata.name}') -- sh -c 'rm -rf /coverage/*'
[Post] kubectl rollout restart deployment/kuberay-operator -n default && kubectl rollout status deployment/kuberay-operator -n default --timeout=120s && kubectl cp default/$(kubectl get pod -n default -l app.kubernetes.io/name=kuberay -o jsonpath='{.items[0].metadata.name}'):/coverage/. /Users/pawelpaszki/masters/gorts/rq2-experiments/kuberay/.cov/273d1371_635a7420/coverage/test_sampleyaml/TestRayJob
[Info] ../../rhoai/upstream/kuberay/ray-operator/test/sampleyaml/TestRayJob: pass (172243ms)
[Info] Running: ../../rhoai/upstream/kuberay/ray-operator/test/sampleyaml/TestRayJobInteractiveMode
[Pre] /Users/pawelpaszki/masters/gorts/scripts/cleanup_namespace.sh && kubectl exec -n default $(kubectl get pod -n default -l app.kubernetes.io/name=kuberay -o jsonpath='{.items[0].metadata.name}') -- sh -c 'rm -rf /coverage/*'
[Post] kubectl rollout restart deployment/kuberay-operator -n default && kubectl rollout status deployment/kuberay-operator -n default --timeout=120s && kubectl cp default/$(kubectl get pod -n default -l app.kubernetes.io/name=kuberay -o jsonpath='{.items[0].metadata.name}'):/coverage/. /Users/pawelpaszki/masters/gorts/rq2-experiments/kuberay/.cov/273d1371_635a7420/coverage/test_sampleyaml/TestRayJobInteractiveMode
[Info] ../../rhoai/upstream/kuberay/ray-operator/test/sampleyaml/TestRayJobInteractiveMode: pass (27075ms)
[Info] Running: ../../rhoai/upstream/kuberay/ray-operator/test/sampleyaml/TestRayService
[Pre] /Users/pawelpaszki/masters/gorts/scripts/cleanup_namespace.sh && kubectl exec -n default $(kubectl get pod -n default -l app.kubernetes.io/name=kuberay -o jsonpath='{.items[0].metadata.name}') -- sh -c 'rm -rf /coverage/*'
[Post] kubectl rollout restart deployment/kuberay-operator -n default && kubectl rollout status deployment/kuberay-operator -n default --timeout=120s && kubectl cp default/$(kubectl get pod -n default -l app.kubernetes.io/name=kuberay -o jsonpath='{.items[0].metadata.name}'):/coverage/. /Users/pawelpaszki/masters/gorts/rq2-experiments/kuberay/.cov/273d1371_635a7420/coverage/test_sampleyaml/TestRayService
[Info] ../../rhoai/upstream/kuberay/ray-operator/test/sampleyaml/TestRayService: pass (100656ms)
[Skip] TestRayServiceIncrementalUpgrade
[Skip] TestRayServiceIncrementalUpgradeWithLocust
[Skip] TestRayServiceIncrementalUpgradeRollback
[Info] Running: ../../rhoai/upstream/kuberay/ray-operator/test/e2erayservice/TestRayServiceAuthToken
[Pre] /Users/pawelpaszki/masters/gorts/scripts/cleanup_namespace.sh && kubectl exec -n default $(kubectl get pod -n default -l app.kubernetes.io/name=kuberay -o jsonpath='{.items[0].metadata.name}') -- sh -c 'rm -rf /coverage/*'
[Post] kubectl rollout restart deployment/kuberay-operator -n default && kubectl rollout status deployment/kuberay-operator -n default --timeout=120s && kubectl cp default/$(kubectl get pod -n default -l app.kubernetes.io/name=kuberay -o jsonpath='{.items[0].metadata.name}'):/coverage/. /Users/pawelpaszki/masters/gorts/rq2-experiments/kuberay/.cov/273d1371_635a7420/coverage/test_e2erayservice/TestRayServiceAuthToken
[Info] ../../rhoai/upstream/kuberay/ray-operator/test/e2erayservice/TestRayServiceAuthToken: pass (27067ms)
[Info] Running: ../../rhoai/upstream/kuberay/ray-operator/test/e2erayservice/TestStaticRayService
[Pre] /Users/pawelpaszki/masters/gorts/scripts/cleanup_namespace.sh && kubectl exec -n default $(kubectl get pod -n default -l app.kubernetes.io/name=kuberay -o jsonpath='{.items[0].metadata.name}') -- sh -c 'rm -rf /coverage/*'
[Post] kubectl rollout restart deployment/kuberay-operator -n default && kubectl rollout status deployment/kuberay-operator -n default --timeout=120s && kubectl cp default/$(kubectl get pod -n default -l app.kubernetes.io/name=kuberay -o jsonpath='{.items[0].metadata.name}'):/coverage/. /Users/pawelpaszki/masters/gorts/rq2-experiments/kuberay/.cov/273d1371_635a7420/coverage/test_e2erayservice/TestStaticRayService
[Info] ../../rhoai/upstream/kuberay/ray-operator/test/e2erayservice/TestStaticRayService: pass (234162ms)
[Info] Running: ../../rhoai/upstream/kuberay/ray-operator/test/e2erayservice/TestAutoscalingRayService
[Pre] /Users/pawelpaszki/masters/gorts/scripts/cleanup_namespace.sh && kubectl exec -n default $(kubectl get pod -n default -l app.kubernetes.io/name=kuberay -o jsonpath='{.items[0].metadata.name}') -- sh -c 'rm -rf /coverage/*'
[Post] kubectl rollout restart deployment/kuberay-operator -n default && kubectl rollout status deployment/kuberay-operator -n default --timeout=120s && kubectl cp default/$(kubectl get pod -n default -l app.kubernetes.io/name=kuberay -o jsonpath='{.items[0].metadata.name}'):/coverage/. /Users/pawelpaszki/masters/gorts/rq2-experiments/kuberay/.cov/273d1371_635a7420/coverage/test_e2erayservice/TestAutoscalingRayService
[Info] ../../rhoai/upstream/kuberay/ray-operator/test/e2erayservice/TestAutoscalingRayService: pass (272019ms)
[Info] Running: ../../rhoai/upstream/kuberay/ray-operator/test/e2erayservice/TestRayServiceZeroDowntimeUpgrade
[Pre] /Users/pawelpaszki/masters/gorts/scripts/cleanup_namespace.sh && kubectl exec -n default $(kubectl get pod -n default -l app.kubernetes.io/name=kuberay -o jsonpath='{.items[0].metadata.name}') -- sh -c 'rm -rf /coverage/*'
[Post] kubectl rollout restart deployment/kuberay-operator -n default && kubectl rollout status deployment/kuberay-operator -n default --timeout=120s && kubectl cp default/$(kubectl get pod -n default -l app.kubernetes.io/name=kuberay -o jsonpath='{.items[0].metadata.name}'):/coverage/. /Users/pawelpaszki/masters/gorts/rq2-experiments/kuberay/.cov/273d1371_635a7420/coverage/test_e2erayservice/TestRayServiceZeroDowntimeUpgrade
[Info] ../../rhoai/upstream/kuberay/ray-operator/test/e2erayservice/TestRayServiceZeroDowntimeUpgrade: pass (232292ms)
[Info] Running: ../../rhoai/upstream/kuberay/ray-operator/test/e2erayservice/TestRayServiceGCSFaultTolerance
[Pre] /Users/pawelpaszki/masters/gorts/scripts/cleanup_namespace.sh && kubectl exec -n default $(kubectl get pod -n default -l app.kubernetes.io/name=kuberay -o jsonpath='{.items[0].metadata.name}') -- sh -c 'rm -rf /coverage/*'
[Post] kubectl rollout restart deployment/kuberay-operator -n default && kubectl rollout status deployment/kuberay-operator -n default --timeout=120s && kubectl cp default/$(kubectl get pod -n default -l app.kubernetes.io/name=kuberay -o jsonpath='{.items[0].metadata.name}'):/coverage/. /Users/pawelpaszki/masters/gorts/rq2-experiments/kuberay/.cov/273d1371_635a7420/coverage/test_e2erayservice/TestRayServiceGCSFaultTolerance
[Info] ../../rhoai/upstream/kuberay/ray-operator/test/e2erayservice/TestRayServiceGCSFaultTolerance: pass (256847ms)
[Info] Running: ../../rhoai/upstream/kuberay/ray-operator/test/e2erayservice/TestRayServiceRayClusterDeletionDelaySeconds
[Pre] /Users/pawelpaszki/masters/gorts/scripts/cleanup_namespace.sh && kubectl exec -n default $(kubectl get pod -n default -l app.kubernetes.io/name=kuberay -o jsonpath='{.items[0].metadata.name}') -- sh -c 'rm -rf /coverage/*'
[Post] kubectl rollout restart deployment/kuberay-operator -n default && kubectl rollout status deployment/kuberay-operator -n default --timeout=120s && kubectl cp default/$(kubectl get pod -n default -l app.kubernetes.io/name=kuberay -o jsonpath='{.items[0].metadata.name}'):/coverage/. /Users/pawelpaszki/masters/gorts/rq2-experiments/kuberay/.cov/273d1371_635a7420/coverage/test_e2erayservice/TestRayServiceRayClusterDeletionDelaySeconds
[Info] ../../rhoai/upstream/kuberay/ray-operator/test/e2erayservice/TestRayServiceRayClusterDeletionDelaySeconds: pass (87284ms)
[Info] Running: ../../rhoai/upstream/kuberay/ray-operator/test/e2erayservice/TestRayServiceInPlaceUpdate
[Pre] /Users/pawelpaszki/masters/gorts/scripts/cleanup_namespace.sh && kubectl exec -n default $(kubectl get pod -n default -l app.kubernetes.io/name=kuberay -o jsonpath='{.items[0].metadata.name}') -- sh -c 'rm -rf /coverage/*'
[Post] kubectl rollout restart deployment/kuberay-operator -n default && kubectl rollout status deployment/kuberay-operator -n default --timeout=120s && kubectl cp default/$(kubectl get pod -n default -l app.kubernetes.io/name=kuberay -o jsonpath='{.items[0].metadata.name}'):/coverage/. /Users/pawelpaszki/masters/gorts/rq2-experiments/kuberay/.cov/273d1371_635a7420/coverage/test_e2erayservice/TestRayServiceInPlaceUpdate
[Info] ../../rhoai/upstream/kuberay/ray-operator/test/e2erayservice/TestRayServiceInPlaceUpdate: pass (35577ms)
[Info] Running: ../../rhoai/upstream/kuberay/ray-operator/test/e2erayservice/TestUpdateServeConfigAndRayClusterSpec
[Pre] /Users/pawelpaszki/masters/gorts/scripts/cleanup_namespace.sh && kubectl exec -n default $(kubectl get pod -n default -l app.kubernetes.io/name=kuberay -o jsonpath='{.items[0].metadata.name}') -- sh -c 'rm -rf /coverage/*'
[Post] kubectl rollout restart deployment/kuberay-operator -n default && kubectl rollout status deployment/kuberay-operator -n default --timeout=120s && kubectl cp default/$(kubectl get pod -n default -l app.kubernetes.io/name=kuberay -o jsonpath='{.items[0].metadata.name}'):/coverage/. /Users/pawelpaszki/masters/gorts/rq2-experiments/kuberay/.cov/273d1371_635a7420/coverage/test_e2erayservice/TestUpdateServeConfigAndRayClusterSpec
[Info] ../../rhoai/upstream/kuberay/ray-operator/test/e2erayservice/TestUpdateServeConfigAndRayClusterSpec: pass (49329ms)
[Info] Running: ../../rhoai/upstream/kuberay/ray-operator/test/e2erayservice/TestUpdateServeConfigAndRayClusterSpecWithUpgradeDisabled
[Pre] /Users/pawelpaszki/masters/gorts/scripts/cleanup_namespace.sh && kubectl exec -n default $(kubectl get pod -n default -l app.kubernetes.io/name=kuberay -o jsonpath='{.items[0].metadata.name}') -- sh -c 'rm -rf /coverage/*'
[Post] kubectl rollout restart deployment/kuberay-operator -n default && kubectl rollout status deployment/kuberay-operator -n default --timeout=120s && kubectl cp default/$(kubectl get pod -n default -l app.kubernetes.io/name=kuberay -o jsonpath='{.items[0].metadata.name}'):/coverage/. /Users/pawelpaszki/masters/gorts/rq2-experiments/kuberay/.cov/273d1371_635a7420/coverage/test_e2erayservice/TestUpdateServeConfigAndRayClusterSpecWithUpgradeDisabled
[Info] ../../rhoai/upstream/kuberay/ray-operator/test/e2erayservice/TestUpdateServeConfigAndRayClusterSpecWithUpgradeDisabled: pass (31323ms)
[Info] Running: ../../rhoai/upstream/kuberay/ray-operator/test/e2erayservice/TestRayServiceBecomesReadyBeforeTimeout
[Pre] /Users/pawelpaszki/masters/gorts/scripts/cleanup_namespace.sh && kubectl exec -n default $(kubectl get pod -n default -l app.kubernetes.io/name=kuberay -o jsonpath='{.items[0].metadata.name}') -- sh -c 'rm -rf /coverage/*'
[Post] kubectl rollout restart deployment/kuberay-operator -n default && kubectl rollout status deployment/kuberay-operator -n default --timeout=120s && kubectl cp default/$(kubectl get pod -n default -l app.kubernetes.io/name=kuberay -o jsonpath='{.items[0].metadata.name}'):/coverage/. /Users/pawelpaszki/masters/gorts/rq2-experiments/kuberay/.cov/273d1371_635a7420/coverage/test_e2erayservice/TestRayServiceBecomesReadyBeforeTimeout
[Info] ../../rhoai/upstream/kuberay/ray-operator/test/e2erayservice/TestRayServiceBecomesReadyBeforeTimeout: pass (26988ms)
[Info] Running: ../../rhoai/upstream/kuberay/ray-operator/test/e2erayservice/TestRayServiceInitializingTimeoutTerminalFailure
[Pre] /Users/pawelpaszki/masters/gorts/scripts/cleanup_namespace.sh && kubectl exec -n default $(kubectl get pod -n default -l app.kubernetes.io/name=kuberay -o jsonpath='{.items[0].metadata.name}') -- sh -c 'rm -rf /coverage/*'
[Post] kubectl rollout restart deployment/kuberay-operator -n default && kubectl rollout status deployment/kuberay-operator -n default --timeout=120s && kubectl cp default/$(kubectl get pod -n default -l app.kubernetes.io/name=kuberay -o jsonpath='{.items[0].metadata.name}'):/coverage/. /Users/pawelpaszki/masters/gorts/rq2-experiments/kuberay/.cov/273d1371_635a7420/coverage/test_e2erayservice/TestRayServiceInitializingTimeoutTerminalFailure
[Info] ../../rhoai/upstream/kuberay/ray-operator/test/e2erayservice/TestRayServiceInitializingTimeoutTerminalFailure: pass (29205ms)
[Info] Running: ../../rhoai/upstream/kuberay/ray-operator/test/e2erayservice/TestRedeployRayServe
[Pre] /Users/pawelpaszki/masters/gorts/scripts/cleanup_namespace.sh && kubectl exec -n default $(kubectl get pod -n default -l app.kubernetes.io/name=kuberay -o jsonpath='{.items[0].metadata.name}') -- sh -c 'rm -rf /coverage/*'
[Post] kubectl rollout restart deployment/kuberay-operator -n default && kubectl rollout status deployment/kuberay-operator -n default --timeout=120s && kubectl cp default/$(kubectl get pod -n default -l app.kubernetes.io/name=kuberay -o jsonpath='{.items[0].metadata.name}'):/coverage/. /Users/pawelpaszki/masters/gorts/rq2-experiments/kuberay/.cov/273d1371_635a7420/coverage/test_e2erayservice/TestRedeployRayServe
[Info] ../../rhoai/upstream/kuberay/ray-operator/test/e2erayservice/TestRedeployRayServe: pass (47918ms)
[Info] Running: ../../rhoai/upstream/kuberay/ray-operator/test/e2erayservice/TestOldHeadPodFailDuringUpgrade
[Pre] /Users/pawelpaszki/masters/gorts/scripts/cleanup_namespace.sh && kubectl exec -n default $(kubectl get pod -n default -l app.kubernetes.io/name=kuberay -o jsonpath='{.items[0].metadata.name}') -- sh -c 'rm -rf /coverage/*'
[Post] kubectl rollout restart deployment/kuberay-operator -n default && kubectl rollout status deployment/kuberay-operator -n default --timeout=120s && kubectl cp default/$(kubectl get pod -n default -l app.kubernetes.io/name=kuberay -o jsonpath='{.items[0].metadata.name}'):/coverage/. /Users/pawelpaszki/masters/gorts/rq2-experiments/kuberay/.cov/273d1371_635a7420/coverage/test_e2erayservice/TestOldHeadPodFailDuringUpgrade
[Info] ../../rhoai/upstream/kuberay/ray-operator/test/e2erayservice/TestOldHeadPodFailDuringUpgrade: pass (86920ms)
[Info] Running: ../../rhoai/upstream/kuberay/ray-operator/test/e2erayservice/TestRayServiceValidation
[Pre] /Users/pawelpaszki/masters/gorts/scripts/cleanup_namespace.sh && kubectl exec -n default $(kubectl get pod -n default -l app.kubernetes.io/name=kuberay -o jsonpath='{.items[0].metadata.name}') -- sh -c 'rm -rf /coverage/*'
[Post] kubectl rollout restart deployment/kuberay-operator -n default && kubectl rollout status deployment/kuberay-operator -n default --timeout=120s && kubectl cp default/$(kubectl get pod -n default -l app.kubernetes.io/name=kuberay -o jsonpath='{.items[0].metadata.name}'):/coverage/. /Users/pawelpaszki/masters/gorts/rq2-experiments/kuberay/.cov/273d1371_635a7420/coverage/test_e2erayservice/TestRayServiceValidation
[Info] ../../rhoai/upstream/kuberay/ray-operator/test/e2erayservice/TestRayServiceValidation: pass (6987ms)
[Info] Running: ../../rhoai/upstream/kuberay/ray-operator/test/e2erayservice/TestRayServiceManagedBy
[Pre] /Users/pawelpaszki/masters/gorts/scripts/cleanup_namespace.sh && kubectl exec -n default $(kubectl get pod -n default -l app.kubernetes.io/name=kuberay -o jsonpath='{.items[0].metadata.name}') -- sh -c 'rm -rf /coverage/*'
[Post] kubectl rollout restart deployment/kuberay-operator -n default && kubectl rollout status deployment/kuberay-operator -n default --timeout=120s && kubectl cp default/$(kubectl get pod -n default -l app.kubernetes.io/name=kuberay -o jsonpath='{.items[0].metadata.name}'):/coverage/. /Users/pawelpaszki/masters/gorts/rq2-experiments/kuberay/.cov/273d1371_635a7420/coverage/test_e2erayservice/TestRayServiceManagedBy
[Info] ../../rhoai/upstream/kuberay/ray-operator/test/e2erayservice/TestRayServiceManagedBy: pass (29548ms)
[Info] Running: ../../rhoai/upstream/kuberay/ray-operator/test/e2e/TestRayClusterAuthOptions
[Pre] /Users/pawelpaszki/masters/gorts/scripts/cleanup_namespace.sh && kubectl exec -n default $(kubectl get pod -n default -l app.kubernetes.io/name=kuberay -o jsonpath='{.items[0].metadata.name}') -- sh -c 'rm -rf /coverage/*'
[Post] kubectl rollout restart deployment/kuberay-operator -n default && kubectl rollout status deployment/kuberay-operator -n default --timeout=120s && kubectl cp default/$(kubectl get pod -n default -l app.kubernetes.io/name=kuberay -o jsonpath='{.items[0].metadata.name}'):/coverage/. /Users/pawelpaszki/masters/gorts/rq2-experiments/kuberay/.cov/273d1371_635a7420/coverage/test_e2e/TestRayClusterAuthOptions
[Info] ../../rhoai/upstream/kuberay/ray-operator/test/e2e/TestRayClusterAuthOptions: pass (37743ms)
[Info] Running: ../../rhoai/upstream/kuberay/ray-operator/test/e2e/TestRayClusterGCSFaultTolerance
[Pre] /Users/pawelpaszki/masters/gorts/scripts/cleanup_namespace.sh && kubectl exec -n default $(kubectl get pod -n default -l app.kubernetes.io/name=kuberay -o jsonpath='{.items[0].metadata.name}') -- sh -c 'rm -rf /coverage/*'
[Post] kubectl rollout restart deployment/kuberay-operator -n default && kubectl rollout status deployment/kuberay-operator -n default --timeout=120s && kubectl cp default/$(kubectl get pod -n default -l app.kubernetes.io/name=kuberay -o jsonpath='{.items[0].metadata.name}'):/coverage/. /Users/pawelpaszki/masters/gorts/rq2-experiments/kuberay/.cov/273d1371_635a7420/coverage/test_e2e/TestRayClusterGCSFaultTolerance
[Info] ../../rhoai/upstream/kuberay/ray-operator/test/e2e/TestRayClusterGCSFaultTolerance: pass (177696ms)
[Info] Running: ../../rhoai/upstream/kuberay/ray-operator/test/e2e/TestGcsFaultToleranceOptions
[Pre] /Users/pawelpaszki/masters/gorts/scripts/cleanup_namespace.sh && kubectl exec -n default $(kubectl get pod -n default -l app.kubernetes.io/name=kuberay -o jsonpath='{.items[0].metadata.name}') -- sh -c 'rm -rf /coverage/*'
[Post] kubectl rollout restart deployment/kuberay-operator -n default && kubectl rollout status deployment/kuberay-operator -n default --timeout=120s && kubectl cp default/$(kubectl get pod -n default -l app.kubernetes.io/name=kuberay -o jsonpath='{.items[0].metadata.name}'):/coverage/. /Users/pawelpaszki/masters/gorts/rq2-experiments/kuberay/.cov/273d1371_635a7420/coverage/test_e2e/TestGcsFaultToleranceOptions
[Info] ../../rhoai/upstream/kuberay/ray-operator/test/e2e/TestGcsFaultToleranceOptions: pass (161672ms)
[Info] Running: ../../rhoai/upstream/kuberay/ray-operator/test/e2e/TestGcsFaultToleranceAnnotations
[Pre] /Users/pawelpaszki/masters/gorts/scripts/cleanup_namespace.sh && kubectl exec -n default $(kubectl get pod -n default -l app.kubernetes.io/name=kuberay -o jsonpath='{.items[0].metadata.name}') -- sh -c 'rm -rf /coverage/*'
[Post] kubectl rollout restart deployment/kuberay-operator -n default && kubectl rollout status deployment/kuberay-operator -n default --timeout=120s && kubectl cp default/$(kubectl get pod -n default -l app.kubernetes.io/name=kuberay -o jsonpath='{.items[0].metadata.name}'):/coverage/. /Users/pawelpaszki/masters/gorts/rq2-experiments/kuberay/.cov/273d1371_635a7420/coverage/test_e2e/TestGcsFaultToleranceAnnotations
[Info] ../../rhoai/upstream/kuberay/ray-operator/test/e2e/TestGcsFaultToleranceAnnotations: pass (169343ms)
[Info] Running: ../../rhoai/upstream/kuberay/ray-operator/test/e2e/TestRayClusterSingleHostMultiSlice
[Pre] /Users/pawelpaszki/masters/gorts/scripts/cleanup_namespace.sh && kubectl exec -n default $(kubectl get pod -n default -l app.kubernetes.io/name=kuberay -o jsonpath='{.items[0].metadata.name}') -- sh -c 'rm -rf /coverage/*'
[Post] kubectl rollout restart deployment/kuberay-operator -n default && kubectl rollout status deployment/kuberay-operator -n default --timeout=120s && kubectl cp default/$(kubectl get pod -n default -l app.kubernetes.io/name=kuberay -o jsonpath='{.items[0].metadata.name}'):/coverage/. /Users/pawelpaszki/masters/gorts/rq2-experiments/kuberay/.cov/273d1371_635a7420/coverage/test_e2e/TestRayClusterSingleHostMultiSlice
[Info] ../../rhoai/upstream/kuberay/ray-operator/test/e2e/TestRayClusterSingleHostMultiSlice: pass (27811ms)
[Info] Running: ../../rhoai/upstream/kuberay/ray-operator/test/e2e/TestRayClusterMultiHostMultiSlice
[Pre] /Users/pawelpaszki/masters/gorts/scripts/cleanup_namespace.sh && kubectl exec -n default $(kubectl get pod -n default -l app.kubernetes.io/name=kuberay -o jsonpath='{.items[0].metadata.name}') -- sh -c 'rm -rf /coverage/*'
[Post] kubectl rollout restart deployment/kuberay-operator -n default && kubectl rollout status deployment/kuberay-operator -n default --timeout=120s && kubectl cp default/$(kubectl get pod -n default -l app.kubernetes.io/name=kuberay -o jsonpath='{.items[0].metadata.name}'):/coverage/. /Users/pawelpaszki/masters/gorts/rq2-experiments/kuberay/.cov/273d1371_635a7420/coverage/test_e2e/TestRayClusterMultiHostMultiSlice
[Info] ../../rhoai/upstream/kuberay/ray-operator/test/e2e/TestRayClusterMultiHostMultiSlice: pass (34469ms)
[Info] Running: ../../rhoai/upstream/kuberay/ray-operator/test/e2e/TestRayClusterManagedBy
[Pre] /Users/pawelpaszki/masters/gorts/scripts/cleanup_namespace.sh && kubectl exec -n default $(kubectl get pod -n default -l app.kubernetes.io/name=kuberay -o jsonpath='{.items[0].metadata.name}') -- sh -c 'rm -rf /coverage/*'
[Post] kubectl rollout restart deployment/kuberay-operator -n default && kubectl rollout status deployment/kuberay-operator -n default --timeout=120s && kubectl cp default/$(kubectl get pod -n default -l app.kubernetes.io/name=kuberay -o jsonpath='{.items[0].metadata.name}'):/coverage/. /Users/pawelpaszki/masters/gorts/rq2-experiments/kuberay/.cov/273d1371_635a7420/coverage/test_e2e/TestRayClusterManagedBy
[Info] ../../rhoai/upstream/kuberay/ray-operator/test/e2e/TestRayClusterManagedBy: pass (30060ms)
[Info] Running: ../../rhoai/upstream/kuberay/ray-operator/test/e2e/TestRayClusterSuspend
[Pre] /Users/pawelpaszki/masters/gorts/scripts/cleanup_namespace.sh && kubectl exec -n default $(kubectl get pod -n default -l app.kubernetes.io/name=kuberay -o jsonpath='{.items[0].metadata.name}') -- sh -c 'rm -rf /coverage/*'
[Post] kubectl rollout restart deployment/kuberay-operator -n default && kubectl rollout status deployment/kuberay-operator -n default --timeout=120s && kubectl cp default/$(kubectl get pod -n default -l app.kubernetes.io/name=kuberay -o jsonpath='{.items[0].metadata.name}'):/coverage/. /Users/pawelpaszki/masters/gorts/rq2-experiments/kuberay/.cov/273d1371_635a7420/coverage/test_e2e/TestRayClusterSuspend
[Info] ../../rhoai/upstream/kuberay/ray-operator/test/e2e/TestRayClusterSuspend: pass (81914ms)
[Info] Running: ../../rhoai/upstream/kuberay/ray-operator/test/e2e/TestRayClusterWithResourceQuota
[Pre] /Users/pawelpaszki/masters/gorts/scripts/cleanup_namespace.sh && kubectl exec -n default $(kubectl get pod -n default -l app.kubernetes.io/name=kuberay -o jsonpath='{.items[0].metadata.name}') -- sh -c 'rm -rf /coverage/*'
[Post] kubectl rollout restart deployment/kuberay-operator -n default && kubectl rollout status deployment/kuberay-operator -n default --timeout=120s && kubectl cp default/$(kubectl get pod -n default -l app.kubernetes.io/name=kuberay -o jsonpath='{.items[0].metadata.name}'):/coverage/. /Users/pawelpaszki/masters/gorts/rq2-experiments/kuberay/.cov/273d1371_635a7420/coverage/test_e2e/TestRayClusterWithResourceQuota
[Info] ../../rhoai/upstream/kuberay/ray-operator/test/e2e/TestRayClusterWithResourceQuota: pass (6757ms)
[Info] Running: ../../rhoai/upstream/kuberay/ray-operator/test/e2e/TestRayClusterScalingDown
[Pre] /Users/pawelpaszki/masters/gorts/scripts/cleanup_namespace.sh && kubectl exec -n default $(kubectl get pod -n default -l app.kubernetes.io/name=kuberay -o jsonpath='{.items[0].metadata.name}') -- sh -c 'rm -rf /coverage/*'
[Post] kubectl rollout restart deployment/kuberay-operator -n default && kubectl rollout status deployment/kuberay-operator -n default --timeout=120s && kubectl cp default/$(kubectl get pod -n default -l app.kubernetes.io/name=kuberay -o jsonpath='{.items[0].metadata.name}'):/coverage/. /Users/pawelpaszki/masters/gorts/rq2-experiments/kuberay/.cov/273d1371_635a7420/coverage/test_e2e/TestRayClusterScalingDown
[Info] ../../rhoai/upstream/kuberay/ray-operator/test/e2e/TestRayClusterScalingDown: pass (29248ms)
[Skip] TestRayClusterUpgradeStrategy
[Info] Saved baseline to /Users/pawelpaszki/masters/gorts/rq2-experiments/kuberay/.cov/273d1371_635a7420/baseline.json

==================================================
Baseline Complete!
Tests: 50 passed, 0 failed, 50 total
Test Duration: 7656744ms
Baseline Duration: 9787483ms
Output: /Users/pawelpaszki/masters/gorts/rq2-experiments/kuberay/.cov/273d1371_635a7420/baseline.json
Coverage: /Users/pawelpaszki/masters/gorts/rq2-experiments/kuberay/.cov/273d1371_635a7420/coverage
==================================================