[Info] Running: ../../rhoai/upstream/kuberay/ray-operator/test/e2erayjobsubmitter/TestRayJobSubmitter
[Pre] /Users/pawelpaszki/masters/gorts/scripts/cleanup_namespace.sh && kubectl exec -n default $(kubectl get pod -n default -l app.kubernetes.io/name=kuberay -o jsonpath='{.items[0].metadata.name}') -- sh -c 'rm -rf /coverage/*'
[Post] kubectl rollout restart deployment/kuberay-operator -n default && kubectl rollout status deployment/kuberay-operator -n default --timeout=120s && kubectl cp default/$(kubectl get pod -n default -l app.kubernetes.io/name=kuberay -o jsonpath='{.items[0].metadata.name}'):/coverage/. /Users/pawelpaszki/masters/gorts/rq1-experiments/kuberay/.cov/9fac6771_392429f6/coverage/test_e2erayjobsubmitter/TestRayJobSubmitter
[Info] ../../rhoai/upstream/kuberay/ray-operator/test/e2erayjobsubmitter/TestRayJobSubmitter: pass (108474ms)
[Skip] TestZeroDowntimeUpgradeAfterOperatorUpgrade
[Info] Running: ../../rhoai/upstream/kuberay/ray-operator/test/sampleyaml/TestRayCluster
[Pre] /Users/pawelpaszki/masters/gorts/scripts/cleanup_namespace.sh && kubectl exec -n default $(kubectl get pod -n default -l app.kubernetes.io/name=kuberay -o jsonpath='{.items[0].metadata.name}') -- sh -c 'rm -rf /coverage/*'
[Post] kubectl rollout restart deployment/kuberay-operator -n default && kubectl rollout status deployment/kuberay-operator -n default --timeout=120s && kubectl cp default/$(kubectl get pod -n default -l app.kubernetes.io/name=kuberay -o jsonpath='{.items[0].metadata.name}'):/coverage/. /Users/pawelpaszki/masters/gorts/rq1-experiments/kuberay/.cov/9fac6771_392429f6/coverage/test_sampleyaml/TestRayCluster
[Info] ../../rhoai/upstream/kuberay/ray-operator/test/sampleyaml/TestRayCluster: pass (517562ms)
[Info] Running: ../../rhoai/upstream/kuberay/ray-operator/test/sampleyaml/TestRayJob
[Pre] /Users/pawelpaszki/masters/gorts/scripts/cleanup_namespace.sh && kubectl exec -n default $(kubectl get pod -n default -l app.kubernetes.io/name=kuberay -o jsonpath='{.items[0].metadata.name}') -- sh -c 'rm -rf /coverage/*'
[Post] kubectl rollout restart deployment/kuberay-operator -n default && kubectl rollout status deployment/kuberay-operator -n default --timeout=120s && kubectl cp default/$(kubectl get pod -n default -l app.kubernetes.io/name=kuberay -o jsonpath='{.items[0].metadata.name}'):/coverage/. /Users/pawelpaszki/masters/gorts/rq1-experiments/kuberay/.cov/9fac6771_392429f6/coverage/test_sampleyaml/TestRayJob
[Info] ../../rhoai/upstream/kuberay/ray-operator/test/sampleyaml/TestRayJob: pass (172324ms)
[Info] Running: ../../rhoai/upstream/kuberay/ray-operator/test/sampleyaml/TestRayJobInteractiveMode
[Pre] /Users/pawelpaszki/masters/gorts/scripts/cleanup_namespace.sh && kubectl exec -n default $(kubectl get pod -n default -l app.kubernetes.io/name=kuberay -o jsonpath='{.items[0].metadata.name}') -- sh -c 'rm -rf /coverage/*'
[Post] kubectl rollout restart deployment/kuberay-operator -n default && kubectl rollout status deployment/kuberay-operator -n default --timeout=120s && kubectl cp default/$(kubectl get pod -n default -l app.kubernetes.io/name=kuberay -o jsonpath='{.items[0].metadata.name}'):/coverage/. /Users/pawelpaszki/masters/gorts/rq1-experiments/kuberay/.cov/9fac6771_392429f6/coverage/test_sampleyaml/TestRayJobInteractiveMode
[Info] ../../rhoai/upstream/kuberay/ray-operator/test/sampleyaml/TestRayJobInteractiveMode: pass (26238ms)
[Info] Running: ../../rhoai/upstream/kuberay/ray-operator/test/sampleyaml/TestRayService
[Pre] /Users/pawelpaszki/masters/gorts/scripts/cleanup_namespace.sh && kubectl exec -n default $(kubectl get pod -n default -l app.kubernetes.io/name=kuberay -o jsonpath='{.items[0].metadata.name}') -- sh -c 'rm -rf /coverage/*'
[Post] kubectl rollout restart deployment/kuberay-operator -n default && kubectl rollout status deployment/kuberay-operator -n default --timeout=120s && kubectl cp default/$(kubectl get pod -n default -l app.kubernetes.io/name=kuberay -o jsonpath='{.items[0].metadata.name}'):/coverage/. /Users/pawelpaszki/masters/gorts/rq1-experiments/kuberay/.cov/9fac6771_392429f6/coverage/test_sampleyaml/TestRayService
[Info] ../../rhoai/upstream/kuberay/ray-operator/test/sampleyaml/TestRayService: pass (96199ms)
[Info] Running: ../../rhoai/upstream/kuberay/ray-operator/test/e2e/TestRayClusterAuthOptions
[Pre] /Users/pawelpaszki/masters/gorts/scripts/cleanup_namespace.sh && kubectl exec -n default $(kubectl get pod -n default -l app.kubernetes.io/name=kuberay -o jsonpath='{.items[0].metadata.name}') -- sh -c 'rm -rf /coverage/*'
[Post] kubectl rollout restart deployment/kuberay-operator -n default && kubectl rollout status deployment/kuberay-operator -n default --timeout=120s && kubectl cp default/$(kubectl get pod -n default -l app.kubernetes.io/name=kuberay -o jsonpath='{.items[0].metadata.name}'):/coverage/. /Users/pawelpaszki/masters/gorts/rq1-experiments/kuberay/.cov/9fac6771_392429f6/coverage/test_e2e/TestRayClusterAuthOptions
[Info] ../../rhoai/upstream/kuberay/ray-operator/test/e2e/TestRayClusterAuthOptions: pass (38044ms)
[Info] Running: ../../rhoai/upstream/kuberay/ray-operator/test/e2e/TestRayClusterGCSFaultTolerance
[Pre] /Users/pawelpaszki/masters/gorts/scripts/cleanup_namespace.sh && kubectl exec -n default $(kubectl get pod -n default -l app.kubernetes.io/name=kuberay -o jsonpath='{.items[0].metadata.name}') -- sh -c 'rm -rf /coverage/*'
[Post] kubectl rollout restart deployment/kuberay-operator -n default && kubectl rollout status deployment/kuberay-operator -n default --timeout=120s && kubectl cp default/$(kubectl get pod -n default -l app.kubernetes.io/name=kuberay -o jsonpath='{.items[0].metadata.name}'):/coverage/. /Users/pawelpaszki/masters/gorts/rq1-experiments/kuberay/.cov/9fac6771_392429f6/coverage/test_e2e/TestRayClusterGCSFaultTolerance
[Info] ../../rhoai/upstream/kuberay/ray-operator/test/e2e/TestRayClusterGCSFaultTolerance: pass (174862ms)
[Info] Running: ../../rhoai/upstream/kuberay/ray-operator/test/e2e/TestGcsFaultToleranceOptions
[Pre] /Users/pawelpaszki/masters/gorts/scripts/cleanup_namespace.sh && kubectl exec -n default $(kubectl get pod -n default -l app.kubernetes.io/name=kuberay -o jsonpath='{.items[0].metadata.name}') -- sh -c 'rm -rf /coverage/*'
[Post] kubectl rollout restart deployment/kuberay-operator -n default && kubectl rollout status deployment/kuberay-operator -n default --timeout=120s && kubectl cp default/$(kubectl get pod -n default -l app.kubernetes.io/name=kuberay -o jsonpath='{.items[0].metadata.name}'):/coverage/. /Users/pawelpaszki/masters/gorts/rq1-experiments/kuberay/.cov/9fac6771_392429f6/coverage/test_e2e/TestGcsFaultToleranceOptions
[Info] ../../rhoai/upstream/kuberay/ray-operator/test/e2e/TestGcsFaultToleranceOptions: pass (146673ms)
[Info] Running: ../../rhoai/upstream/kuberay/ray-operator/test/e2e/TestGcsFaultToleranceAnnotations
[Pre] /Users/pawelpaszki/masters/gorts/scripts/cleanup_namespace.sh && kubectl exec -n default $(kubectl get pod -n default -l app.kubernetes.io/name=kuberay -o jsonpath='{.items[0].metadata.name}') -- sh -c 'rm -rf /coverage/*'
[Post] kubectl rollout restart deployment/kuberay-operator -n default && kubectl rollout status deployment/kuberay-operator -n default --timeout=120s && kubectl cp default/$(kubectl get pod -n default -l app.kubernetes.io/name=kuberay -o jsonpath='{.items[0].metadata.name}'):/coverage/. /Users/pawelpaszki/masters/gorts/rq1-experiments/kuberay/.cov/9fac6771_392429f6/coverage/test_e2e/TestGcsFaultToleranceAnnotations
[Info] ../../rhoai/upstream/kuberay/ray-operator/test/e2e/TestGcsFaultToleranceAnnotations: pass (137419ms)
[Info] Running: ../../rhoai/upstream/kuberay/ray-operator/test/e2e/TestRayClusterSingleHostMultiSlice
[Pre] /Users/pawelpaszki/masters/gorts/scripts/cleanup_namespace.sh && kubectl exec -n default $(kubectl get pod -n default -l app.kubernetes.io/name=kuberay -o jsonpath='{.items[0].metadata.name}') -- sh -c 'rm -rf /coverage/*'
[Post] kubectl rollout restart deployment/kuberay-operator -n default && kubectl rollout status deployment/kuberay-operator -n default --timeout=120s && kubectl cp default/$(kubectl get pod -n default -l app.kubernetes.io/name=kuberay -o jsonpath='{.items[0].metadata.name}'):/coverage/. /Users/pawelpaszki/masters/gorts/rq1-experiments/kuberay/.cov/9fac6771_392429f6/coverage/test_e2e/TestRayClusterSingleHostMultiSlice
[Info] ../../rhoai/upstream/kuberay/ray-operator/test/e2e/TestRayClusterSingleHostMultiSlice: pass (26522ms)
[Info] Running: ../../rhoai/upstream/kuberay/ray-operator/test/e2e/TestRayClusterMultiHostMultiSlice
[Pre] /Users/pawelpaszki/masters/gorts/scripts/cleanup_namespace.sh && kubectl exec -n default $(kubectl get pod -n default -l app.kubernetes.io/name=kuberay -o jsonpath='{.items[0].metadata.name}') -- sh -c 'rm -rf /coverage/*'
[Post] kubectl rollout restart deployment/kuberay-operator -n default && kubectl rollout status deployment/kuberay-operator -n default --timeout=120s && kubectl cp default/$(kubectl get pod -n default -l app.kubernetes.io/name=kuberay -o jsonpath='{.items[0].metadata.name}'):/coverage/. /Users/pawelpaszki/masters/gorts/rq1-experiments/kuberay/.cov/9fac6771_392429f6/coverage/test_e2e/TestRayClusterMultiHostMultiSlice
[Info] ../../rhoai/upstream/kuberay/ray-operator/test/e2e/TestRayClusterMultiHostMultiSlice: pass (71112ms)
[Info] Running: ../../rhoai/upstream/kuberay/ray-operator/test/e2e/TestRayClusterManagedBy
[Pre] /Users/pawelpaszki/masters/gorts/scripts/cleanup_namespace.sh && kubectl exec -n default $(kubectl get pod -n default -l app.kubernetes.io/name=kuberay -o jsonpath='{.items[0].metadata.name}') -- sh -c 'rm -rf /coverage/*'
[Post] kubectl rollout restart deployment/kuberay-operator -n default && kubectl rollout status deployment/kuberay-operator -n default --timeout=120s && kubectl cp default/$(kubectl get pod -n default -l app.kubernetes.io/name=kuberay -o jsonpath='{.items[0].metadata.name}'):/coverage/. /Users/pawelpaszki/masters/gorts/rq1-experiments/kuberay/.cov/9fac6771_392429f6/coverage/test_e2e/TestRayClusterManagedBy
[Info] ../../rhoai/upstream/kuberay/ray-operator/test/e2e/TestRayClusterManagedBy: pass (30053ms)
[Info] Running: ../../rhoai/upstream/kuberay/ray-operator/test/e2e/TestRayClusterSuspend
[Pre] /Users/pawelpaszki/masters/gorts/scripts/cleanup_namespace.sh && kubectl exec -n default $(kubectl get pod -n default -l app.kubernetes.io/name=kuberay -o jsonpath='{.items[0].metadata.name}') -- sh -c 'rm -rf /coverage/*'
[Post] kubectl rollout restart deployment/kuberay-operator -n default && kubectl rollout status deployment/kuberay-operator -n default --timeout=120s && kubectl cp default/$(kubectl get pod -n default -l app.kubernetes.io/name=kuberay -o jsonpath='{.items[0].metadata.name}'):/coverage/. /Users/pawelpaszki/masters/gorts/rq1-experiments/kuberay/.cov/9fac6771_392429f6/coverage/test_e2e/TestRayClusterSuspend
[Info] ../../rhoai/upstream/kuberay/ray-operator/test/e2e/TestRayClusterSuspend: pass (83629ms)
[Info] Running: ../../rhoai/upstream/kuberay/ray-operator/test/e2e/TestRayClusterWithResourceQuota
[Pre] /Users/pawelpaszki/masters/gorts/scripts/cleanup_namespace.sh && kubectl exec -n default $(kubectl get pod -n default -l app.kubernetes.io/name=kuberay -o jsonpath='{.items[0].metadata.name}') -- sh -c 'rm -rf /coverage/*'
[Post] kubectl rollout restart deployment/kuberay-operator -n default && kubectl rollout status deployment/kuberay-operator -n default --timeout=120s && kubectl cp default/$(kubectl get pod -n default -l app.kubernetes.io/name=kuberay -o jsonpath='{.items[0].metadata.name}'):/coverage/. /Users/pawelpaszki/masters/gorts/rq1-experiments/kuberay/.cov/9fac6771_392429f6/coverage/test_e2e/TestRayClusterWithResourceQuota
[Info] ../../rhoai/upstream/kuberay/ray-operator/test/e2e/TestRayClusterWithResourceQuota: pass (4334ms)
[Info] Running: ../../rhoai/upstream/kuberay/ray-operator/test/e2e/TestRayClusterScalingDown
[Pre] /Users/pawelpaszki/masters/gorts/scripts/cleanup_namespace.sh && kubectl exec -n default $(kubectl get pod -n default -l app.kubernetes.io/name=kuberay -o jsonpath='{.items[0].metadata.name}') -- sh -c 'rm -rf /coverage/*'
[Post] kubectl rollout restart deployment/kuberay-operator -n default && kubectl rollout status deployment/kuberay-operator -n default --timeout=120s && kubectl cp default/$(kubectl get pod -n default -l app.kubernetes.io/name=kuberay -o jsonpath='{.items[0].metadata.name}'):/coverage/. /Users/pawelpaszki/masters/gorts/rq1-experiments/kuberay/.cov/9fac6771_392429f6/coverage/test_e2e/TestRayClusterScalingDown
[Info] ../../rhoai/upstream/kuberay/ray-operator/test/e2e/TestRayClusterScalingDown: pass (28495ms)
[Skip] TestRayClusterUpgradeStrategy
[Info] Running: ../../rhoai/upstream/kuberay/ray-operator/test/e2eautoscaler/TestRayClusterAutoscalerV2IdleTimeout
[Pre] /Users/pawelpaszki/masters/gorts/scripts/cleanup_namespace.sh && kubectl exec -n default $(kubectl get pod -n default -l app.kubernetes.io/name=kuberay -o jsonpath='{.items[0].metadata.name}') -- sh -c 'rm -rf /coverage/*'
[Post] kubectl rollout restart deployment/kuberay-operator -n default && kubectl rollout status deployment/kuberay-operator -n default --timeout=120s && kubectl cp default/$(kubectl get pod -n default -l app.kubernetes.io/name=kuberay -o jsonpath='{.items[0].metadata.name}'):/coverage/. /Users/pawelpaszki/masters/gorts/rq1-experiments/kuberay/.cov/9fac6771_392429f6/coverage/test_e2eautoscaler/TestRayClusterAutoscalerV2IdleTimeout
[Info] ../../rhoai/upstream/kuberay/ray-operator/test/e2eautoscaler/TestRayClusterAutoscalerV2IdleTimeout: pass (85791ms)
[Info] Running: ../../rhoai/upstream/kuberay/ray-operator/test/e2eautoscaler/TestRayClusterAutoscalerGPUNodesForCPUTasks
[Pre] /Users/pawelpaszki/masters/gorts/scripts/cleanup_namespace.sh && kubectl exec -n default $(kubectl get pod -n default -l app.kubernetes.io/name=kuberay -o jsonpath='{.items[0].metadata.name}') -- sh -c 'rm -rf /coverage/*'
[Post] kubectl rollout restart deployment/kuberay-operator -n default && kubectl rollout status deployment/kuberay-operator -n default --timeout=120s && kubectl cp default/$(kubectl get pod -n default -l app.kubernetes.io/name=kuberay -o jsonpath='{.items[0].metadata.name}'):/coverage/. /Users/pawelpaszki/masters/gorts/rq1-experiments/kuberay/.cov/9fac6771_392429f6/coverage/test_e2eautoscaler/TestRayClusterAutoscalerGPUNodesForCPUTasks
[Info] ../../rhoai/upstream/kuberay/ray-operator/test/e2eautoscaler/TestRayClusterAutoscalerGPUNodesForCPUTasks: pass (192551ms)
[Info] Running: ../../rhoai/upstream/kuberay/ray-operator/test/e2eautoscaler/TestRayClusterAutoscalerDoNotRemoveIdlesForPlacementGroup
[Pre] /Users/pawelpaszki/masters/gorts/scripts/cleanup_namespace.sh && kubectl exec -n default $(kubectl get pod -n default -l app.kubernetes.io/name=kuberay -o jsonpath='{.items[0].metadata.name}') -- sh -c 'rm -rf /coverage/*'
[Post] kubectl rollout restart deployment/kuberay-operator -n default && kubectl rollout status deployment/kuberay-operator -n default --timeout=120s && kubectl cp default/$(kubectl get pod -n default -l app.kubernetes.io/name=kuberay -o jsonpath='{.items[0].metadata.name}'):/coverage/. /Users/pawelpaszki/masters/gorts/rq1-experiments/kuberay/.cov/9fac6771_392429f6/coverage/test_e2eautoscaler/TestRayClusterAutoscalerDoNotRemoveIdlesForPlacementGroup
[Info] ../../rhoai/upstream/kuberay/ray-operator/test/e2eautoscaler/TestRayClusterAutoscalerDoNotRemoveIdlesForPlacementGroup: pass (140287ms)
[Info] Running: ../../rhoai/upstream/kuberay/ray-operator/test/e2eautoscaler/TestRayClusterAutoscalerSDKRequestResources
[Pre] /Users/pawelpaszki/masters/gorts/scripts/cleanup_namespace.sh && kubectl exec -n default $(kubectl get pod -n default -l app.kubernetes.io/name=kuberay -o jsonpath='{.items[0].metadata.name}') -- sh -c 'rm -rf /coverage/*'
[Post] kubectl rollout restart deployment/kuberay-operator -n default && kubectl rollout status deployment/kuberay-operator -n default --timeout=120s && kubectl cp default/$(kubectl get pod -n default -l app.kubernetes.io/name=kuberay -o jsonpath='{.items[0].metadata.name}'):/coverage/. /Users/pawelpaszki/masters/gorts/rq1-experiments/kuberay/.cov/9fac6771_392429f6/coverage/test_e2eautoscaler/TestRayClusterAutoscalerSDKRequestResources
[Info] ../../rhoai/upstream/kuberay/ray-operator/test/e2eautoscaler/TestRayClusterAutoscalerSDKRequestResources: pass (35397ms)
[Info] Running: ../../rhoai/upstream/kuberay/ray-operator/test/e2eautoscaler/TestRayClusterAutoscalerAddNewWorkerGroup
[Pre] /Users/pawelpaszki/masters/gorts/scripts/cleanup_namespace.sh && kubectl exec -n default $(kubectl get pod -n default -l app.kubernetes.io/name=kuberay -o jsonpath='{.items[0].metadata.name}') -- sh -c 'rm -rf /coverage/*'
[Post] kubectl rollout restart deployment/kuberay-operator -n default && kubectl rollout status deployment/kuberay-operator -n default --timeout=120s && kubectl cp default/$(kubectl get pod -n default -l app.kubernetes.io/name=kuberay -o jsonpath='{.items[0].metadata.name}'):/coverage/. /Users/pawelpaszki/masters/gorts/rq1-experiments/kuberay/.cov/9fac6771_392429f6/coverage/test_e2eautoscaler/TestRayClusterAutoscalerAddNewWorkerGroup
[Info] ../../rhoai/upstream/kuberay/ray-operator/test/e2eautoscaler/TestRayClusterAutoscalerAddNewWorkerGroup: pass (95302ms)
[Info] Running: ../../rhoai/upstream/kuberay/ray-operator/test/e2eautoscaler/TestRayClusterAutoscalerPlacementGroup
[Pre] /Users/pawelpaszki/masters/gorts/scripts/cleanup_namespace.sh && kubectl exec -n default $(kubectl get pod -n default -l app.kubernetes.io/name=kuberay -o jsonpath='{.items[0].metadata.name}') -- sh -c 'rm -rf /coverage/*'
[Post] kubectl rollout restart deployment/kuberay-operator -n default && kubectl rollout status deployment/kuberay-operator -n default --timeout=120s && kubectl cp default/$(kubectl get pod -n default -l app.kubernetes.io/name=kuberay -o jsonpath='{.items[0].metadata.name}'):/coverage/. /Users/pawelpaszki/masters/gorts/rq1-experiments/kuberay/.cov/9fac6771_392429f6/coverage/test_e2eautoscaler/TestRayClusterAutoscalerPlacementGroup
[Info] ../../rhoai/upstream/kuberay/ray-operator/test/e2eautoscaler/TestRayClusterAutoscalerPlacementGroup: pass (361721ms)
[Info] Running: ../../rhoai/upstream/kuberay/ray-operator/test/e2eautoscaler/TestRayClusterAutoscalerGCSFT
[Pre] /Users/pawelpaszki/masters/gorts/scripts/cleanup_namespace.sh && kubectl exec -n default $(kubectl get pod -n default -l app.kubernetes.io/name=kuberay -o jsonpath='{.items[0].metadata.name}') -- sh -c 'rm -rf /coverage/*'
[Post] kubectl rollout restart deployment/kuberay-operator -n default && kubectl rollout status deployment/kuberay-operator -n default --timeout=120s && kubectl cp default/$(kubectl get pod -n default -l app.kubernetes.io/name=kuberay -o jsonpath='{.items[0].metadata.name}'):/coverage/. /Users/pawelpaszki/masters/gorts/rq1-experiments/kuberay/.cov/9fac6771_392429f6/coverage/test_e2eautoscaler/TestRayClusterAutoscalerGCSFT
[Info] ../../rhoai/upstream/kuberay/ray-operator/test/e2eautoscaler/TestRayClusterAutoscalerGCSFT: pass (486424ms)
[Info] Running: ../../rhoai/upstream/kuberay/ray-operator/test/e2eautoscaler/TestRayClusterAutoscaler
[Pre] /Users/pawelpaszki/masters/gorts/scripts/cleanup_namespace.sh && kubectl exec -n default $(kubectl get pod -n default -l app.kubernetes.io/name=kuberay -o jsonpath='{.items[0].metadata.name}') -- sh -c 'rm -rf /coverage/*'
[Post] kubectl rollout restart deployment/kuberay-operator -n default && kubectl rollout status deployment/kuberay-operator -n default --timeout=120s && kubectl cp default/$(kubectl get pod -n default -l app.kubernetes.io/name=kuberay -o jsonpath='{.items[0].metadata.name}'):/coverage/. /Users/pawelpaszki/masters/gorts/rq1-experiments/kuberay/.cov/9fac6771_392429f6/coverage/test_e2eautoscaler/TestRayClusterAutoscaler
[Info] ../../rhoai/upstream/kuberay/ray-operator/test/e2eautoscaler/TestRayClusterAutoscaler: pass (339449ms)
[Info] Running: ../../rhoai/upstream/kuberay/ray-operator/test/e2eautoscaler/TestRayClusterAutoscalerWithFakeGPU
[Pre] /Users/pawelpaszki/masters/gorts/scripts/cleanup_namespace.sh && kubectl exec -n default $(kubectl get pod -n default -l app.kubernetes.io/name=kuberay -o jsonpath='{.items[0].metadata.name}') -- sh -c 'rm -rf /coverage/*'
[Post] kubectl rollout restart deployment/kuberay-operator -n default && kubectl rollout status deployment/kuberay-operator -n default --timeout=120s && kubectl cp default/$(kubectl get pod -n default -l app.kubernetes.io/name=kuberay -o jsonpath='{.items[0].metadata.name}'):/coverage/. /Users/pawelpaszki/masters/gorts/rq1-experiments/kuberay/.cov/9fac6771_392429f6/coverage/test_e2eautoscaler/TestRayClusterAutoscalerWithFakeGPU
[Info] ../../rhoai/upstream/kuberay/ray-operator/test/e2eautoscaler/TestRayClusterAutoscalerWithFakeGPU: pass (186711ms)
[Info] Running: ../../rhoai/upstream/kuberay/ray-operator/test/e2eautoscaler/TestRayClusterAutoscalerWithCustomResource
[Pre] /Users/pawelpaszki/masters/gorts/scripts/cleanup_namespace.sh && kubectl exec -n default $(kubectl get pod -n default -l app.kubernetes.io/name=kuberay -o jsonpath='{.items[0].metadata.name}') -- sh -c 'rm -rf /coverage/*'
[Post] kubectl rollout restart deployment/kuberay-operator -n default && kubectl rollout status deployment/kuberay-operator -n default --timeout=120s && kubectl cp default/$(kubectl get pod -n default -l app.kubernetes.io/name=kuberay -o jsonpath='{.items[0].metadata.name}'):/coverage/. /Users/pawelpaszki/masters/gorts/rq1-experiments/kuberay/.cov/9fac6771_392429f6/coverage/test_e2eautoscaler/TestRayClusterAutoscalerWithCustomResource
[Info] ../../rhoai/upstream/kuberay/ray-operator/test/e2eautoscaler/TestRayClusterAutoscalerWithCustomResource: pass (186302ms)
[Info] Running: ../../rhoai/upstream/kuberay/ray-operator/test/e2eautoscaler/TestRayClusterAutoscalerWithDesiredState
[Pre] /Users/pawelpaszki/masters/gorts/scripts/cleanup_namespace.sh && kubectl exec -n default $(kubectl get pod -n default -l app.kubernetes.io/name=kuberay -o jsonpath='{.items[0].metadata.name}') -- sh -c 'rm -rf /coverage/*'
[Post] kubectl rollout restart deployment/kuberay-operator -n default && kubectl rollout status deployment/kuberay-operator -n default --timeout=120s && kubectl cp default/$(kubectl get pod -n default -l app.kubernetes.io/name=kuberay -o jsonpath='{.items[0].metadata.name}'):/coverage/. /Users/pawelpaszki/masters/gorts/rq1-experiments/kuberay/.cov/9fac6771_392429f6/coverage/test_e2eautoscaler/TestRayClusterAutoscalerWithDesiredState
[Info] ../../rhoai/upstream/kuberay/ray-operator/test/e2eautoscaler/TestRayClusterAutoscalerWithDesiredState: pass (224412ms)
[Info] Running: ../../rhoai/upstream/kuberay/ray-operator/test/e2eautoscaler/TestRayClusterAutoscalerMinReplicasUpdate
[Pre] /Users/pawelpaszki/masters/gorts/scripts/cleanup_namespace.sh && kubectl exec -n default $(kubectl get pod -n default -l app.kubernetes.io/name=kuberay -o jsonpath='{.items[0].metadata.name}') -- sh -c 'rm -rf /coverage/*'
[Post] kubectl rollout restart deployment/kuberay-operator -n default && kubectl rollout status deployment/kuberay-operator -n default --timeout=120s && kubectl cp default/$(kubectl get pod -n default -l app.kubernetes.io/name=kuberay -o jsonpath='{.items[0].metadata.name}'):/coverage/. /Users/pawelpaszki/masters/gorts/rq1-experiments/kuberay/.cov/9fac6771_392429f6/coverage/test_e2eautoscaler/TestRayClusterAutoscalerMinReplicasUpdate
[Info] ../../rhoai/upstream/kuberay/ray-operator/test/e2eautoscaler/TestRayClusterAutoscalerMinReplicasUpdate: pass (64135ms)
[Info] Running: ../../rhoai/upstream/kuberay/ray-operator/test/e2eautoscaler/TestRayClusterAutoscalerMaxReplicasUpdate
[Pre] /Users/pawelpaszki/masters/gorts/scripts/cleanup_namespace.sh && kubectl exec -n default $(kubectl get pod -n default -l app.kubernetes.io/name=kuberay -o jsonpath='{.items[0].metadata.name}') -- sh -c 'rm -rf /coverage/*'
[Post] kubectl rollout restart deployment/kuberay-operator -n default && kubectl rollout status deployment/kuberay-operator -n default --timeout=120s && kubectl cp default/$(kubectl get pod -n default -l app.kubernetes.io/name=kuberay -o jsonpath='{.items[0].metadata.name}'):/coverage/. /Users/pawelpaszki/masters/gorts/rq1-experiments/kuberay/.cov/9fac6771_392429f6/coverage/test_e2eautoscaler/TestRayClusterAutoscalerMaxReplicasUpdate
[Info] ../../rhoai/upstream/kuberay/ray-operator/test/e2eautoscaler/TestRayClusterAutoscalerMaxReplicasUpdate: pass (148965ms)
[Info] Running: ../../rhoai/upstream/kuberay/ray-operator/test/e2erayservice/TestRayServiceAuthToken
[Pre] /Users/pawelpaszki/masters/gorts/scripts/cleanup_namespace.sh && kubectl exec -n default $(kubectl get pod -n default -l app.kubernetes.io/name=kuberay -o jsonpath='{.items[0].metadata.name}') -- sh -c 'rm -rf /coverage/*'
[Post] kubectl rollout restart deployment/kuberay-operator -n default && kubectl rollout status deployment/kuberay-operator -n default --timeout=120s && kubectl cp default/$(kubectl get pod -n default -l app.kubernetes.io/name=kuberay -o jsonpath='{.items[0].metadata.name}'):/coverage/. /Users/pawelpaszki/masters/gorts/rq1-experiments/kuberay/.cov/9fac6771_392429f6/coverage/test_e2erayservice/TestRayServiceAuthToken
[Info] ../../rhoai/upstream/kuberay/ray-operator/test/e2erayservice/TestRayServiceAuthToken: pass (24343ms)
[Info] Running: ../../rhoai/upstream/kuberay/ray-operator/test/e2erayservice/TestStaticRayService
[Pre] /Users/pawelpaszki/masters/gorts/scripts/cleanup_namespace.sh && kubectl exec -n default $(kubectl get pod -n default -l app.kubernetes.io/name=kuberay -o jsonpath='{.items[0].metadata.name}') -- sh -c 'rm -rf /coverage/*'
[Post] kubectl rollout restart deployment/kuberay-operator -n default && kubectl rollout status deployment/kuberay-operator -n default --timeout=120s && kubectl cp default/$(kubectl get pod -n default -l app.kubernetes.io/name=kuberay -o jsonpath='{.items[0].metadata.name}'):/coverage/. /Users/pawelpaszki/masters/gorts/rq1-experiments/kuberay/.cov/9fac6771_392429f6/coverage/test_e2erayservice/TestStaticRayService
[Info] ../../rhoai/upstream/kuberay/ray-operator/test/e2erayservice/TestStaticRayService: pass (225088ms)
[Info] Running: ../../rhoai/upstream/kuberay/ray-operator/test/e2erayservice/TestAutoscalingRayService
[Pre] /Users/pawelpaszki/masters/gorts/scripts/cleanup_namespace.sh && kubectl exec -n default $(kubectl get pod -n default -l app.kubernetes.io/name=kuberay -o jsonpath='{.items[0].metadata.name}') -- sh -c 'rm -rf /coverage/*'
[Post] kubectl rollout restart deployment/kuberay-operator -n default && kubectl rollout status deployment/kuberay-operator -n default --timeout=120s && kubectl cp default/$(kubectl get pod -n default -l app.kubernetes.io/name=kuberay -o jsonpath='{.items[0].metadata.name}'):/coverage/. /Users/pawelpaszki/masters/gorts/rq1-experiments/kuberay/.cov/9fac6771_392429f6/coverage/test_e2erayservice/TestAutoscalingRayService
[Info] ../../rhoai/upstream/kuberay/ray-operator/test/e2erayservice/TestAutoscalingRayService: pass (255270ms)
[Info] Running: ../../rhoai/upstream/kuberay/ray-operator/test/e2erayservice/TestRayServiceZeroDowntimeUpgrade
[Pre] /Users/pawelpaszki/masters/gorts/scripts/cleanup_namespace.sh && kubectl exec -n default $(kubectl get pod -n default -l app.kubernetes.io/name=kuberay -o jsonpath='{.items[0].metadata.name}') -- sh -c 'rm -rf /coverage/*'
[Post] kubectl rollout restart deployment/kuberay-operator -n default && kubectl rollout status deployment/kuberay-operator -n default --timeout=120s && kubectl cp default/$(kubectl get pod -n default -l app.kubernetes.io/name=kuberay -o jsonpath='{.items[0].metadata.name}'):/coverage/. /Users/pawelpaszki/masters/gorts/rq1-experiments/kuberay/.cov/9fac6771_392429f6/coverage/test_e2erayservice/TestRayServiceZeroDowntimeUpgrade
[Info] ../../rhoai/upstream/kuberay/ray-operator/test/e2erayservice/TestRayServiceZeroDowntimeUpgrade: pass (227122ms)
[Info] Running: ../../rhoai/upstream/kuberay/ray-operator/test/e2erayservice/TestRayServiceGCSFaultTolerance
[Pre] /Users/pawelpaszki/masters/gorts/scripts/cleanup_namespace.sh && kubectl exec -n default $(kubectl get pod -n default -l app.kubernetes.io/name=kuberay -o jsonpath='{.items[0].metadata.name}') -- sh -c 'rm -rf /coverage/*'
[Post] kubectl rollout restart deployment/kuberay-operator -n default && kubectl rollout status deployment/kuberay-operator -n default --timeout=120s && kubectl cp default/$(kubectl get pod -n default -l app.kubernetes.io/name=kuberay -o jsonpath='{.items[0].metadata.name}'):/coverage/. /Users/pawelpaszki/masters/gorts/rq1-experiments/kuberay/.cov/9fac6771_392429f6/coverage/test_e2erayservice/TestRayServiceGCSFaultTolerance
[Info] ../../rhoai/upstream/kuberay/ray-operator/test/e2erayservice/TestRayServiceGCSFaultTolerance: pass (254377ms)
[Info] Running: ../../rhoai/upstream/kuberay/ray-operator/test/e2erayservice/TestRayServiceRayClusterDeletionDelaySeconds
[Pre] /Users/pawelpaszki/masters/gorts/scripts/cleanup_namespace.sh && kubectl exec -n default $(kubectl get pod -n default -l app.kubernetes.io/name=kuberay -o jsonpath='{.items[0].metadata.name}') -- sh -c 'rm -rf /coverage/*'
[Post] kubectl rollout restart deployment/kuberay-operator -n default && kubectl rollout status deployment/kuberay-operator -n default --timeout=120s && kubectl cp default/$(kubectl get pod -n default -l app.kubernetes.io/name=kuberay -o jsonpath='{.items[0].metadata.name}'):/coverage/. /Users/pawelpaszki/masters/gorts/rq1-experiments/kuberay/.cov/9fac6771_392429f6/coverage/test_e2erayservice/TestRayServiceRayClusterDeletionDelaySeconds
[Info] ../../rhoai/upstream/kuberay/ray-operator/test/e2erayservice/TestRayServiceRayClusterDeletionDelaySeconds: pass (92259ms)
[Info] Running: ../../rhoai/upstream/kuberay/ray-operator/test/e2erayservice/TestRayServiceInPlaceUpdate
[Pre] /Users/pawelpaszki/masters/gorts/scripts/cleanup_namespace.sh && kubectl exec -n default $(kubectl get pod -n default -l app.kubernetes.io/name=kuberay -o jsonpath='{.items[0].metadata.name}') -- sh -c 'rm -rf /coverage/*'
[Post] kubectl rollout restart deployment/kuberay-operator -n default && kubectl rollout status deployment/kuberay-operator -n default --timeout=120s && kubectl cp default/$(kubectl get pod -n default -l app.kubernetes.io/name=kuberay -o jsonpath='{.items[0].metadata.name}'):/coverage/. /Users/pawelpaszki/masters/gorts/rq1-experiments/kuberay/.cov/9fac6771_392429f6/coverage/test_e2erayservice/TestRayServiceInPlaceUpdate
[Info] ../../rhoai/upstream/kuberay/ray-operator/test/e2erayservice/TestRayServiceInPlaceUpdate: pass (33313ms)
[Info] Running: ../../rhoai/upstream/kuberay/ray-operator/test/e2erayservice/TestUpdateServeConfigAndRayClusterSpec
[Pre] /Users/pawelpaszki/masters/gorts/scripts/cleanup_namespace.sh && kubectl exec -n default $(kubectl get pod -n default -l app.kubernetes.io/name=kuberay -o jsonpath='{.items[0].metadata.name}') -- sh -c 'rm -rf /coverage/*'
[Post] kubectl rollout restart deployment/kuberay-operator -n default && kubectl rollout status deployment/kuberay-operator -n default --timeout=120s && kubectl cp default/$(kubectl get pod -n default -l app.kubernetes.io/name=kuberay -o jsonpath='{.items[0].metadata.name}'):/coverage/. /Users/pawelpaszki/masters/gorts/rq1-experiments/kuberay/.cov/9fac6771_392429f6/coverage/test_e2erayservice/TestUpdateServeConfigAndRayClusterSpec
[Info] ../../rhoai/upstream/kuberay/ray-operator/test/e2erayservice/TestUpdateServeConfigAndRayClusterSpec: pass (53343ms)
[Info] Running: ../../rhoai/upstream/kuberay/ray-operator/test/e2erayservice/TestUpdateServeConfigAndRayClusterSpecWithUpgradeDisabled
[Pre] /Users/pawelpaszki/masters/gorts/scripts/cleanup_namespace.sh && kubectl exec -n default $(kubectl get pod -n default -l app.kubernetes.io/name=kuberay -o jsonpath='{.items[0].metadata.name}') -- sh -c 'rm -rf /coverage/*'
[Post] kubectl rollout restart deployment/kuberay-operator -n default && kubectl rollout status deployment/kuberay-operator -n default --timeout=120s && kubectl cp default/$(kubectl get pod -n default -l app.kubernetes.io/name=kuberay -o jsonpath='{.items[0].metadata.name}'):/coverage/. /Users/pawelpaszki/masters/gorts/rq1-experiments/kuberay/.cov/9fac6771_392429f6/coverage/test_e2erayservice/TestUpdateServeConfigAndRayClusterSpecWithUpgradeDisabled
[Info] ../../rhoai/upstream/kuberay/ray-operator/test/e2erayservice/TestUpdateServeConfigAndRayClusterSpecWithUpgradeDisabled: pass (30071ms)
[Info] Running: ../../rhoai/upstream/kuberay/ray-operator/test/e2erayservice/TestRayServiceBecomesReadyBeforeTimeout
[Pre] /Users/pawelpaszki/masters/gorts/scripts/cleanup_namespace.sh && kubectl exec -n default $(kubectl get pod -n default -l app.kubernetes.io/name=kuberay -o jsonpath='{.items[0].metadata.name}') -- sh -c 'rm -rf /coverage/*'
[Post] kubectl rollout restart deployment/kuberay-operator -n default && kubectl rollout status deployment/kuberay-operator -n default --timeout=120s && kubectl cp default/$(kubectl get pod -n default -l app.kubernetes.io/name=kuberay -o jsonpath='{.items[0].metadata.name}'):/coverage/. /Users/pawelpaszki/masters/gorts/rq1-experiments/kuberay/.cov/9fac6771_392429f6/coverage/test_e2erayservice/TestRayServiceBecomesReadyBeforeTimeout
[Info] ../../rhoai/upstream/kuberay/ray-operator/test/e2erayservice/TestRayServiceBecomesReadyBeforeTimeout: pass (25313ms)
[Info] Running: ../../rhoai/upstream/kuberay/ray-operator/test/e2erayservice/TestRayServiceInitializingTimeoutTerminalFailure
[Pre] /Users/pawelpaszki/masters/gorts/scripts/cleanup_namespace.sh && kubectl exec -n default $(kubectl get pod -n default -l app.kubernetes.io/name=kuberay -o jsonpath='{.items[0].metadata.name}') -- sh -c 'rm -rf /coverage/*'
[Post] kubectl rollout restart deployment/kuberay-operator -n default && kubectl rollout status deployment/kuberay-operator -n default --timeout=120s && kubectl cp default/$(kubectl get pod -n default -l app.kubernetes.io/name=kuberay -o jsonpath='{.items[0].metadata.name}'):/coverage/. /Users/pawelpaszki/masters/gorts/rq1-experiments/kuberay/.cov/9fac6771_392429f6/coverage/test_e2erayservice/TestRayServiceInitializingTimeoutTerminalFailure
[Info] ../../rhoai/upstream/kuberay/ray-operator/test/e2erayservice/TestRayServiceInitializingTimeoutTerminalFailure: pass (31093ms)
[Info] Running: ../../rhoai/upstream/kuberay/ray-operator/test/e2erayservice/TestRedeployRayServe
[Pre] /Users/pawelpaszki/masters/gorts/scripts/cleanup_namespace.sh && kubectl exec -n default $(kubectl get pod -n default -l app.kubernetes.io/name=kuberay -o jsonpath='{.items[0].metadata.name}') -- sh -c 'rm -rf /coverage/*'
[Post] kubectl rollout restart deployment/kuberay-operator -n default && kubectl rollout status deployment/kuberay-operator -n default --timeout=120s && kubectl cp default/$(kubectl get pod -n default -l app.kubernetes.io/name=kuberay -o jsonpath='{.items[0].metadata.name}'):/coverage/. /Users/pawelpaszki/masters/gorts/rq1-experiments/kuberay/.cov/9fac6771_392429f6/coverage/test_e2erayservice/TestRedeployRayServe
[Info] ../../rhoai/upstream/kuberay/ray-operator/test/e2erayservice/TestRedeployRayServe: pass (52149ms)
[Info] Running: ../../rhoai/upstream/kuberay/ray-operator/test/e2erayservice/TestOldHeadPodFailDuringUpgrade
[Pre] /Users/pawelpaszki/masters/gorts/scripts/cleanup_namespace.sh && kubectl exec -n default $(kubectl get pod -n default -l app.kubernetes.io/name=kuberay -o jsonpath='{.items[0].metadata.name}') -- sh -c 'rm -rf /coverage/*'
[Post] kubectl rollout restart deployment/kuberay-operator -n default && kubectl rollout status deployment/kuberay-operator -n default --timeout=120s && kubectl cp default/$(kubectl get pod -n default -l app.kubernetes.io/name=kuberay -o jsonpath='{.items[0].metadata.name}'):/coverage/. /Users/pawelpaszki/masters/gorts/rq1-experiments/kuberay/.cov/9fac6771_392429f6/coverage/test_e2erayservice/TestOldHeadPodFailDuringUpgrade
[Info] ../../rhoai/upstream/kuberay/ray-operator/test/e2erayservice/TestOldHeadPodFailDuringUpgrade: pass (86822ms)
[Info] Running: ../../rhoai/upstream/kuberay/ray-operator/test/e2erayservice/TestRayServiceValidation
[Pre] /Users/pawelpaszki/masters/gorts/scripts/cleanup_namespace.sh && kubectl exec -n default $(kubectl get pod -n default -l app.kubernetes.io/name=kuberay -o jsonpath='{.items[0].metadata.name}') -- sh -c 'rm -rf /coverage/*'
[Post] kubectl rollout restart deployment/kuberay-operator -n default && kubectl rollout status deployment/kuberay-operator -n default --timeout=120s && kubectl cp default/$(kubectl get pod -n default -l app.kubernetes.io/name=kuberay -o jsonpath='{.items[0].metadata.name}'):/coverage/. /Users/pawelpaszki/masters/gorts/rq1-experiments/kuberay/.cov/9fac6771_392429f6/coverage/test_e2erayservice/TestRayServiceValidation
[Info] ../../rhoai/upstream/kuberay/ray-operator/test/e2erayservice/TestRayServiceValidation: pass (8318ms)
[Info] Running: ../../rhoai/upstream/kuberay/ray-operator/test/e2erayservice/TestRayServiceManagedBy
[Pre] /Users/pawelpaszki/masters/gorts/scripts/cleanup_namespace.sh && kubectl exec -n default $(kubectl get pod -n default -l app.kubernetes.io/name=kuberay -o jsonpath='{.items[0].metadata.name}') -- sh -c 'rm -rf /coverage/*'
[Post] kubectl rollout restart deployment/kuberay-operator -n default && kubectl rollout status deployment/kuberay-operator -n default --timeout=120s && kubectl cp default/$(kubectl get pod -n default -l app.kubernetes.io/name=kuberay -o jsonpath='{.items[0].metadata.name}'):/coverage/. /Users/pawelpaszki/masters/gorts/rq1-experiments/kuberay/.cov/9fac6771_392429f6/coverage/test_e2erayservice/TestRayServiceManagedBy
[Info] ../../rhoai/upstream/kuberay/ray-operator/test/e2erayservice/TestRayServiceManagedBy: pass (27060ms)
[Skip] TestRayServiceIncrementalUpgrade
[Skip] TestRayServiceIncrementalUpgradeRollback
[Info] Running: ../../rhoai/upstream/kuberay/ray-operator/test/e2erayjob/TestRayJobWithClusterSelector
[Pre] /Users/pawelpaszki/masters/gorts/scripts/cleanup_namespace.sh && kubectl exec -n default $(kubectl get pod -n default -l app.kubernetes.io/name=kuberay -o jsonpath='{.items[0].metadata.name}') -- sh -c 'rm -rf /coverage/*'
[Post] kubectl rollout restart deployment/kuberay-operator -n default && kubectl rollout status deployment/kuberay-operator -n default --timeout=120s && kubectl cp default/$(kubectl get pod -n default -l app.kubernetes.io/name=kuberay -o jsonpath='{.items[0].metadata.name}'):/coverage/. /Users/pawelpaszki/masters/gorts/rq1-experiments/kuberay/.cov/9fac6771_392429f6/coverage/test_e2erayjob/TestRayJobWithClusterSelector
[Info] ../../rhoai/upstream/kuberay/ray-operator/test/e2erayjob/TestRayJobWithClusterSelector: pass (49866ms)
[Skip] TestDeletionStrategy
[Info] Running: ../../rhoai/upstream/kuberay/ray-operator/test/e2erayjob/TestRayJobLightWeightMode
[Pre] /Users/pawelpaszki/masters/gorts/scripts/cleanup_namespace.sh && kubectl exec -n default $(kubectl get pod -n default -l app.kubernetes.io/name=kuberay -o jsonpath='{.items[0].metadata.name}') -- sh -c 'rm -rf /coverage/*'
[Post] kubectl rollout restart deployment/kuberay-operator -n default && kubectl rollout status deployment/kuberay-operator -n default --timeout=120s && kubectl cp default/$(kubectl get pod -n default -l app.kubernetes.io/name=kuberay -o jsonpath='{.items[0].metadata.name}'):/coverage/. /Users/pawelpaszki/masters/gorts/rq1-experiments/kuberay/.cov/9fac6771_392429f6/coverage/test_e2erayjob/TestRayJobLightWeightMode
[Info] ../../rhoai/upstream/kuberay/ray-operator/test/e2erayjob/TestRayJobLightWeightMode: pass (145645ms)
[Info] Running: ../../rhoai/upstream/kuberay/ray-operator/test/e2erayjob/TestRayJobRecovery
[Pre] /Users/pawelpaszki/masters/gorts/scripts/cleanup_namespace.sh && kubectl exec -n default $(kubectl get pod -n default -l app.kubernetes.io/name=kuberay -o jsonpath='{.items[0].metadata.name}') -- sh -c 'rm -rf /coverage/*'
[Post] kubectl rollout restart deployment/kuberay-operator -n default && kubectl rollout status deployment/kuberay-operator -n default --timeout=120s && kubectl cp default/$(kubectl get pod -n default -l app.kubernetes.io/name=kuberay -o jsonpath='{.items[0].metadata.name}'):/coverage/. /Users/pawelpaszki/masters/gorts/rq1-experiments/kuberay/.cov/9fac6771_392429f6/coverage/test_e2erayjob/TestRayJobRecovery
[Info] ../../rhoai/upstream/kuberay/ray-operator/test/e2erayjob/TestRayJobRecovery: pass (102166ms)
[Info] Running: ../../rhoai/upstream/kuberay/ray-operator/test/e2erayjob/TestRayJobRetry
[Pre] /Users/pawelpaszki/masters/gorts/scripts/cleanup_namespace.sh && kubectl exec -n default $(kubectl get pod -n default -l app.kubernetes.io/name=kuberay -o jsonpath='{.items[0].metadata.name}') -- sh -c 'rm -rf /coverage/*'
[Post] kubectl rollout restart deployment/kuberay-operator -n default && kubectl rollout status deployment/kuberay-operator -n default --timeout=120s && kubectl cp default/$(kubectl get pod -n default -l app.kubernetes.io/name=kuberay -o jsonpath='{.items[0].metadata.name}'):/coverage/. /Users/pawelpaszki/masters/gorts/rq1-experiments/kuberay/.cov/9fac6771_392429f6/coverage/test_e2erayjob/TestRayJobRetry
[Info] ../../rhoai/upstream/kuberay/ray-operator/test/e2erayjob/TestRayJobRetry: pass (350550ms)
[Info] Running: ../../rhoai/upstream/kuberay/ray-operator/test/e2erayjob/TestRayJobSidecarMode
[Pre] /Users/pawelpaszki/masters/gorts/scripts/cleanup_namespace.sh && kubectl exec -n default $(kubectl get pod -n default -l app.kubernetes.io/name=kuberay -o jsonpath='{.items[0].metadata.name}') -- sh -c 'rm -rf /coverage/*'
[Post] kubectl rollout restart deployment/kuberay-operator -n default && kubectl rollout status deployment/kuberay-operator -n default --timeout=120s && kubectl cp default/$(kubectl get pod -n default -l app.kubernetes.io/name=kuberay -o jsonpath='{.items[0].metadata.name}'):/coverage/. /Users/pawelpaszki/masters/gorts/rq1-experiments/kuberay/.cov/9fac6771_392429f6/coverage/test_e2erayjob/TestRayJobSidecarMode
[Info] ../../rhoai/upstream/kuberay/ray-operator/test/e2erayjob/TestRayJobSidecarMode: pass (476249ms)
[Info] Running: ../../rhoai/upstream/kuberay/ray-operator/test/e2erayjob/TestRayJobSuspend
[Pre] /Users/pawelpaszki/masters/gorts/scripts/cleanup_namespace.sh && kubectl exec -n default $(kubectl get pod -n default -l app.kubernetes.io/name=kuberay -o jsonpath='{.items[0].metadata.name}') -- sh -c 'rm -rf /coverage/*'
[Post] kubectl rollout restart deployment/kuberay-operator -n default && kubectl rollout status deployment/kuberay-operator -n default --timeout=120s && kubectl cp default/$(kubectl get pod -n default -l app.kubernetes.io/name=kuberay -o jsonpath='{.items[0].metadata.name}'):/coverage/. /Users/pawelpaszki/masters/gorts/rq1-experiments/kuberay/.cov/9fac6771_392429f6/coverage/test_e2erayjob/TestRayJobSuspend
[Info] ../../rhoai/upstream/kuberay/ray-operator/test/e2erayjob/TestRayJobSuspend: pass (99396ms)
[Info] Running: ../../rhoai/upstream/kuberay/ray-operator/test/e2erayjob/TestRayJob
[Pre] /Users/pawelpaszki/masters/gorts/scripts/cleanup_namespace.sh && kubectl exec -n default $(kubectl get pod -n default -l app.kubernetes.io/name=kuberay -o jsonpath='{.items[0].metadata.name}') -- sh -c 'rm -rf /coverage/*'
[Post] kubectl rollout restart deployment/kuberay-operator -n default && kubectl rollout status deployment/kuberay-operator -n default --timeout=120s && kubectl cp default/$(kubectl get pod -n default -l app.kubernetes.io/name=kuberay -o jsonpath='{.items[0].metadata.name}'):/coverage/. /Users/pawelpaszki/masters/gorts/rq1-experiments/kuberay/.cov/9fac6771_392429f6/coverage/test_e2erayjob/TestRayJob
[Info] ../../rhoai/upstream/kuberay/ray-operator/test/e2erayjob/TestRayJob: pass (465496ms)
[Info] Saved baseline to /Users/pawelpaszki/masters/gorts/rq1-experiments/kuberay/.cov/9fac6771_392429f6/baseline.json

==================================================
Baseline Complete!
Tests: 50 passed, 0 failed, 50 total
Duration: 7324696ms
Output: /Users/pawelpaszki/masters/gorts/rq1-experiments/kuberay/.cov/9fac6771_392429f6/baseline.json
Coverage: /Users/pawelpaszki/masters/gorts/rq1-experiments/kuberay/.cov/9fac6771_392429f6/coverage
==================================================