[Info] Using test binary mode: /Users/pawelpaszki/masters/gorts-demo/gorts-demo-e2e.test
[Info] Running: /Users/pawelpaszki/masters/gorts-demo/test/e2e/TestE2E_BookCRUD_FullLifecycle
[Info] /Users/pawelpaszki/masters/gorts-demo/test/e2e/TestE2E_BookCRUD_FullLifecycle: pass (596ms)
[Info] Running: /Users/pawelpaszki/masters/gorts-demo/test/e2e/TestE2E_BookCRUD_MultipleBooks
[Info] /Users/pawelpaszki/masters/gorts-demo/test/e2e/TestE2E_BookCRUD_MultipleBooks: pass (14ms)
[Info] Running: /Users/pawelpaszki/masters/gorts-demo/test/e2e/TestE2E_BookCRUD_UpdateNonExistent
[Info] /Users/pawelpaszki/masters/gorts-demo/test/e2e/TestE2E_BookCRUD_UpdateNonExistent: pass (10ms)
[Info] Running: /Users/pawelpaszki/masters/gorts-demo/test/e2e/TestE2E_BookCRUD_DeleteNonExistent
[Info] /Users/pawelpaszki/masters/gorts-demo/test/e2e/TestE2E_BookCRUD_DeleteNonExistent: pass (11ms)
[Info] Running: /Users/pawelpaszki/masters/gorts-demo/test/e2e/TestE2E_BookCRUD_UpdateWithInvalidData
[Info] /Users/pawelpaszki/masters/gorts-demo/test/e2e/TestE2E_BookCRUD_UpdateWithInvalidData: pass (10ms)
[Info] Running: /Users/pawelpaszki/masters/gorts-demo/test/e2e/TestE2E_CreateAndGetBook
[Info] /Users/pawelpaszki/masters/gorts-demo/test/e2e/TestE2E_CreateAndGetBook: pass (10ms)
[Info] Running: /Users/pawelpaszki/masters/gorts-demo/test/e2e/TestE2E_GetBook_NotFound
[Info] /Users/pawelpaszki/masters/gorts-demo/test/e2e/TestE2E_GetBook_NotFound: pass (10ms)
[Info] Running: /Users/pawelpaszki/masters/gorts-demo/test/e2e/TestE2E_CreateBook_InvalidData
[Info] /Users/pawelpaszki/masters/gorts-demo/test/e2e/TestE2E_CreateBook_InvalidData: pass (12ms)
[Info] Running: /Users/pawelpaszki/masters/gorts-demo/test/e2e/TestE2E_CreateBook_InvalidJSON
[Info] /Users/pawelpaszki/masters/gorts-demo/test/e2e/TestE2E_CreateBook_InvalidJSON: pass (11ms)
[Info] Running: /Users/pawelpaszki/masters/gorts-demo/test/e2e/TestE2E_CreateBook_DuplicateISBN
[Info] /Users/pawelpaszki/masters/gorts-demo/test/e2e/TestE2E_CreateBook_DuplicateISBN: pass (11ms)
[Info] Running: /Users/pawelpaszki/masters/gorts-demo/test/e2e/TestE2E_RootEndpoint
[Info] /Users/pawelpaszki/masters/gorts-demo/test/e2e/TestE2E_RootEndpoint: pass (10ms)
[Info] Running: /Users/pawelpaszki/masters/gorts-demo/test/e2e/TestE2E_HealthEndpoint
[Info] /Users/pawelpaszki/masters/gorts-demo/test/e2e/TestE2E_HealthEndpoint: pass (12ms)
[Info] Saved baseline to /Users/pawelpaszki/masters/gorts/rq1-experiments/gorts-demo/.cov/1fc163ce_67fd7228/baseline.json

==================================================
Baseline Complete!
Tests: 12 passed, 0 failed, 12 total
Test Duration: 717ms
Baseline Duration: 741ms
Output: /Users/pawelpaszki/masters/gorts/rq1-experiments/gorts-demo/.cov/1fc163ce_67fd7228/baseline.json
Coverage: /Users/pawelpaszki/masters/gorts/rq1-experiments/gorts-demo/.cov/1fc163ce_67fd7228/coverage
==================================================
