[Info] /Users/pawelpaszki/masters/gorts-demo/test/e2e/TestE2E_BookCRUD_FullLifecycle covers 7 files
[Info] /Users/pawelpaszki/masters/gorts-demo/test/e2e/TestE2E_BookCRUD_MultipleBooks covers 7 files
[Info] /Users/pawelpaszki/masters/gorts-demo/test/e2e/TestE2E_BookCRUD_UpdateNonExistent covers 7 files
[Info] /Users/pawelpaszki/masters/gorts-demo/test/e2e/TestE2E_BookCRUD_DeleteNonExistent covers 6 files
[Info] /Users/pawelpaszki/masters/gorts-demo/test/e2e/TestE2E_BookCRUD_UpdateWithInvalidData covers 7 files
[Info] /Users/pawelpaszki/masters/gorts-demo/test/e2e/TestE2E_CreateAndGetBook covers 7 files
[Info] /Users/pawelpaszki/masters/gorts-demo/test/e2e/TestE2E_GetBook_NotFound covers 6 files
[Info] /Users/pawelpaszki/masters/gorts-demo/test/e2e/TestE2E_CreateBook_InvalidData covers 7 files
[Info] /Users/pawelpaszki/masters/gorts-demo/test/e2e/TestE2E_CreateBook_InvalidJSON covers 6 files
[Info] /Users/pawelpaszki/masters/gorts-demo/test/e2e/TestE2E_CreateBook_DuplicateISBN covers 7 files
[Info] /Users/pawelpaszki/masters/gorts-demo/test/e2e/TestE2E_RootEndpoint covers 6 files
[Info] /Users/pawelpaszki/masters/gorts-demo/test/e2e/TestE2E_HealthEndpoint covers 6 files
[Info] Computed checksums for 53 functions
[Info] Saved mapping to /Users/pawelpaszki/masters/gorts/rq1-experiments/gorts-demo/.cov/1fc163ce_67fd7228/mapping.json
==================================================
Mapping Complete!
  Tests processed: 12
  Tests skipped:   0
  Total files:     7
  Avg files/test:  6.6
  Avg tests/file:  11.3
  Output:          /Users/pawelpaszki/masters/gorts/rq1-experiments/gorts-demo/.cov/1fc163ce_67fd7228/mapping.json
==================================================
