[Info] Running: ../../rhoai/upstream/kuberay/ray-operator/test/e2eautoscaler/TestRayClusterAutoscalerV2IdleTimeout
[Pre] /Users/pawelpaszki/masters/gorts/scripts/cleanup_namespace.sh && kubectl exec -n default $(kubectl get pod -n default -l app.kubernetes.io/name=kuberay -o jsonpath='{.items[0].metadata.name}') -- sh -c 'rm -rf /coverage/*'
[Post] kubectl rollout restart deployment/kuberay-operator -n default && kubectl rollout status deployment/kuberay-operator -n default --timeout=120s && kubectl cp default/$(kubectl get pod -n default -l app.kubernetes.io/name=kuberay -o jsonpath='{.items[0].metadata.name}'):/coverage/. /Users/pawelpaszki/masters/gorts/rq1-experiments/kuberay/.cov/646ef143_9db19f18/coverage/test_e2eautoscaler/TestRayClusterAutoscalerV2IdleTimeout
[Info] ../../rhoai/upstream/kuberay/ray-operator/test/e2eautoscaler/TestRayClusterAutoscalerV2IdleTimeout: pass (144745ms)
[Info] Running: ../../rhoai/upstream/kuberay/ray-operator/test/e2eautoscaler/TestRayClusterAutoscalerGPUNodesForCPUTasks
[Pre] /Users/pawelpaszki/masters/gorts/scripts/cleanup_namespace.sh && kubectl exec -n default $(kubectl get pod -n default -l app.kubernetes.io/name=kuberay -o jsonpath='{.items[0].metadata.name}') -- sh -c 'rm -rf /coverage/*'
[Post] kubectl rollout restart deployment/kuberay-operator -n default && kubectl rollout status deployment/kuberay-operator -n default --timeout=120s && kubectl cp default/$(kubectl get pod -n default -l app.kubernetes.io/name=kuberay -o jsonpath='{.items[0].metadata.name}'):/coverage/. /Users/pawelpaszki/masters/gorts/rq1-experiments/kuberay/.cov/646ef143_9db19f18/coverage/test_e2eautoscaler/TestRayClusterAutoscalerGPUNodesForCPUTasks
[Info] ../../rhoai/upstream/kuberay/ray-operator/test/e2eautoscaler/TestRayClusterAutoscalerGPUNodesForCPUTasks: pass (191326ms)
[Info] Running: ../../rhoai/upstream/kuberay/ray-operator/test/e2eautoscaler/TestRayClusterAutoscalerDoNotRemoveIdlesForPlacementGroup
[Pre] /Users/pawelpaszki/masters/gorts/scripts/cleanup_namespace.sh && kubectl exec -n default $(kubectl get pod -n default -l app.kubernetes.io/name=kuberay -o jsonpath='{.items[0].metadata.name}') -- sh -c 'rm -rf /coverage/*'
[Post] kubectl rollout restart deployment/kuberay-operator -n default && kubectl rollout status deployment/kuberay-operator -n default --timeout=120s && kubectl cp default/$(kubectl get pod -n default -l app.kubernetes.io/name=kuberay -o jsonpath='{.items[0].metadata.name}'):/coverage/. /Users/pawelpaszki/masters/gorts/rq1-experiments/kuberay/.cov/646ef143_9db19f18/coverage/test_e2eautoscaler/TestRayClusterAutoscalerDoNotRemoveIdlesForPlacementGroup
[Info] ../../rhoai/upstream/kuberay/ray-operator/test/e2eautoscaler/TestRayClusterAutoscalerDoNotRemoveIdlesForPlacementGroup: pass (147507ms)
[Info] Running: ../../rhoai/upstream/kuberay/ray-operator/test/e2eautoscaler/TestRayClusterAutoscalerSDKRequestResources
[Pre] /Users/pawelpaszki/masters/gorts/scripts/cleanup_namespace.sh && kubectl exec -n default $(kubectl get pod -n default -l app.kubernetes.io/name=kuberay -o jsonpath='{.items[0].metadata.name}') -- sh -c 'rm -rf /coverage/*'
[Post] kubectl rollout restart deployment/kuberay-operator -n default && kubectl rollout status deployment/kuberay-operator -n default --timeout=120s && kubectl cp default/$(kubectl get pod -n default -l app.kubernetes.io/name=kuberay -o jsonpath='{.items[0].metadata.name}'):/coverage/. /Users/pawelpaszki/masters/gorts/rq1-experiments/kuberay/.cov/646ef143_9db19f18/coverage/test_e2eautoscaler/TestRayClusterAutoscalerSDKRequestResources
[Info] ../../rhoai/upstream/kuberay/ray-operator/test/e2eautoscaler/TestRayClusterAutoscalerSDKRequestResources: pass (36293ms)
[Info] Running: ../../rhoai/upstream/kuberay/ray-operator/test/e2eautoscaler/TestRayClusterAutoscalerAddNewWorkerGroup
[Pre] /Users/pawelpaszki/masters/gorts/scripts/cleanup_namespace.sh && kubectl exec -n default $(kubectl get pod -n default -l app.kubernetes.io/name=kuberay -o jsonpath='{.items[0].metadata.name}') -- sh -c 'rm -rf /coverage/*'
[Post] kubectl rollout restart deployment/kuberay-operator -n default && kubectl rollout status deployment/kuberay-operator -n default --timeout=120s && kubectl cp default/$(kubectl get pod -n default -l app.kubernetes.io/name=kuberay -o jsonpath='{.items[0].metadata.name}'):/coverage/. /Users/pawelpaszki/masters/gorts/rq1-experiments/kuberay/.cov/646ef143_9db19f18/coverage/test_e2eautoscaler/TestRayClusterAutoscalerAddNewWorkerGroup
[Info] ../../rhoai/upstream/kuberay/ray-operator/test/e2eautoscaler/TestRayClusterAutoscalerAddNewWorkerGroup: pass (95214ms)
[Info] Running: ../../rhoai/upstream/kuberay/ray-operator/test/e2eautoscaler/TestRayClusterAutoscalerPlacementGroup
[Pre] /Users/pawelpaszki/masters/gorts/scripts/cleanup_namespace.sh && kubectl exec -n default $(kubectl get pod -n default -l app.kubernetes.io/name=kuberay -o jsonpath='{.items[0].metadata.name}') -- sh -c 'rm -rf /coverage/*'
[Post] kubectl rollout restart deployment/kuberay-operator -n default && kubectl rollout status deployment/kuberay-operator -n default --timeout=120s && kubectl cp default/$(kubectl get pod -n default -l app.kubernetes.io/name=kuberay -o jsonpath='{.items[0].metadata.name}'):/coverage/. /Users/pawelpaszki/masters/gorts/rq1-experiments/kuberay/.cov/646ef143_9db19f18/coverage/test_e2eautoscaler/TestRayClusterAutoscalerPlacementGroup
[Info] ../../rhoai/upstream/kuberay/ray-operator/test/e2eautoscaler/TestRayClusterAutoscalerPlacementGroup: pass (391117ms)
[Info] Running: ../../rhoai/upstream/kuberay/ray-operator/test/e2eautoscaler/TestRayClusterAutoscalerGCSFT
[Pre] /Users/pawelpaszki/masters/gorts/scripts/cleanup_namespace.sh && kubectl exec -n default $(kubectl get pod -n default -l app.kubernetes.io/name=kuberay -o jsonpath='{.items[0].metadata.name}') -- sh -c 'rm -rf /coverage/*'
[Post] kubectl rollout restart deployment/kuberay-operator -n default && kubectl rollout status deployment/kuberay-operator -n default --timeout=120s && kubectl cp default/$(kubectl get pod -n default -l app.kubernetes.io/name=kuberay -o jsonpath='{.items[0].metadata.name}'):/coverage/. /Users/pawelpaszki/masters/gorts/rq1-experiments/kuberay/.cov/646ef143_9db19f18/coverage/test_e2eautoscaler/TestRayClusterAutoscalerGCSFT
[Info] ../../rhoai/upstream/kuberay/ray-operator/test/e2eautoscaler/TestRayClusterAutoscalerGCSFT: pass (501436ms)
[Info] Running: ../../rhoai/upstream/kuberay/ray-operator/test/e2eautoscaler/TestRayClusterAutoscaler
[Pre] /Users/pawelpaszki/masters/gorts/scripts/cleanup_namespace.sh && kubectl exec -n default $(kubectl get pod -n default -l app.kubernetes.io/name=kuberay -o jsonpath='{.items[0].metadata.name}') -- sh -c 'rm -rf /coverage/*'
[Post] kubectl rollout restart deployment/kuberay-operator -n default && kubectl rollout status deployment/kuberay-operator -n default --timeout=120s && kubectl cp default/$(kubectl get pod -n default -l app.kubernetes.io/name=kuberay -o jsonpath='{.items[0].metadata.name}'):/coverage/. /Users/pawelpaszki/masters/gorts/rq1-experiments/kuberay/.cov/646ef143_9db19f18/coverage/test_e2eautoscaler/TestRayClusterAutoscaler
[Info] ../../rhoai/upstream/kuberay/ray-operator/test/e2eautoscaler/TestRayClusterAutoscaler: pass (339437ms)
[Info] Running: ../../rhoai/upstream/kuberay/ray-operator/test/e2eautoscaler/TestRayClusterAutoscalerWithFakeGPU
[Pre] /Users/pawelpaszki/masters/gorts/scripts/cleanup_namespace.sh && kubectl exec -n default $(kubectl get pod -n default -l app.kubernetes.io/name=kuberay -o jsonpath='{.items[0].metadata.name}') -- sh -c 'rm -rf /coverage/*'
[Post] kubectl rollout restart deployment/kuberay-operator -n default && kubectl rollout status deployment/kuberay-operator -n default --timeout=120s && kubectl cp default/$(kubectl get pod -n default -l app.kubernetes.io/name=kuberay -o jsonpath='{.items[0].metadata.name}'):/coverage/. /Users/pawelpaszki/masters/gorts/rq1-experiments/kuberay/.cov/646ef143_9db19f18/coverage/test_e2eautoscaler/TestRayClusterAutoscalerWithFakeGPU
[Info] ../../rhoai/upstream/kuberay/ray-operator/test/e2eautoscaler/TestRayClusterAutoscalerWithFakeGPU: pass (187919ms)
[Info] Running: ../../rhoai/upstream/kuberay/ray-operator/test/e2eautoscaler/TestRayClusterAutoscalerWithCustomResource
[Pre] /Users/pawelpaszki/masters/gorts/scripts/cleanup_namespace.sh && kubectl exec -n default $(kubectl get pod -n default -l app.kubernetes.io/name=kuberay -o jsonpath='{.items[0].metadata.name}') -- sh -c 'rm -rf /coverage/*'
[Post] kubectl rollout restart deployment/kuberay-operator -n default && kubectl rollout status deployment/kuberay-operator -n default --timeout=120s && kubectl cp default/$(kubectl get pod -n default -l app.kubernetes.io/name=kuberay -o jsonpath='{.items[0].metadata.name}'):/coverage/. /Users/pawelpaszki/masters/gorts/rq1-experiments/kuberay/.cov/646ef143_9db19f18/coverage/test_e2eautoscaler/TestRayClusterAutoscalerWithCustomResource
[Info] ../../rhoai/upstream/kuberay/ray-operator/test/e2eautoscaler/TestRayClusterAutoscalerWithCustomResource: pass (188029ms)
[Info] Running: ../../rhoai/upstream/kuberay/ray-operator/test/e2eautoscaler/TestRayClusterAutoscalerWithDesiredState
[Pre] /Users/pawelpaszki/masters/gorts/scripts/cleanup_namespace.sh && kubectl exec -n default $(kubectl get pod -n default -l app.kubernetes.io/name=kuberay -o jsonpath='{.items[0].metadata.name}') -- sh -c 'rm -rf /coverage/*'
[Post] kubectl rollout restart deployment/kuberay-operator -n default && kubectl rollout status deployment/kuberay-operator -n default --timeout=120s && kubectl cp default/$(kubectl get pod -n default -l app.kubernetes.io/name=kuberay -o jsonpath='{.items[0].metadata.name}'):/coverage/. /Users/pawelpaszki/masters/gorts/rq1-experiments/kuberay/.cov/646ef143_9db19f18/coverage/test_e2eautoscaler/TestRayClusterAutoscalerWithDesiredState
[Info] ../../rhoai/upstream/kuberay/ray-operator/test/e2eautoscaler/TestRayClusterAutoscalerWithDesiredState: pass (207196ms)
[Info] Running: ../../rhoai/upstream/kuberay/ray-operator/test/e2eautoscaler/TestRayClusterAutoscalerMinReplicasUpdate
[Pre] /Users/pawelpaszki/masters/gorts/scripts/cleanup_namespace.sh && kubectl exec -n default $(kubectl get pod -n default -l app.kubernetes.io/name=kuberay -o jsonpath='{.items[0].metadata.name}') -- sh -c 'rm -rf /coverage/*'
[Post] kubectl rollout restart deployment/kuberay-operator -n default && kubectl rollout status deployment/kuberay-operator -n default --timeout=120s && kubectl cp default/$(kubectl get pod -n default -l app.kubernetes.io/name=kuberay -o jsonpath='{.items[0].metadata.name}'):/coverage/. /Users/pawelpaszki/masters/gorts/rq1-experiments/kuberay/.cov/646ef143_9db19f18/coverage/test_e2eautoscaler/TestRayClusterAutoscalerMinReplicasUpdate
[Info] ../../rhoai/upstream/kuberay/ray-operator/test/e2eautoscaler/TestRayClusterAutoscalerMinReplicasUpdate: pass (66482ms)
[Info] Running: ../../rhoai/upstream/kuberay/ray-operator/test/e2eautoscaler/TestRayClusterAutoscalerMaxReplicasUpdate
[Pre] /Users/pawelpaszki/masters/gorts/scripts/cleanup_namespace.sh && kubectl exec -n default $(kubectl get pod -n default -l app.kubernetes.io/name=kuberay -o jsonpath='{.items[0].metadata.name}') -- sh -c 'rm -rf /coverage/*'
[Post] kubectl rollout restart deployment/kuberay-operator -n default && kubectl rollout status deployment/kuberay-operator -n default --timeout=120s && kubectl cp default/$(kubectl get pod -n default -l app.kubernetes.io/name=kuberay -o jsonpath='{.items[0].metadata.name}'):/coverage/. /Users/pawelpaszki/masters/gorts/rq1-experiments/kuberay/.cov/646ef143_9db19f18/coverage/test_e2eautoscaler/TestRayClusterAutoscalerMaxReplicasUpdate
[Info] ../../rhoai/upstream/kuberay/ray-operator/test/e2eautoscaler/TestRayClusterAutoscalerMaxReplicasUpdate: pass (143349ms)
[Info] Running: ../../rhoai/upstream/kuberay/ray-operator/test/e2erayjobsubmitter/TestRayJobSubmitter
[Pre] /Users/pawelpaszki/masters/gorts/scripts/cleanup_namespace.sh && kubectl exec -n default $(kubectl get pod -n default -l app.kubernetes.io/name=kuberay -o jsonpath='{.items[0].metadata.name}') -- sh -c 'rm -rf /coverage/*'
[Post] kubectl rollout restart deployment/kuberay-operator -n default && kubectl rollout status deployment/kuberay-operator -n default --timeout=120s && kubectl cp default/$(kubectl get pod -n default -l app.kubernetes.io/name=kuberay -o jsonpath='{.items[0].metadata.name}'):/coverage/. /Users/pawelpaszki/masters/gorts/rq1-experiments/kuberay/.cov/646ef143_9db19f18/coverage/test_e2erayjobsubmitter/TestRayJobSubmitter
[Info] ../../rhoai/upstream/kuberay/ray-operator/test/e2erayjobsubmitter/TestRayJobSubmitter: pass (110427ms)
[Info] Running: ../../rhoai/upstream/kuberay/ray-operator/test/e2e/TestRayClusterAuthOptions
[Pre] /Users/pawelpaszki/masters/gorts/scripts/cleanup_namespace.sh && kubectl exec -n default $(kubectl get pod -n default -l app.kubernetes.io/name=kuberay -o jsonpath='{.items[0].metadata.name}') -- sh -c 'rm -rf /coverage/*'
[Post] kubectl rollout restart deployment/kuberay-operator -n default && kubectl rollout status deployment/kuberay-operator -n default --timeout=120s && kubectl cp default/$(kubectl get pod -n default -l app.kubernetes.io/name=kuberay -o jsonpath='{.items[0].metadata.name}'):/coverage/. /Users/pawelpaszki/masters/gorts/rq1-experiments/kuberay/.cov/646ef143_9db19f18/coverage/test_e2e/TestRayClusterAuthOptions
[Info] ../../rhoai/upstream/kuberay/ray-operator/test/e2e/TestRayClusterAuthOptions: pass (36415ms)
[Info] Running: ../../rhoai/upstream/kuberay/ray-operator/test/e2e/TestRayClusterGCSFaultTolerance
[Pre] /Users/pawelpaszki/masters/gorts/scripts/cleanup_namespace.sh && kubectl exec -n default $(kubectl get pod -n default -l app.kubernetes.io/name=kuberay -o jsonpath='{.items[0].metadata.name}') -- sh -c 'rm -rf /coverage/*'
[Post] kubectl rollout restart deployment/kuberay-operator -n default && kubectl rollout status deployment/kuberay-operator -n default --timeout=120s && kubectl cp default/$(kubectl get pod -n default -l app.kubernetes.io/name=kuberay -o jsonpath='{.items[0].metadata.name}'):/coverage/. /Users/pawelpaszki/masters/gorts/rq1-experiments/kuberay/.cov/646ef143_9db19f18/coverage/test_e2e/TestRayClusterGCSFaultTolerance
[Info] ../../rhoai/upstream/kuberay/ray-operator/test/e2e/TestRayClusterGCSFaultTolerance: pass (186325ms)
[Info] Running: ../../rhoai/upstream/kuberay/ray-operator/test/e2e/TestGcsFaultToleranceOptions
[Pre] /Users/pawelpaszki/masters/gorts/scripts/cleanup_namespace.sh && kubectl exec -n default $(kubectl get pod -n default -l app.kubernetes.io/name=kuberay -o jsonpath='{.items[0].metadata.name}') -- sh -c 'rm -rf /coverage/*'
[Post] kubectl rollout restart deployment/kuberay-operator -n default && kubectl rollout status deployment/kuberay-operator -n default --timeout=120s && kubectl cp default/$(kubectl get pod -n default -l app.kubernetes.io/name=kuberay -o jsonpath='{.items[0].metadata.name}'):/coverage/. /Users/pawelpaszki/masters/gorts/rq1-experiments/kuberay/.cov/646ef143_9db19f18/coverage/test_e2e/TestGcsFaultToleranceOptions
[Info] ../../rhoai/upstream/kuberay/ray-operator/test/e2e/TestGcsFaultToleranceOptions: pass (152705ms)
[Info] Running: ../../rhoai/upstream/kuberay/ray-operator/test/e2e/TestGcsFaultToleranceAnnotations
[Pre] /Users/pawelpaszki/masters/gorts/scripts/cleanup_namespace.sh && kubectl exec -n default $(kubectl get pod -n default -l app.kubernetes.io/name=kuberay -o jsonpath='{.items[0].metadata.name}') -- sh -c 'rm -rf /coverage/*'
[Post] kubectl rollout restart deployment/kuberay-operator -n default && kubectl rollout status deployment/kuberay-operator -n default --timeout=120s && kubectl cp default/$(kubectl get pod -n default -l app.kubernetes.io/name=kuberay -o jsonpath='{.items[0].metadata.name}'):/coverage/. /Users/pawelpaszki/masters/gorts/rq1-experiments/kuberay/.cov/646ef143_9db19f18/coverage/test_e2e/TestGcsFaultToleranceAnnotations
[Info] ../../rhoai/upstream/kuberay/ray-operator/test/e2e/TestGcsFaultToleranceAnnotations: pass (153257ms)
[Info] Running: ../../rhoai/upstream/kuberay/ray-operator/test/e2e/TestRayClusterSingleHostMultiSlice
[Pre] /Users/pawelpaszki/masters/gorts/scripts/cleanup_namespace.sh && kubectl exec -n default $(kubectl get pod -n default -l app.kubernetes.io/name=kuberay -o jsonpath='{.items[0].metadata.name}') -- sh -c 'rm -rf /coverage/*'
[Post] kubectl rollout restart deployment/kuberay-operator -n default && kubectl rollout status deployment/kuberay-operator -n default --timeout=120s && kubectl cp default/$(kubectl get pod -n default -l app.kubernetes.io/name=kuberay -o jsonpath='{.items[0].metadata.name}'):/coverage/. /Users/pawelpaszki/masters/gorts/rq1-experiments/kuberay/.cov/646ef143_9db19f18/coverage/test_e2e/TestRayClusterSingleHostMultiSlice
[Info] ../../rhoai/upstream/kuberay/ray-operator/test/e2e/TestRayClusterSingleHostMultiSlice: pass (26794ms)
[Info] Running: ../../rhoai/upstream/kuberay/ray-operator/test/e2e/TestRayClusterMultiHostMultiSlice
[Pre] /Users/pawelpaszki/masters/gorts/scripts/cleanup_namespace.sh && kubectl exec -n default $(kubectl get pod -n default -l app.kubernetes.io/name=kuberay -o jsonpath='{.items[0].metadata.name}') -- sh -c 'rm -rf /coverage/*'
[Post] kubectl rollout restart deployment/kuberay-operator -n default && kubectl rollout status deployment/kuberay-operator -n default --timeout=120s && kubectl cp default/$(kubectl get pod -n default -l app.kubernetes.io/name=kuberay -o jsonpath='{.items[0].metadata.name}'):/coverage/. /Users/pawelpaszki/masters/gorts/rq1-experiments/kuberay/.cov/646ef143_9db19f18/coverage/test_e2e/TestRayClusterMultiHostMultiSlice
[Info] ../../rhoai/upstream/kuberay/ray-operator/test/e2e/TestRayClusterMultiHostMultiSlice: pass (31907ms)
[Info] Running: ../../rhoai/upstream/kuberay/ray-operator/test/e2e/TestRayClusterManagedBy
[Pre] /Users/pawelpaszki/masters/gorts/scripts/cleanup_namespace.sh && kubectl exec -n default $(kubectl get pod -n default -l app.kubernetes.io/name=kuberay -o jsonpath='{.items[0].metadata.name}') -- sh -c 'rm -rf /coverage/*'
[Post] kubectl rollout restart deployment/kuberay-operator -n default && kubectl rollout status deployment/kuberay-operator -n default --timeout=120s && kubectl cp default/$(kubectl get pod -n default -l app.kubernetes.io/name=kuberay -o jsonpath='{.items[0].metadata.name}'):/coverage/. /Users/pawelpaszki/masters/gorts/rq1-experiments/kuberay/.cov/646ef143_9db19f18/coverage/test_e2e/TestRayClusterManagedBy
[Info] ../../rhoai/upstream/kuberay/ray-operator/test/e2e/TestRayClusterManagedBy: pass (29269ms)
[Info] Running: ../../rhoai/upstream/kuberay/ray-operator/test/e2e/TestRayClusterSuspend
[Pre] /Users/pawelpaszki/masters/gorts/scripts/cleanup_namespace.sh && kubectl exec -n default $(kubectl get pod -n default -l app.kubernetes.io/name=kuberay -o jsonpath='{.items[0].metadata.name}') -- sh -c 'rm -rf /coverage/*'
[Post] kubectl rollout restart deployment/kuberay-operator -n default && kubectl rollout status deployment/kuberay-operator -n default --timeout=120s && kubectl cp default/$(kubectl get pod -n default -l app.kubernetes.io/name=kuberay -o jsonpath='{.items[0].metadata.name}'):/coverage/. /Users/pawelpaszki/masters/gorts/rq1-experiments/kuberay/.cov/646ef143_9db19f18/coverage/test_e2e/TestRayClusterSuspend
[Info] ../../rhoai/upstream/kuberay/ray-operator/test/e2e/TestRayClusterSuspend: pass (85445ms)
[Info] Running: ../../rhoai/upstream/kuberay/ray-operator/test/e2e/TestRayClusterWithResourceQuota
[Pre] /Users/pawelpaszki/masters/gorts/scripts/cleanup_namespace.sh && kubectl exec -n default $(kubectl get pod -n default -l app.kubernetes.io/name=kuberay -o jsonpath='{.items[0].metadata.name}') -- sh -c 'rm -rf /coverage/*'
[Post] kubectl rollout restart deployment/kuberay-operator -n default && kubectl rollout status deployment/kuberay-operator -n default --timeout=120s && kubectl cp default/$(kubectl get pod -n default -l app.kubernetes.io/name=kuberay -o jsonpath='{.items[0].metadata.name}'):/coverage/. /Users/pawelpaszki/masters/gorts/rq1-experiments/kuberay/.cov/646ef143_9db19f18/coverage/test_e2e/TestRayClusterWithResourceQuota
[Info] ../../rhoai/upstream/kuberay/ray-operator/test/e2e/TestRayClusterWithResourceQuota: pass (6130ms)
[Info] Running: ../../rhoai/upstream/kuberay/ray-operator/test/e2e/TestRayClusterScalingDown
[Pre] /Users/pawelpaszki/masters/gorts/scripts/cleanup_namespace.sh && kubectl exec -n default $(kubectl get pod -n default -l app.kubernetes.io/name=kuberay -o jsonpath='{.items[0].metadata.name}') -- sh -c 'rm -rf /coverage/*'
[Post] kubectl rollout restart deployment/kuberay-operator -n default && kubectl rollout status deployment/kuberay-operator -n default --timeout=120s && kubectl cp default/$(kubectl get pod -n default -l app.kubernetes.io/name=kuberay -o jsonpath='{.items[0].metadata.name}'):/coverage/. /Users/pawelpaszki/masters/gorts/rq1-experiments/kuberay/.cov/646ef143_9db19f18/coverage/test_e2e/TestRayClusterScalingDown
[Info] ../../rhoai/upstream/kuberay/ray-operator/test/e2e/TestRayClusterScalingDown: pass (27960ms)
[Skip] TestRayClusterUpgradeStrategy
[Skip] TestRayServiceIncrementalUpgrade
[Skip] TestRayServiceIncrementalUpgradeRollback
[Info] Running: ../../rhoai/upstream/kuberay/ray-operator/test/e2erayjob/TestRayJobWithClusterSelector
[Pre] /Users/pawelpaszki/masters/gorts/scripts/cleanup_namespace.sh && kubectl exec -n default $(kubectl get pod -n default -l app.kubernetes.io/name=kuberay -o jsonpath='{.items[0].metadata.name}') -- sh -c 'rm -rf /coverage/*'
[Post] kubectl rollout restart deployment/kuberay-operator -n default && kubectl rollout status deployment/kuberay-operator -n default --timeout=120s && kubectl cp default/$(kubectl get pod -n default -l app.kubernetes.io/name=kuberay -o jsonpath='{.items[0].metadata.name}'):/coverage/. /Users/pawelpaszki/masters/gorts/rq1-experiments/kuberay/.cov/646ef143_9db19f18/coverage/test_e2erayjob/TestRayJobWithClusterSelector
[Info] ../../rhoai/upstream/kuberay/ray-operator/test/e2erayjob/TestRayJobWithClusterSelector: pass (44800ms)
[Skip] TestDeletionStrategy
[Info] Running: ../../rhoai/upstream/kuberay/ray-operator/test/e2erayjob/TestRayJobLightWeightMode
[Pre] /Users/pawelpaszki/masters/gorts/scripts/cleanup_namespace.sh && kubectl exec -n default $(kubectl get pod -n default -l app.kubernetes.io/name=kuberay -o jsonpath='{.items[0].metadata.name}') -- sh -c 'rm -rf /coverage/*'
[Post] kubectl rollout restart deployment/kuberay-operator -n default && kubectl rollout status deployment/kuberay-operator -n default --timeout=120s && kubectl cp default/$(kubectl get pod -n default -l app.kubernetes.io/name=kuberay -o jsonpath='{.items[0].metadata.name}'):/coverage/. /Users/pawelpaszki/masters/gorts/rq1-experiments/kuberay/.cov/646ef143_9db19f18/coverage/test_e2erayjob/TestRayJobLightWeightMode
[Info] ../../rhoai/upstream/kuberay/ray-operator/test/e2erayjob/TestRayJobLightWeightMode: pass (147158ms)
[Info] Running: ../../rhoai/upstream/kuberay/ray-operator/test/e2erayjob/TestRayJobRecovery
[Pre] /Users/pawelpaszki/masters/gorts/scripts/cleanup_namespace.sh && kubectl exec -n default $(kubectl get pod -n default -l app.kubernetes.io/name=kuberay -o jsonpath='{.items[0].metadata.name}') -- sh -c 'rm -rf /coverage/*'
[Post] kubectl rollout restart deployment/kuberay-operator -n default && kubectl rollout status deployment/kuberay-operator -n default --timeout=120s && kubectl cp default/$(kubectl get pod -n default -l app.kubernetes.io/name=kuberay -o jsonpath='{.items[0].metadata.name}'):/coverage/. /Users/pawelpaszki/masters/gorts/rq1-experiments/kuberay/.cov/646ef143_9db19f18/coverage/test_e2erayjob/TestRayJobRecovery
[Info] ../../rhoai/upstream/kuberay/ray-operator/test/e2erayjob/TestRayJobRecovery: pass (97208ms)
[Info] Running: ../../rhoai/upstream/kuberay/ray-operator/test/e2erayjob/TestRayJobRetry
[Pre] /Users/pawelpaszki/masters/gorts/scripts/cleanup_namespace.sh && kubectl exec -n default $(kubectl get pod -n default -l app.kubernetes.io/name=kuberay -o jsonpath='{.items[0].metadata.name}') -- sh -c 'rm -rf /coverage/*'
[Post] kubectl rollout restart deployment/kuberay-operator -n default && kubectl rollout status deployment/kuberay-operator -n default --timeout=120s && kubectl cp default/$(kubectl get pod -n default -l app.kubernetes.io/name=kuberay -o jsonpath='{.items[0].metadata.name}'):/coverage/. /Users/pawelpaszki/masters/gorts/rq1-experiments/kuberay/.cov/646ef143_9db19f18/coverage/test_e2erayjob/TestRayJobRetry
[Info] ../../rhoai/upstream/kuberay/ray-operator/test/e2erayjob/TestRayJobRetry: pass (349429ms)
[Info] Running: ../../rhoai/upstream/kuberay/ray-operator/test/e2erayjob/TestRayJobSidecarMode
[Pre] /Users/pawelpaszki/masters/gorts/scripts/cleanup_namespace.sh && kubectl exec -n default $(kubectl get pod -n default -l app.kubernetes.io/name=kuberay -o jsonpath='{.items[0].metadata.name}') -- sh -c 'rm -rf /coverage/*'
[Post] kubectl rollout restart deployment/kuberay-operator -n default && kubectl rollout status deployment/kuberay-operator -n default --timeout=120s && kubectl cp default/$(kubectl get pod -n default -l app.kubernetes.io/name=kuberay -o jsonpath='{.items[0].metadata.name}'):/coverage/. /Users/pawelpaszki/masters/gorts/rq1-experiments/kuberay/.cov/646ef143_9db19f18/coverage/test_e2erayjob/TestRayJobSidecarMode
[Info] ../../rhoai/upstream/kuberay/ray-operator/test/e2erayjob/TestRayJobSidecarMode: pass (472482ms)
[Info] Running: ../../rhoai/upstream/kuberay/ray-operator/test/e2erayjob/TestRayJobSuspend
[Pre] /Users/pawelpaszki/masters/gorts/scripts/cleanup_namespace.sh && kubectl exec -n default $(kubectl get pod -n default -l app.kubernetes.io/name=kuberay -o jsonpath='{.items[0].metadata.name}') -- sh -c 'rm -rf /coverage/*'
[Post] kubectl rollout restart deployment/kuberay-operator -n default && kubectl rollout status deployment/kuberay-operator -n default --timeout=120s && kubectl cp default/$(kubectl get pod -n default -l app.kubernetes.io/name=kuberay -o jsonpath='{.items[0].metadata.name}'):/coverage/. /Users/pawelpaszki/masters/gorts/rq1-experiments/kuberay/.cov/646ef143_9db19f18/coverage/test_e2erayjob/TestRayJobSuspend
[Info] ../../rhoai/upstream/kuberay/ray-operator/test/e2erayjob/TestRayJobSuspend: pass (93170ms)
[Info] Running: ../../rhoai/upstream/kuberay/ray-operator/test/e2erayjob/TestRayJob
[Pre] /Users/pawelpaszki/masters/gorts/scripts/cleanup_namespace.sh && kubectl exec -n default $(kubectl get pod -n default -l app.kubernetes.io/name=kuberay -o jsonpath='{.items[0].metadata.name}') -- sh -c 'rm -rf /coverage/*'
[Post] kubectl rollout restart deployment/kuberay-operator -n default && kubectl rollout status deployment/kuberay-operator -n default --timeout=120s && kubectl cp default/$(kubectl get pod -n default -l app.kubernetes.io/name=kuberay -o jsonpath='{.items[0].metadata.name}'):/coverage/. /Users/pawelpaszki/masters/gorts/rq1-experiments/kuberay/.cov/646ef143_9db19f18/coverage/test_e2erayjob/TestRayJob
[Info] ../../rhoai/upstream/kuberay/ray-operator/test/e2erayjob/TestRayJob: pass (464300ms)
[Info] Running: ../../rhoai/upstream/kuberay/ray-operator/test/e2erayservice/TestRayServiceAuthToken
[Pre] /Users/pawelpaszki/masters/gorts/scripts/cleanup_namespace.sh && kubectl exec -n default $(kubectl get pod -n default -l app.kubernetes.io/name=kuberay -o jsonpath='{.items[0].metadata.name}') -- sh -c 'rm -rf /coverage/*'
[Post] kubectl rollout restart deployment/kuberay-operator -n default && kubectl rollout status deployment/kuberay-operator -n default --timeout=120s && kubectl cp default/$(kubectl get pod -n default -l app.kubernetes.io/name=kuberay -o jsonpath='{.items[0].metadata.name}'):/coverage/. /Users/pawelpaszki/masters/gorts/rq1-experiments/kuberay/.cov/646ef143_9db19f18/coverage/test_e2erayservice/TestRayServiceAuthToken
[Info] ../../rhoai/upstream/kuberay/ray-operator/test/e2erayservice/TestRayServiceAuthToken: pass (34095ms)
[Info] Running: ../../rhoai/upstream/kuberay/ray-operator/test/e2erayservice/TestStaticRayService
[Pre] /Users/pawelpaszki/masters/gorts/scripts/cleanup_namespace.sh && kubectl exec -n default $(kubectl get pod -n default -l app.kubernetes.io/name=kuberay -o jsonpath='{.items[0].metadata.name}') -- sh -c 'rm -rf /coverage/*'
[Post] kubectl rollout restart deployment/kuberay-operator -n default && kubectl rollout status deployment/kuberay-operator -n default --timeout=120s && kubectl cp default/$(kubectl get pod -n default -l app.kubernetes.io/name=kuberay -o jsonpath='{.items[0].metadata.name}'):/coverage/. /Users/pawelpaszki/masters/gorts/rq1-experiments/kuberay/.cov/646ef143_9db19f18/coverage/test_e2erayservice/TestStaticRayService
[Info] ../../rhoai/upstream/kuberay/ray-operator/test/e2erayservice/TestStaticRayService: pass (225796ms)
[Info] Running: ../../rhoai/upstream/kuberay/ray-operator/test/e2erayservice/TestAutoscalingRayService
[Pre] /Users/pawelpaszki/masters/gorts/scripts/cleanup_namespace.sh && kubectl exec -n default $(kubectl get pod -n default -l app.kubernetes.io/name=kuberay -o jsonpath='{.items[0].metadata.name}') -- sh -c 'rm -rf /coverage/*'
[Post] kubectl rollout restart deployment/kuberay-operator -n default && kubectl rollout status deployment/kuberay-operator -n default --timeout=120s && kubectl cp default/$(kubectl get pod -n default -l app.kubernetes.io/name=kuberay -o jsonpath='{.items[0].metadata.name}'):/coverage/. /Users/pawelpaszki/masters/gorts/rq1-experiments/kuberay/.cov/646ef143_9db19f18/coverage/test_e2erayservice/TestAutoscalingRayService
[Info] ../../rhoai/upstream/kuberay/ray-operator/test/e2erayservice/TestAutoscalingRayService: pass (257195ms)
[Info] Running: ../../rhoai/upstream/kuberay/ray-operator/test/e2erayservice/TestRayServiceZeroDowntimeUpgrade
[Pre] /Users/pawelpaszki/masters/gorts/scripts/cleanup_namespace.sh && kubectl exec -n default $(kubectl get pod -n default -l app.kubernetes.io/name=kuberay -o jsonpath='{.items[0].metadata.name}') -- sh -c 'rm -rf /coverage/*'
[Post] kubectl rollout restart deployment/kuberay-operator -n default && kubectl rollout status deployment/kuberay-operator -n default --timeout=120s && kubectl cp default/$(kubectl get pod -n default -l app.kubernetes.io/name=kuberay -o jsonpath='{.items[0].metadata.name}'):/coverage/. /Users/pawelpaszki/masters/gorts/rq1-experiments/kuberay/.cov/646ef143_9db19f18/coverage/test_e2erayservice/TestRayServiceZeroDowntimeUpgrade
    [Attempt 1 failed]
    [Retry 1/2] TestRayServiceZeroDowntimeUpgrade
[Pre] /Users/pawelpaszki/masters/gorts/scripts/cleanup_namespace.sh && kubectl exec -n default $(kubectl get pod -n default -l app.kubernetes.io/name=kuberay -o jsonpath='{.items[0].metadata.name}') -- sh -c 'rm -rf /coverage/*'
[Post] kubectl rollout restart deployment/kuberay-operator -n default && kubectl rollout status deployment/kuberay-operator -n default --timeout=120s && kubectl cp default/$(kubectl get pod -n default -l app.kubernetes.io/name=kuberay -o jsonpath='{.items[0].metadata.name}'):/coverage/. /Users/pawelpaszki/masters/gorts/rq1-experiments/kuberay/.cov/646ef143_9db19f18/coverage/test_e2erayservice/TestRayServiceZeroDowntimeUpgrade
[Info] ../../rhoai/upstream/kuberay/ray-operator/test/e2erayservice/TestRayServiceZeroDowntimeUpgrade: pass (469591ms)
[Info] Running: ../../rhoai/upstream/kuberay/ray-operator/test/e2erayservice/TestRayServiceGCSFaultTolerance
[Pre] /Users/pawelpaszki/masters/gorts/scripts/cleanup_namespace.sh && kubectl exec -n default $(kubectl get pod -n default -l app.kubernetes.io/name=kuberay -o jsonpath='{.items[0].metadata.name}') -- sh -c 'rm -rf /coverage/*'
[Post] kubectl rollout restart deployment/kuberay-operator -n default && kubectl rollout status deployment/kuberay-operator -n default --timeout=120s && kubectl cp default/$(kubectl get pod -n default -l app.kubernetes.io/name=kuberay -o jsonpath='{.items[0].metadata.name}'):/coverage/. /Users/pawelpaszki/masters/gorts/rq1-experiments/kuberay/.cov/646ef143_9db19f18/coverage/test_e2erayservice/TestRayServiceGCSFaultTolerance
[Info] ../../rhoai/upstream/kuberay/ray-operator/test/e2erayservice/TestRayServiceGCSFaultTolerance: pass (264113ms)
[Info] Running: ../../rhoai/upstream/kuberay/ray-operator/test/e2erayservice/TestRayServiceRayClusterDeletionDelaySeconds
[Pre] /Users/pawelpaszki/masters/gorts/scripts/cleanup_namespace.sh && kubectl exec -n default $(kubectl get pod -n default -l app.kubernetes.io/name=kuberay -o jsonpath='{.items[0].metadata.name}') -- sh -c 'rm -rf /coverage/*'
[Post] kubectl rollout restart deployment/kuberay-operator -n default && kubectl rollout status deployment/kuberay-operator -n default --timeout=120s && kubectl cp default/$(kubectl get pod -n default -l app.kubernetes.io/name=kuberay -o jsonpath='{.items[0].metadata.name}'):/coverage/. /Users/pawelpaszki/masters/gorts/rq1-experiments/kuberay/.cov/646ef143_9db19f18/coverage/test_e2erayservice/TestRayServiceRayClusterDeletionDelaySeconds
[Info] ../../rhoai/upstream/kuberay/ray-operator/test/e2erayservice/TestRayServiceRayClusterDeletionDelaySeconds: pass (86720ms)
[Info] Running: ../../rhoai/upstream/kuberay/ray-operator/test/e2erayservice/TestRayServiceInPlaceUpdate
[Pre] /Users/pawelpaszki/masters/gorts/scripts/cleanup_namespace.sh && kubectl exec -n default $(kubectl get pod -n default -l app.kubernetes.io/name=kuberay -o jsonpath='{.items[0].metadata.name}') -- sh -c 'rm -rf /coverage/*'
[Post] kubectl rollout restart deployment/kuberay-operator -n default && kubectl rollout status deployment/kuberay-operator -n default --timeout=120s && kubectl cp default/$(kubectl get pod -n default -l app.kubernetes.io/name=kuberay -o jsonpath='{.items[0].metadata.name}'):/coverage/. /Users/pawelpaszki/masters/gorts/rq1-experiments/kuberay/.cov/646ef143_9db19f18/coverage/test_e2erayservice/TestRayServiceInPlaceUpdate
[Info] ../../rhoai/upstream/kuberay/ray-operator/test/e2erayservice/TestRayServiceInPlaceUpdate: pass (31755ms)
[Info] Running: ../../rhoai/upstream/kuberay/ray-operator/test/e2erayservice/TestUpdateServeConfigAndRayClusterSpec
[Pre] /Users/pawelpaszki/masters/gorts/scripts/cleanup_namespace.sh && kubectl exec -n default $(kubectl get pod -n default -l app.kubernetes.io/name=kuberay -o jsonpath='{.items[0].metadata.name}') -- sh -c 'rm -rf /coverage/*'
[Post] kubectl rollout restart deployment/kuberay-operator -n default && kubectl rollout status deployment/kuberay-operator -n default --timeout=120s && kubectl cp default/$(kubectl get pod -n default -l app.kubernetes.io/name=kuberay -o jsonpath='{.items[0].metadata.name}'):/coverage/. /Users/pawelpaszki/masters/gorts/rq1-experiments/kuberay/.cov/646ef143_9db19f18/coverage/test_e2erayservice/TestUpdateServeConfigAndRayClusterSpec
[Info] ../../rhoai/upstream/kuberay/ray-operator/test/e2erayservice/TestUpdateServeConfigAndRayClusterSpec: pass (48020ms)
[Info] Running: ../../rhoai/upstream/kuberay/ray-operator/test/e2erayservice/TestUpdateServeConfigAndRayClusterSpecWithUpgradeDisabled
[Pre] /Users/pawelpaszki/masters/gorts/scripts/cleanup_namespace.sh && kubectl exec -n default $(kubectl get pod -n default -l app.kubernetes.io/name=kuberay -o jsonpath='{.items[0].metadata.name}') -- sh -c 'rm -rf /coverage/*'
[Post] kubectl rollout restart deployment/kuberay-operator -n default && kubectl rollout status deployment/kuberay-operator -n default --timeout=120s && kubectl cp default/$(kubectl get pod -n default -l app.kubernetes.io/name=kuberay -o jsonpath='{.items[0].metadata.name}'):/coverage/. /Users/pawelpaszki/masters/gorts/rq1-experiments/kuberay/.cov/646ef143_9db19f18/coverage/test_e2erayservice/TestUpdateServeConfigAndRayClusterSpecWithUpgradeDisabled
[Info] ../../rhoai/upstream/kuberay/ray-operator/test/e2erayservice/TestUpdateServeConfigAndRayClusterSpecWithUpgradeDisabled: pass (29754ms)
[Info] Running: ../../rhoai/upstream/kuberay/ray-operator/test/e2erayservice/TestRayServiceBecomesReadyBeforeTimeout
[Pre] /Users/pawelpaszki/masters/gorts/scripts/cleanup_namespace.sh && kubectl exec -n default $(kubectl get pod -n default -l app.kubernetes.io/name=kuberay -o jsonpath='{.items[0].metadata.name}') -- sh -c 'rm -rf /coverage/*'
[Post] kubectl rollout restart deployment/kuberay-operator -n default && kubectl rollout status deployment/kuberay-operator -n default --timeout=120s && kubectl cp default/$(kubectl get pod -n default -l app.kubernetes.io/name=kuberay -o jsonpath='{.items[0].metadata.name}'):/coverage/. /Users/pawelpaszki/masters/gorts/rq1-experiments/kuberay/.cov/646ef143_9db19f18/coverage/test_e2erayservice/TestRayServiceBecomesReadyBeforeTimeout
[Info] ../../rhoai/upstream/kuberay/ray-operator/test/e2erayservice/TestRayServiceBecomesReadyBeforeTimeout: pass (26575ms)
[Info] Running: ../../rhoai/upstream/kuberay/ray-operator/test/e2erayservice/TestRayServiceInitializingTimeoutTerminalFailure
[Pre] /Users/pawelpaszki/masters/gorts/scripts/cleanup_namespace.sh && kubectl exec -n default $(kubectl get pod -n default -l app.kubernetes.io/name=kuberay -o jsonpath='{.items[0].metadata.name}') -- sh -c 'rm -rf /coverage/*'
[Post] kubectl rollout restart deployment/kuberay-operator -n default && kubectl rollout status deployment/kuberay-operator -n default --timeout=120s && kubectl cp default/$(kubectl get pod -n default -l app.kubernetes.io/name=kuberay -o jsonpath='{.items[0].metadata.name}'):/coverage/. /Users/pawelpaszki/masters/gorts/rq1-experiments/kuberay/.cov/646ef143_9db19f18/coverage/test_e2erayservice/TestRayServiceInitializingTimeoutTerminalFailure
[Info] ../../rhoai/upstream/kuberay/ray-operator/test/e2erayservice/TestRayServiceInitializingTimeoutTerminalFailure: pass (31225ms)
[Info] Running: ../../rhoai/upstream/kuberay/ray-operator/test/e2erayservice/TestRedeployRayServe
[Pre] /Users/pawelpaszki/masters/gorts/scripts/cleanup_namespace.sh && kubectl exec -n default $(kubectl get pod -n default -l app.kubernetes.io/name=kuberay -o jsonpath='{.items[0].metadata.name}') -- sh -c 'rm -rf /coverage/*'
[Post] kubectl rollout restart deployment/kuberay-operator -n default && kubectl rollout status deployment/kuberay-operator -n default --timeout=120s && kubectl cp default/$(kubectl get pod -n default -l app.kubernetes.io/name=kuberay -o jsonpath='{.items[0].metadata.name}'):/coverage/. /Users/pawelpaszki/masters/gorts/rq1-experiments/kuberay/.cov/646ef143_9db19f18/coverage/test_e2erayservice/TestRedeployRayServe
[Info] ../../rhoai/upstream/kuberay/ray-operator/test/e2erayservice/TestRedeployRayServe: pass (49554ms)
[Info] Running: ../../rhoai/upstream/kuberay/ray-operator/test/e2erayservice/TestOldHeadPodFailDuringUpgrade
[Pre] /Users/pawelpaszki/masters/gorts/scripts/cleanup_namespace.sh && kubectl exec -n default $(kubectl get pod -n default -l app.kubernetes.io/name=kuberay -o jsonpath='{.items[0].metadata.name}') -- sh -c 'rm -rf /coverage/*'
[Post] kubectl rollout restart deployment/kuberay-operator -n default && kubectl rollout status deployment/kuberay-operator -n default --timeout=120s && kubectl cp default/$(kubectl get pod -n default -l app.kubernetes.io/name=kuberay -o jsonpath='{.items[0].metadata.name}'):/coverage/. /Users/pawelpaszki/masters/gorts/rq1-experiments/kuberay/.cov/646ef143_9db19f18/coverage/test_e2erayservice/TestOldHeadPodFailDuringUpgrade
[Info] ../../rhoai/upstream/kuberay/ray-operator/test/e2erayservice/TestOldHeadPodFailDuringUpgrade: pass (92369ms)
[Info] Running: ../../rhoai/upstream/kuberay/ray-operator/test/e2erayservice/TestRayServiceValidation
[Pre] /Users/pawelpaszki/masters/gorts/scripts/cleanup_namespace.sh && kubectl exec -n default $(kubectl get pod -n default -l app.kubernetes.io/name=kuberay -o jsonpath='{.items[0].metadata.name}') -- sh -c 'rm -rf /coverage/*'
[Post] kubectl rollout restart deployment/kuberay-operator -n default && kubectl rollout status deployment/kuberay-operator -n default --timeout=120s && kubectl cp default/$(kubectl get pod -n default -l app.kubernetes.io/name=kuberay -o jsonpath='{.items[0].metadata.name}'):/coverage/. /Users/pawelpaszki/masters/gorts/rq1-experiments/kuberay/.cov/646ef143_9db19f18/coverage/test_e2erayservice/TestRayServiceValidation
[Info] ../../rhoai/upstream/kuberay/ray-operator/test/e2erayservice/TestRayServiceValidation: pass (6387ms)
[Info] Running: ../../rhoai/upstream/kuberay/ray-operator/test/e2erayservice/TestRayServiceManagedBy
[Pre] /Users/pawelpaszki/masters/gorts/scripts/cleanup_namespace.sh && kubectl exec -n default $(kubectl get pod -n default -l app.kubernetes.io/name=kuberay -o jsonpath='{.items[0].metadata.name}') -- sh -c 'rm -rf /coverage/*'
[Post] kubectl rollout restart deployment/kuberay-operator -n default && kubectl rollout status deployment/kuberay-operator -n default --timeout=120s && kubectl cp default/$(kubectl get pod -n default -l app.kubernetes.io/name=kuberay -o jsonpath='{.items[0].metadata.name}'):/coverage/. /Users/pawelpaszki/masters/gorts/rq1-experiments/kuberay/.cov/646ef143_9db19f18/coverage/test_e2erayservice/TestRayServiceManagedBy
[Info] ../../rhoai/upstream/kuberay/ray-operator/test/e2erayservice/TestRayServiceManagedBy: pass (27831ms)
[Skip] TestZeroDowntimeUpgradeAfterOperatorUpgrade
[Info] Running: ../../rhoai/upstream/kuberay/ray-operator/test/sampleyaml/TestRayCluster
[Pre] /Users/pawelpaszki/masters/gorts/scripts/cleanup_namespace.sh && kubectl exec -n default $(kubectl get pod -n default -l app.kubernetes.io/name=kuberay -o jsonpath='{.items[0].metadata.name}') -- sh -c 'rm -rf /coverage/*'
[Post] kubectl rollout restart deployment/kuberay-operator -n default && kubectl rollout status deployment/kuberay-operator -n default --timeout=120s && kubectl cp default/$(kubectl get pod -n default -l app.kubernetes.io/name=kuberay -o jsonpath='{.items[0].metadata.name}'):/coverage/. /Users/pawelpaszki/masters/gorts/rq1-experiments/kuberay/.cov/646ef143_9db19f18/coverage/test_sampleyaml/TestRayCluster
[Info] ../../rhoai/upstream/kuberay/ray-operator/test/sampleyaml/TestRayCluster: pass (530489ms)
[Info] Running: ../../rhoai/upstream/kuberay/ray-operator/test/sampleyaml/TestRayJob
[Pre] /Users/pawelpaszki/masters/gorts/scripts/cleanup_namespace.sh && kubectl exec -n default $(kubectl get pod -n default -l app.kubernetes.io/name=kuberay -o jsonpath='{.items[0].metadata.name}') -- sh -c 'rm -rf /coverage/*'
[Post] kubectl rollout restart deployment/kuberay-operator -n default && kubectl rollout status deployment/kuberay-operator -n default --timeout=120s && kubectl cp default/$(kubectl get pod -n default -l app.kubernetes.io/name=kuberay -o jsonpath='{.items[0].metadata.name}'):/coverage/. /Users/pawelpaszki/masters/gorts/rq1-experiments/kuberay/.cov/646ef143_9db19f18/coverage/test_sampleyaml/TestRayJob
[Info] ../../rhoai/upstream/kuberay/ray-operator/test/sampleyaml/TestRayJob: pass (168279ms)
[Info] Running: ../../rhoai/upstream/kuberay/ray-operator/test/sampleyaml/TestRayJobInteractiveMode
[Pre] /Users/pawelpaszki/masters/gorts/scripts/cleanup_namespace.sh && kubectl exec -n default $(kubectl get pod -n default -l app.kubernetes.io/name=kuberay -o jsonpath='{.items[0].metadata.name}') -- sh -c 'rm -rf /coverage/*'
[Post] kubectl rollout restart deployment/kuberay-operator -n default && kubectl rollout status deployment/kuberay-operator -n default --timeout=120s && kubectl cp default/$(kubectl get pod -n default -l app.kubernetes.io/name=kuberay -o jsonpath='{.items[0].metadata.name}'):/coverage/. /Users/pawelpaszki/masters/gorts/rq1-experiments/kuberay/.cov/646ef143_9db19f18/coverage/test_sampleyaml/TestRayJobInteractiveMode
[Info] ../../rhoai/upstream/kuberay/ray-operator/test/sampleyaml/TestRayJobInteractiveMode: pass (26085ms)
[Info] Running: ../../rhoai/upstream/kuberay/ray-operator/test/sampleyaml/TestRayService
[Pre] /Users/pawelpaszki/masters/gorts/scripts/cleanup_namespace.sh && kubectl exec -n default $(kubectl get pod -n default -l app.kubernetes.io/name=kuberay -o jsonpath='{.items[0].metadata.name}') -- sh -c 'rm -rf /coverage/*'
[Post] kubectl rollout restart deployment/kuberay-operator -n default && kubectl rollout status deployment/kuberay-operator -n default --timeout=120s && kubectl cp default/$(kubectl get pod -n default -l app.kubernetes.io/name=kuberay -o jsonpath='{.items[0].metadata.name}'):/coverage/. /Users/pawelpaszki/masters/gorts/rq1-experiments/kuberay/.cov/646ef143_9db19f18/coverage/test_sampleyaml/TestRayService
[Info] ../../rhoai/upstream/kuberay/ray-operator/test/sampleyaml/TestRayService: pass (98163ms)
[Info] Saved baseline to /Users/pawelpaszki/masters/gorts/rq1-experiments/kuberay/.cov/646ef143_9db19f18/baseline.json

==================================================
Baseline Complete!
Tests: 50 passed, 0 failed, 50 total
Duration: 7659227ms
Output: /Users/pawelpaszki/masters/gorts/rq1-experiments/kuberay/.cov/646ef143_9db19f18/baseline.json
Coverage: /Users/pawelpaszki/masters/gorts/rq1-experiments/kuberay/.cov/646ef143_9db19f18/coverage
==================================================